Running: vercel deploy --prod --yes --cwd /Users/lekan/Dev/glass-projects-lab/deployments/glasslab-7-aero-stylesheet-main-7-aero-stylesheet-main
CWD: /Users/lekan/Dev/glass-projects-lab/deployments/glasslab-7-aero-stylesheet-main-7-aero-stylesheet-main
----------------------------------------
Loading scopes…
Searching for existing projects…
> No framework detected. Default Project Settings:

- Build Command: `npm run vercel-build` or `npm run build`
- Development Command: None
- Install Command: `yarn install`, `pnpm install`, `npm install`, or `bun install`
- Output Directory: `public` if it exists, or `.`
Linked to lekandigitals-projects/glasslab-7-aero-stylesheet-main-7-aero-stylesheet-main (created .vercel and added it to .gitignore)
Deploying lekandigitals-projects/glasslab-7-aero-stylesheet-main-7-aero-stylesheet-main
Inspect: https://vercel.com/lekandigitals-projects/glasslab-7-aero-stylesheet-main-7-aero-stylesheet-main/Gb8TC6D5iLcSeUxnCUAqTmRCaFGB [1s]
Production: https://glasslab-7-aero-stylesheet-main-7-aero-stylesheet-li05qelm0.vercel.app [1s]
https://glasslab-7-aero-stylesheet-main-7-aero-stylesheet-li05qelm0.vercel.appBuilding...
Building...
Building: Running build in Washington, D.C., USA (East) – iad1
Building: Build machine configuration: 2 cores, 8 GB
Building: Retrieving list of deployment files...
Building: Previous build caches not available.
[2K[1A[2K[GProduction: https://glasslab-7-aero-stylesheet-main-7-aero-stylesheet-li05qelm0.vercel.app [4s]
Completing...
Aliased: https://glasslab-7-aero-stylesheet-main-7-a.vercel.app [4s]
