
Running: npm install
CWD: /Users/lekan/Dev/glass-projects-lab/deployments/glasslab-frontend-projects-main-frontend-projects-main-vuetify-project
----------------------------------------

added 344 packages, and audited 345 packages in 3s

106 packages are looking for funding
  run `npm fund` for details

15 vulnerabilities (3 low, 5 moderate, 7 high)

To address all issues, run:
  npm audit fix

Run `npm audit` for details.

Running: npm run build
CWD: /Users/lekan/Dev/glass-projects-lab/deployments/glasslab-frontend-projects-main-frontend-projects-main-vuetify-project
----------------------------------------

> vuetify-project@0.0.0 build
> vite build

vite v6.3.5 building for production...
transforming...
✓ 239 modules transformed.
rendering chunks...
computing gzip size...
dist/index.html                                             1.24 kB │ gzip:  0.53 kB
dist/assets/logo-DtuIbWiQ.png                              11.96 kB
dist/assets/materialdesignicons-webfont-Dp5v-WZN.woff2    403.22 kB
dist/assets/materialdesignicons-webfont-PXm3-2wK.woff     587.98 kB
dist/assets/materialdesignicons-webfont-B7mPwVP_.ttf    1,307.66 kB
dist/assets/materialdesignicons-webfont-CSr8KVlo.eot    1,307.88 kB
dist/assets/VParallax-9hOxaNiG.css                          0.10 kB │ gzip:  0.11 kB
dist/assets/index-DY02y3C8.css                              0.38 kB │ gzip:  0.22 kB
dist/assets/VMain-B1JVUNw1.css                              0.53 kB │ gzip:  0.26 kB
dist/assets/homepage_second-B07QgQE8.css                    0.71 kB │ gzip:  0.29 kB
dist/assets/dimensions-CqbtZd5K.css                         0.93 kB │ gzip:  0.39 kB
dist/assets/default-STvHEzSq.css                            1.04 kB │ gzip:  0.46 kB
dist/assets/homepage_third-CeDWdmze.css                     3.29 kB │ gzip:  1.10 kB
dist/assets/VRow-C1yt39Ce.css                              24.60 kB │ gzip:  4.14 kB
dist/assets/AppHeader-BmpGo76T.css                         39.18 kB │ gzip:  6.09 kB
dist/assets/index-D4KOyldm.css                            575.10 kB │ gzip: 81.83 kB
dist/assets/_plugin-vue_export-helper-DlAUqK2U.js           0.09 kB │ gzip:  0.10 kB
dist/assets/VMain-Cp3ZEKoq.js                               0.88 kB │ gzip:  0.52 kB
dist/assets/VParallax-BSCdIfFn.js                           1.99 kB │ gzip:  1.05 kB
dist/assets/index-iKJDk17z.js                               2.36 kB │ gzip:  1.13 kB
dist/assets/dimensions-D-fj8z9C.js                          3.83 kB │ gzip:  1.61 kB
dist/assets/default-UlDQNXgg.js                             3.98 kB │ gzip:  1.99 kB
dist/assets/homepage_third-De7E1IMs.js                      4.66 kB │ gzip:  1.87 kB
dist/assets/homepage_second-BBNQYliG.js                     8.06 kB │ gzip:  2.34 kB
dist/assets/homepage_first-BJbWz2s0.js                      8.25 kB │ gzip:  2.27 kB
dist/assets/VRow-8hd1VI7G.js                               28.96 kB │ gzip:  9.38 kB
dist/assets/AppHeader-AnfIciQd.js                          70.13 kB │ gzip: 21.98 kB
dist/assets/index-BcQJI80D.js                             148.75 kB │ gzip: 57.13 kB
✓ built in 995ms
