
Running: npm install
CWD: /Users/lekan/Dev/glass-projects-lab/deployments/glasslab-glass-refraction-master-1-glass-refraction-master
----------------------------------------

added 54 packages, and audited 55 packages in 797ms

6 packages are looking for funding
  run `npm fund` for details

3 vulnerabilities (1 low, 2 high)

To address all issues, run:
  npm audit fix

Run `npm audit` for details.

Running: npm run build
CWD: /Users/lekan/Dev/glass-projects-lab/deployments/glasslab-glass-refraction-master-1-glass-refraction-master
----------------------------------------

> glass-refraction@0.1.0 build
> tsup

CLI Building entry: src/index.ts
CLI Using tsconfig: tsconfig.json
CLI tsup v8.5.1
CLI Using tsup config: /Users/lekan/Dev/glass-projects-lab/deployments/glasslab-glass-refraction-master-1-glass-refraction-master/tsup.config.ts
CLI Building entry: src/css/glass.css
CLI Using tsconfig: tsconfig.json
CLI tsup v8.5.1
CLI Using tsup config: /Users/lekan/Dev/glass-projects-lab/deployments/glasslab-glass-refraction-master-1-glass-refraction-master/tsup.config.ts
CLI Target: es2020
CLI Target: es2020
CJS Build start
CLI Cleaning output folder
ESM Build start
CJS Build start
CJS dist/css/glass.css 5.17 KB
CJS ⚡️ Build success in 14ms
ESM dist/index.js      4.29 KB
ESM dist/index.css     5.21 KB
ESM dist/index.js.map  8.97 KB
ESM dist/index.css.map 10.97 KB
ESM ⚡️ Build success in 14ms
CJS dist/index.cjs     5.83 KB
CJS dist/index.css     5.21 KB
CJS dist/index.cjs.map 9.18 KB
CJS dist/index.css.map 10.97 KB
CJS ⚡️ Build success in 14ms
DTS Build start
DTS ⚡️ Build success in 287ms
DTS dist/index.d.ts  3.09 KB
DTS dist/index.d.cts 3.09 KB
