Running: vercel deploy --prod --yes --cwd /Users/lekan/Dev/glass-projects-lab/deployments/glasslab-liquid-glass-4-liquid-glass-src --name glasslab-liquid-glass-4-liquid-glass-src
CWD: /Users/lekan/Dev/glass-projects-lab/deployments/glasslab-liquid-glass-4-liquid-glass-src
----------------------------------------
The "--name" option is deprecated (https://vercel.link/name-flag)
Loading scopes…
Searching for existing projects…
> No framework detected. Default Project Settings:

- Build Command: `npm run vercel-build` or `npm run build`
- Development Command: None
- Install Command: `yarn install`, `pnpm install`, `npm install`, or `bun install`
- Output Directory: `public` if it exists, or `.`
Linked to lekandigitals-projects/glasslab-liquid-glass-4-liquid-glass-src (created .vercel and added it to .gitignore)
Deploying lekandigitals-projects/glasslab-liquid-glass-4-liquid-glass-src
Uploading [--------------------] (0.0B/4.9KB)
Uploading [=====---------------] (1.4KB/4.9KB)
Uploading [==========----------] (2.5KB/4.9KB)
Uploading [====================] (4.9KB/4.9KB)
Inspect: https://vercel.com/lekandigitals-projects/glasslab-liquid-glass-4-liquid-glass-src/FgCvSavx5iZy8aXWD8tPx5ioG254 [2s]
Production: https://glasslab-liquid-glass-4-liquid-glass-9hnpufmxb.vercel.app [2s]
https://glasslab-liquid-glass-4-liquid-glass-9hnpufmxb.vercel.appBuilding...
Building: Running build in Washington, D.C., USA (East) – iad1
Building: Build machine configuration: 2 cores, 8 GB
Building: Retrieving list of deployment files...
Building: Previous build caches not available.
Building: Downloading 5 deployment files...
Building: Running "vercel build"
Building: Running "vercel build"
Building: Vercel CLI 55.0.0
Building: Build Completed in /vercel/output [24ms]
[2K[1A[2K[GProduction: https://glasslab-liquid-glass-4-liquid-glass-9hnpufmxb.vercel.app [6s]
Completing...
Aliased: https://glasslab-liquid-glass-4-liquid-glas.vercel.app [7s]
