Running: vercel deploy --prod --yes --cwd /Users/lekan/Dev/glass-projects-lab/deployments/glasslab-liquid-glass-cubiq-liquid-glass-cubiq-src --name glasslab-liquid-glass-cubiq-liquid-glass-cubiq-src
CWD: /Users/lekan/Dev/glass-projects-lab/deployments/glasslab-liquid-glass-cubiq-liquid-glass-cubiq-src
----------------------------------------
The "--name" option is deprecated (https://vercel.link/name-flag)
Loading scopes…
Searching for existing projects…
> No framework detected. Default Project Settings:

- Build Command: `npm run vercel-build` or `npm run build`
- Development Command: None
- Install Command: `yarn install`, `pnpm install`, `npm install`, or `bun install`
- Output Directory: `public` if it exists, or `.`
Linked to lekandigitals-projects/glasslab-liquid-glass-cubiq-liquid-glass-cubiq-src (created .vercel and added it to .gitignore)
Deploying lekandigitals-projects/glasslab-liquid-glass-cubiq-liquid-glass-cubiq-src
Uploading [--------------------] (0.0B/49.9KB)
Uploading [=======-------------] (18.9KB/49.9KB)
Uploading [=============-------] (34.9KB/49.9KB)
Uploading [===================-] (48.7KB/49.9KB)
Uploading [====================] (49.9KB/49.9KB)
Inspect: https://vercel.com/lekandigitals-projects/glasslab-liquid-glass-cubiq-liquid-glass-cubiq-src/G32tCkHieSVnf7NkYL4vhzLopV5k [2s]
Production: https://glasslab-liquid-glass-cubiq-liquid-glass-cubiq-8oltzh1ot.vercel.app [2s]
https://glasslab-liquid-glass-cubiq-liquid-glass-cubiq-8oltzh1ot.vercel.appBuilding...
Building...
[2K[1A[2K[GProduction: https://glasslab-liquid-glass-cubiq-liquid-glass-cubiq-8oltzh1ot.vercel.app [5s]
Completing...
Aliased: https://glasslab-liquid-glass-cubiq-liquid.vercel.app [5s]
