Running: vercel deploy --prod --yes --cwd /Users/lekan/Dev/glass-projects-lab/deployments/glasslab-liquid-glass-2-liquid-glass-src --name glasslab-liquid-glass-2-liquid-glass-src
CWD: /Users/lekan/Dev/glass-projects-lab/deployments/glasslab-liquid-glass-2-liquid-glass-src
----------------------------------------
The "--name" option is deprecated (https://vercel.link/name-flag)
Loading scopes…
Searching for existing projects…
> No framework detected. Default Project Settings:

- Build Command: `npm run vercel-build` or `npm run build`
- Development Command: None
- Install Command: `yarn install`, `pnpm install`, `npm install`, or `bun install`
- Output Directory: `public` if it exists, or `.`
Linked to lekandigitals-projects/glasslab-liquid-glass-2-liquid-glass-src (created .vercel and added it to .gitignore)
Deploying lekandigitals-projects/glasslab-liquid-glass-2-liquid-glass-src
Uploading [--------------------] (0.0B/34.5KB)
Uploading [=========-----------] (16.2KB/34.5KB)
Uploading [==================--] (32.2KB/34.5KB)
Uploading [==================--] (32.7KB/34.5KB)
Uploading [====================] (34.5KB/34.5KB)
Inspect: https://vercel.com/lekandigitals-projects/glasslab-liquid-glass-2-liquid-glass-src/3doeEj6GD9VDFY1tyxRMvheUdRfg [2s]
Production: https://glasslab-liquid-glass-2-liquid-glass-aro9uflk5.vercel.app [2s]
https://glasslab-liquid-glass-2-liquid-glass-aro9uflk5.vercel.appBuilding...
Building...
Building: Running build in Washington, D.C., USA (East) – iad1
Building: Build machine configuration: 2 cores, 8 GB
Building: Retrieving list of deployment files...
Building: Previous build caches not available.
Building: Downloading 4 deployment files...
Building: Running "vercel build"
Building: Vercel CLI 55.0.0
[2K[1A[2K[GProduction: https://glasslab-liquid-glass-2-liquid-glass-aro9uflk5.vercel.app [5s]
Completing...
Aliased: https://glasslab-liquid-glass-2-liquid-glas.vercel.app [5s]
