
Running: vercel deploy --prod --yes --cwd /Users/lekan/Dev/glass-projects-lab/deployments/glasslab-glassmorphism-main-glassmorphism-main --name glasslab-glassmorphism-main-glassmorphism-main
CWD: /Users/lekan/Dev/glass-projects-lab/deployments/glasslab-glassmorphism-main-glassmorphism-main
----------------------------------------
The "--name" option is deprecated (https://vercel.link/name-flag)
Loading scopes…
Searching for existing projects…
Linked to lekandigitals-projects/glasslab-glassmorphism-main-glassmorphism-main (created .vercel and added it to .gitignore)
Deploying lekandigitals-projects/glasslab-glassmorphism-main-glassmorphism-main
Inspect: https://vercel.com/lekandigitals-projects/glasslab-glassmorphism-main-glassmorphism-main/64y2tkGTaSbFExfrRRkPYL5ES6Bj [990ms]
Production: https://glasslab-glassmorphism-main-glassmorphism-main-16mkuhz11.vercel.app [990ms]
https://glasslab-glassmorphism-main-glassmorphism-main-16mkuhz11.vercel.appBuilding...
Building...
Building: Running build in Washington, D.C., USA (East) – iad1
Building: Build machine configuration: 2 cores, 8 GB
Building: Retrieving list of deployment files...
Building: Previous build caches not available.
Building: Downloading 20 deployment files...
[2K[1A[2K[GProduction: https://glasslab-glassmorphism-main-glassmorphism-main-16mkuhz11.vercel.app [4s]
Completing...
Aliased: https://glasslab-glassmorphism-main-glassmo.vercel.app [4s]
