
Running: npm install
CWD: /Users/lekan/Dev/glass-projects-lab/deployments/glasslab-frontend-projects-main-frontend-projects-main-advanced-javascript-class-word-guess-game-app
----------------------------------------

up to date, audited 1488 packages in 1s

235 packages are looking for funding
  run `npm fund` for details

66 vulnerabilities (15 low, 21 moderate, 27 high, 3 critical)

To address issues that do not require attention, run:
  npm audit fix

To address all issues (including breaking changes), run:
  npm audit fix --force

Run `npm audit` for details.

Running: npm run build
CWD: /Users/lekan/Dev/glass-projects-lab/deployments/glasslab-frontend-projects-main-frontend-projects-main-advanced-javascript-class-word-guess-game-app
----------------------------------------

> app@0.1.0 build
> react-scripts build

Creating an optimized production build...
Browserslist: caniuse-lite is outdated. Please run:
  npx update-browserslist-db@latest
  Why you should do it regularly: https://github.com/browserslist/update-db#readme
Browserslist: caniuse-lite is outdated. Please run:
  npx update-browserslist-db@latest
  Why you should do it regularly: https://github.com/browserslist/update-db#readme
Compiled with warnings.

[eslint] 
src/components/Game.js
  Line 1:17:   'useEffect' is defined but never used          no-unused-vars
  Line 4:10:   'LOGIN_API' is defined but never used          no-unused-vars
  Line 12:17:  'setWin' is assigned a value but never used    no-unused-vars
  Line 13:12:  'lost' is assigned a value but never used      no-unused-vars
  Line 13:18:  'setLost' is assigned a value but never used   no-unused-vars
  Line 27:15:  'response' is assigned a value but never used  no-unused-vars

Search for the keywords to learn more about each warning.
To ignore, add // eslint-disable-next-line to the line before.

File sizes after gzip:

  49.64 kB  build/static/js/main.26e5d25a.js
  2.95 kB   build/static/css/main.b54c2dd8.css

The project was built assuming it is hosted at /.
You can control this with the homepage field in your package.json.

The build folder is ready to be deployed.
You may serve it with a static server:

  npm install -g serve
  serve -s build

Find out more about deployment here:

  https://cra.link/deployment

