
Running: vercel deploy --prod --yes --cwd /Users/lekan/Dev/glass-projects-lab/deployments/glasslab-glass-like-css-1-glass-like-css-src --name glasslab-glass-like-css-1-glass-like-css-src
CWD: /Users/lekan/Dev/glass-projects-lab/deployments/glasslab-glass-like-css-1-glass-like-css-src
----------------------------------------
The "--name" option is deprecated (https://vercel.link/name-flag)
Retrieving project…
Deploying lekandigitals-projects/glasslab-glass-like-css-1-glass-like-css-src
Inspect: https://vercel.com/lekandigitals-projects/glasslab-glass-like-css-1-glass-like-css-src/2coDGHYxMhfb6uRWPdp5kPaGtMjV [982ms]
Production: https://glasslab-glass-like-css-1-glass-like-css-qmupejbuv.vercel.app [982ms]
https://glasslab-glass-like-css-1-glass-like-css-qmupejbuv.vercel.appBuilding...
Building...
Building: Running build in Washington, D.C., USA (East) – iad1
Building: Build machine configuration: 2 cores, 8 GB
Building: Retrieving list of deployment files...
Building: Previous build caches not available.
Building: Downloading 8 deployment files...
Building: Running "vercel build"
Building: Vercel CLI 55.0.0
[2K[1A[2K[GProduction: https://glasslab-glass-like-css-1-glass-like-css-qmupejbuv.vercel.app [4s]
Completing...
Aliased: https://glasslab-glass-like-css-1-glass-lik.vercel.app [4s]
