Running: vercel deploy --prod --yes --cwd /Users/lekan/Dev/glass-projects-lab/deployments/glasslab-7-css-main-7-css-main
CWD: /Users/lekan/Dev/glass-projects-lab/deployments/glasslab-7-css-main-7-css-main
----------------------------------------
Loading scopes…
Searching for existing projects…
> No framework detected. Default Project Settings:

- Build Command: `npm run vercel-build` or `npm run build`
- Development Command: None
- Install Command: `yarn install`, `pnpm install`, `npm install`, or `bun install`
- Output Directory: `public` if it exists, or `.`
Linked to lekandigitals-projects/glasslab-7-css-main-7-css-main (created .vercel and added it to .gitignore)
Deploying lekandigitals-projects/glasslab-7-css-main-7-css-main
Uploading [--------------------] (0.0B/770.3KB)
Uploading [=====---------------] (194.0KB/770.3KB)
Uploading [==========----------] (393.3KB/770.3KB)
Uploading [===============-----] (585.1KB/770.3KB)
Uploading [====================] (770.3KB/770.3KB)
Inspect: https://vercel.com/lekandigitals-projects/glasslab-7-css-main-7-css-main/5755cpn9aewn8r1g34v2KPjotx3F [3s]
Production: https://glasslab-7-css-main-7-css-main-k7mrlyyfc-lekandigitals-projects.vercel.app [3s]
https://glasslab-7-css-main-7-css-main-k7mrlyyfc-lekandigitals-projects.vercel.appBuilding...
Building...
Building: Running build in Washington, D.C., USA (East) – iad1
Building: Build machine configuration: 2 cores, 8 GB
Building: Retrieving list of deployment files...
Building: Previous build caches not available.
Building: Downloading 120 deployment files...
Building: Running "vercel build"
Building: Vercel CLI 55.0.0
Building: Build Completed in /vercel/output [166ms]
Building: Deploying outputs...
[2K[1A[2K[GProduction: https://glasslab-7-css-main-7-css-main-k7mrlyyfc-lekandigitals-projects.vercel.app [9s]
Completing...
Aliased: https://glasslab-7-css-main-7-css-main.vercel.app [9s]
