Running: npm run build
CWD: /Users/lekan/Dev/glass-projects-lab/deployments/glasslab-frontend-projects-main-frontend-projects-main-tictactoe/Frontend-Projects-main/tictactoe
----------------------------------------

> tictactoe@0.1.0 build
> react-scripts build

Creating an optimized production build...
Browserslist: caniuse-lite is outdated. Please run:
  npx update-browserslist-db@latest
  Why you should do it regularly: https://github.com/browserslist/update-db#readme
Browserslist: caniuse-lite is outdated. Please run:
  npx update-browserslist-db@latest
  Why you should do it regularly: https://github.com/browserslist/update-db#readme
Compiled with warnings.

[eslint] 
src/Components/Game.jsx
  Line 14:19:  'cells' is assigned a value but never used    no-unused-vars
  Line 15:19:  'player1' is assigned a value but never used  no-unused-vars
  Line 16:19:  'player2' is assigned a value but never used  no-unused-vars

Search for the keywords to learn more about each warning.
To ignore, add // eslint-disable-next-line to the line before.

File sizes after gzip:

  46.72 kB  build/static/js/main.8e6adebe.js
  1.78 kB   build/static/js/787.6b0bed1b.chunk.js
  500 B     build/static/css/main.97eaa6d5.css

The project was built assuming it is hosted at /.
You can control this with the homepage field in your package.json.

The build folder is ready to be deployed.
You may serve it with a static server:

  npm install -g serve
  serve -s build

Find out more about deployment here:

  https://cra.link/deployment

