
Running: pnpm install
CWD: /Users/lekan/Dev/glass-projects-lab/deployments/glasslab-liquid-dom-master-1-liquid-dom-master-demo-three-layout
----------------------------------------
Scope: all 13 workspace projects
Lockfile is up to date, resolution step is skipped
Progress: resolved 1, reused 0, downloaded 0, added 0
Packages: +332
++++++++++++++++++++++++++++++++++++++++++++++++++++++++++++++++++++++++++++++++
Progress: resolved 332, reused 330, downloaded 0, added 331
Progress: resolved 332, reused 330, downloaded 0, added 332, done

devDependencies:
+ @changesets/cli 2.31.0

╭ Warning ─────────────────────────────────────────────────────────────────────╮
│                                                                              │
│   Ignored build scripts: esbuild@0.27.7.                                     │
│   Run "pnpm approve-builds" to pick which dependencies should be allowed     │
│   to run scripts.                                                            │
│                                                                              │
╰──────────────────────────────────────────────────────────────────────────────╯
Done in 1.5s using pnpm v10.33.0

Running: pnpm run build
CWD: /Users/lekan/Dev/glass-projects-lab/deployments/glasslab-liquid-dom-master-1-liquid-dom-master-demo-three-layout
----------------------------------------

> liquid-dom@ build /Users/lekan/Dev/glass-projects-lab/deployments/glasslab-liquid-dom-master-1-liquid-dom-master-demo-three-layout
> pnpm -r build

Scope: 12 of 13 workspace projects
packages/layout build$ tsup
packages/layout build: CLI Building entry: {"index":"src/index.ts","animation":"src/animation.ts","dom":"src/dom.ts"}
packages/layout build: CLI Using tsconfig: tsconfig.json
packages/layout build: CLI tsup v8.5.1
packages/layout build: CLI Using tsup config: /Users/lekan/Dev/glass-projects-lab/deployments/glasslab-liquid-dom-master-1-liquid-dom-master-demo-three-layout/packages/layout/tsup.config.ts
packages/layout build: CLI Target: es2022
packages/layout build: CLI Cleaning output folder
packages/layout build: ESM Build start
packages/layout build: CJS Build start
packages/layout build: CJS dist/animation.cjs     16.82 KB
packages/layout build: CJS dist/index.cjs         31.50 KB
packages/layout build: CJS dist/dom.cjs           14.06 KB
packages/layout build: CJS dist/animation.cjs.map 32.01 KB
packages/layout build: CJS dist/index.cjs.map     62.49 KB
packages/layout build: CJS dist/dom.cjs.map       48.45 KB
packages/layout build: CJS ⚡️ Build success in 15ms
packages/layout build: ESM dist/dom.js                6.39 KB
packages/layout build: ESM dist/animation.js          15.65 KB
packages/layout build: ESM dist/index.js              5.98 KB
packages/layout build: ESM dist/chunk-I3UOQREZ.js     24.77 KB
packages/layout build: ESM dist/dom.js.map            11.63 KB
packages/layout build: ESM dist/index.js.map          11.04 KB
packages/layout build: ESM dist/chunk-I3UOQREZ.js.map 50.62 KB
packages/layout build: ESM dist/animation.js.map      31.94 KB
packages/layout build: ESM ⚡️ Build success in 16ms
packages/layout build: DTS Build start
packages/layout build: DTS ⚡️ Build success in 820ms
packages/layout build: DTS dist/index.d.ts             1.78 KB
packages/layout build: DTS dist/animation.d.ts         4.10 KB
packages/layout build: DTS dist/dom.d.ts               1.14 KB
packages/layout build: DTS dist/layouts-BPaNnZlx.d.ts  10.42 KB
packages/layout build: DTS dist/index.d.cts            1.78 KB
packages/layout build: DTS dist/animation.d.cts        4.10 KB
packages/layout build: DTS dist/dom.d.cts              1.14 KB
packages/layout build: DTS dist/layouts-BPaNnZlx.d.cts 10.42 KB
packages/layout build: Done
demo/three-layout build$ tsc -b && vite build
packages/core build$ tsup
packages/core build: CLI Building entry: {"index":"src/index.ts","layout":"src/layout.ts"}
packages/core build: CLI Using tsconfig: tsconfig.json
packages/core build: CLI tsup v8.5.1
packages/core build: CLI Using tsup config: /Users/lekan/Dev/glass-projects-lab/deployments/glasslab-liquid-dom-master-1-liquid-dom-master-demo-three-layout/packages/core/tsup.config.ts
packages/core build: CLI Target: es2022
packages/core build: CLI Cleaning output folder
packages/core build: ESM Build start
packages/core build: CJS Build start
packages/core build: ESM dist/chunk-QAAGGT74.js     36.94 KB
packages/core build: ESM dist/index.js              144.40 KB
packages/core build: ESM dist/layout.js             26.80 KB
packages/core build: ESM dist/chunk-QAAGGT74.js.map 74.01 KB
packages/core build: ESM dist/layout.js.map         56.27 KB
packages/core build: ESM dist/index.js.map          252.47 KB
packages/core build: ESM ⚡️ Build success in 25ms
packages/core build: CJS dist/layout.cjs     48.65 KB
packages/core build: CJS dist/index.cjs      180.49 KB
packages/core build: CJS dist/layout.cjs.map 116.10 KB
packages/core build: CJS dist/index.cjs.map  326.27 KB
packages/core build: CJS ⚡️ Build success in 25ms
packages/core build: DTS Build start
packages/core build: DTS ⚡️ Build success in 809ms
packages/core build: DTS dist/index.d.ts            12.57 KB
packages/core build: DTS dist/layout.d.ts           14.48 KB
packages/core build: DTS dist/events-BwRQf25A.d.ts  23.24 KB
packages/core build: DTS dist/index.d.cts           12.58 KB
packages/core build: DTS dist/layout.d.cts          14.48 KB
packages/core build: DTS dist/events-BwRQf25A.d.cts 23.24 KB
packages/core build: Done
demo/three-layout build: vite v8.0.10 building client environment for production...
demo/three-layout build: [2K
demo/three-layout build: transforming...✓ 30 modules transformed.
demo/three-layout build: rendering chunks...
demo/three-layout build: computing gzip size...
demo/three-layout build: dist/index.html                                          0.50 kB │ gzip:   0.32 kB
demo/three-layout build: dist/assets/droid_sans_regular.typeface-C0hZ-1th.json  319.89 kB │ gzip: 103.60 kB
demo/three-layout build: dist/assets/index-CoK9TgjF.css                           0.50 kB │ gzip:   0.30 kB
demo/three-layout build: dist/assets/index-B8eYSyTz.js                          589.36 kB │ gzip: 153.89 kB
demo/three-layout build: ✓ built in 360ms
demo/three-layout build: [plugin builtin:vite-reporter] 
demo/three-layout build: (!) Some chunks are larger than 500 kB after minification. Consider:
demo/three-layout build: - Using dynamic import() to code-split the application
demo/three-layout build: - Use build.rolldownOptions.output.codeSplitting to improve chunking: https://rolldown.rs/reference/OutputOptions.codeSplitting
demo/three-layout build: - Adjust chunk size limit for this warning via build.chunkSizeWarningLimit.
demo/three-layout build: Done
packages/react build$ tsup
packages/three build$ tsup
packages/react build: CLI Building entry: {"index":"src/index.ts"}
packages/react build: CLI Using tsconfig: tsconfig.json
packages/react build: CLI tsup v8.5.1
packages/react build: CLI Using tsup config: /Users/lekan/Dev/glass-projects-lab/deployments/glasslab-liquid-dom-master-1-liquid-dom-master-demo-three-layout/packages/react/tsup.config.ts
packages/react build: CLI Target: es2022
packages/react build: CLI Cleaning output folder
packages/react build: ESM Build start
packages/react build: CJS Build start
packages/react build: CJS dist/index.cjs     30.87 KB
packages/react build: CJS dist/index.cjs.map 53.70 KB
packages/react build: CJS ⚡️ Build success in 11ms
packages/react build: ESM dist/index.js     28.11 KB
packages/react build: ESM dist/index.js.map 52.68 KB
packages/react build: ESM ⚡️ Build success in 11ms
packages/three build: CLI Building entry: {"index":"src/index.ts"}
packages/three build: CLI Using tsconfig: tsconfig.json
packages/three build: CLI tsup v8.5.1
packages/three build: CLI Using tsup config: /Users/lekan/Dev/glass-projects-lab/deployments/glasslab-liquid-dom-master-1-liquid-dom-master-demo-three-layout/packages/three/tsup.config.ts
packages/three build: CLI Target: es2022
packages/three build: CLI Cleaning output folder
packages/three build: ESM Build start
packages/three build: CJS Build start
packages/three build: CJS dist/index.cjs     6.45 KB
packages/three build: CJS dist/index.cjs.map 11.13 KB
packages/three build: CJS ⚡️ Build success in 7ms
packages/three build: ESM dist/index.js     5.15 KB
packages/three build: ESM dist/index.js.map 11.11 KB
packages/three build: ESM ⚡️ Build success in 7ms
packages/react build: DTS Build start
packages/three build: DTS Build start
packages/react build: DTS ⚡️ Build success in 435ms
packages/react build: DTS dist/index.d.ts  10.16 KB
packages/react build: DTS dist/index.d.cts 10.16 KB
packages/react build: Done
packages/three build: DTS ⚡️ Build success in 382ms
packages/three build: DTS dist/index.d.ts  3.55 KB
packages/three build: DTS dist/index.d.cts 3.55 KB
packages/three build: Done
demo/minimal build$ tsc -b && vite build
demo/blending build$ tsc -b && vite build
demo/three build$ tsc -b && vite build
demo/three-react build$ tsc -b && vite build
demo/three build: vite v8.0.10 building client environment for production...
demo/three build: [2K
demo/three build: transforming...✓ 11 modules transformed.
demo/three build: rendering chunks...
demo/three build: computing gzip size...
demo/three build: dist/index.html                   1.06 kB │ gzip:   0.47 kB
demo/three build: dist/assets/index-XxG2fV-J.css    1.35 kB │ gzip:   0.57 kB
demo/three build: dist/assets/index-D4oXl0Mc.js   823.14 kB │ gzip: 224.29 kB
demo/three build: ✓ built in 160ms
demo/three build: [plugin builtin:vite-reporter] 
demo/three build: (!) Some chunks are larger than 500 kB after minification. Consider:
demo/three build: - Using dynamic import() to code-split the application
demo/three build: - Use build.rolldownOptions.output.codeSplitting to improve chunking: https://rolldown.rs/reference/OutputOptions.codeSplitting
demo/three build: - Adjust chunk size limit for this warning via build.chunkSizeWarningLimit.
demo/three build: Done
packages/r3f build$ tsup
demo/blending build: vite v8.0.10 building client environment for production...
demo/blending build: [2K
demo/blending build: transforming...✓ 99 modules transformed.
demo/blending build: rendering chunks...
demo/three-react build: vite v8.0.10 building client environment for production...
demo/three-react build: [2K
demo/blending build: computing gzip size...
demo/blending build: dist/index.html                   0.41 kB │ gzip:   0.27 kB
demo/blending build: dist/assets/index-CZg1bfPe.css    6.05 kB │ gzip:   1.51 kB
demo/blending build: dist/assets/index-DtbFCeEQ.js   520.93 kB │ gzip: 162.30 kB
demo/blending build: [plugin builtin:vite-reporter] 
demo/blending build: (!) Some chunks are larger than 500 kB after minification. Consider:
demo/blending build: - Using dynamic import() to code-split the application
demo/blending build: - Use build.rolldownOptions.output.codeSplitting to improve chunking: https://rolldown.rs/reference/OutputOptions.codeSplitting
demo/blending build: - Adjust chunk size limit for this warning via build.chunkSizeWarningLimit.
demo/blending build: ✓ built in 126ms
demo/blending build: Done
demo/three-react build: transforming...✓ 27 modules transformed.
demo/three-react build: rendering chunks...
demo/three-react build: computing gzip size...
demo/three-react build: dist/index.html                     0.42 kB │ gzip:   0.28 kB
demo/three-react build: dist/assets/index-t6Ssdg1x.css      1.51 kB │ gzip:   0.64 kB
demo/three-react build: dist/assets/index-D4PPBSwW.js   1,058.38 kB │ gzip: 295.72 kB
demo/three-react build: ✓ built in 165ms
demo/three-react build: [plugin builtin:vite-reporter] 
demo/three-react build: (!) Some chunks are larger than 500 kB after minification. Consider:
demo/three-react build: - Using dynamic import() to code-split the application
demo/three-react build: - Use build.rolldownOptions.output.codeSplitting to improve chunking: https://rolldown.rs/reference/OutputOptions.codeSplitting
demo/three-react build: - Adjust chunk size limit for this warning via build.chunkSizeWarningLimit.
demo/three-react build: Done
demo/minimal build: vite v8.0.8 building client environment for production...
demo/minimal build: [2K
demo/minimal build: transforming...✓ 104 modules transformed.
demo/minimal build: rendering chunks...
demo/minimal build: computing gzip size...
demo/minimal build: dist/index.html                   0.41 kB │ gzip:   0.27 kB
demo/minimal build: dist/assets/index-CKvc2yXc.css   20.02 kB │ gzip:   4.82 kB
demo/minimal build: dist/assets/index-BabxXJDV.js   582.73 kB │ gzip: 175.98 kB
demo/minimal build: [plugin builtin:vite-reporter] 
demo/minimal build: (!) Some chunks are larger than 500 kB after minification. Consider:
demo/minimal build: - Using dynamic import() to code-split the application
demo/minimal build: - Use build.rolldownOptions.output.codeSplitting to improve chunking: https://rolldown.rs/reference/OutputOptions.codeSplitting
demo/minimal build: - Adjust chunk size limit for this warning via build.chunkSizeWarningLimit.
demo/minimal build: ✓ built in 109ms
demo/minimal build: Done
packages/r3f build: CLI Building entry: {"index":"src/index.tsx"}
packages/r3f build: CLI Using tsconfig: tsconfig.json
packages/r3f build: CLI tsup v8.5.1
packages/r3f build: CLI Using tsup config: /Users/lekan/Dev/glass-projects-lab/deployments/glasslab-liquid-dom-master-1-liquid-dom-master-demo-three-layout/packages/r3f/tsup.config.ts
packages/r3f build: CLI Target: es2022
packages/r3f build: CLI Cleaning output folder
packages/r3f build: ESM Build start
packages/r3f build: CJS Build start
packages/r3f build: ESM dist/index.js     8.60 KB
packages/r3f build: ESM dist/index.js.map 17.67 KB
packages/r3f build: ESM ⚡️ Build success in 6ms
packages/r3f build: CJS dist/index.cjs     10.11 KB
packages/r3f build: CJS dist/index.cjs.map 17.63 KB
packages/r3f build: CJS ⚡️ Build success in 6ms
packages/r3f build: DTS Build start
packages/r3f build: DTS ⚡️ Build success in 437ms
packages/r3f build: DTS dist/index.d.ts  3.71 KB
packages/r3f build: DTS dist/index.d.cts 3.71 KB
packages/r3f build: Done
demo/showcase build$ tsc -b && vite build
demo/three-r3f build$ tsc -b && vite build
demo/three-r3f build: vite v8.0.10 building client environment for production...
demo/three-r3f build: [2K
demo/three-r3f build: transforming...✓ 40 modules transformed.
demo/three-r3f build: rendering chunks...
demo/three-r3f build: computing gzip size...
demo/three-r3f build: dist/index.html                     0.42 kB │ gzip:   0.28 kB
demo/three-r3f build: dist/assets/index-B6cOFbAR.css      1.54 kB │ gzip:   0.65 kB
demo/three-r3f build: dist/assets/index-BkxG14PI.js   1,856.14 kB │ gzip: 511.21 kB
demo/three-r3f build: ✓ built in 236ms
demo/three-r3f build: [plugin builtin:vite-reporter] 
demo/three-r3f build: (!) Some chunks are larger than 500 kB after minification. Consider:
demo/three-r3f build: - Using dynamic import() to code-split the application
demo/three-r3f build: - Use build.rolldownOptions.output.codeSplitting to improve chunking: https://rolldown.rs/reference/OutputOptions.codeSplitting
demo/three-r3f build: - Adjust chunk size limit for this warning via build.chunkSizeWarningLimit.
demo/three-r3f build: Done
demo/showcase build: vite v8.0.10 building client environment for production...
demo/showcase build: [2K
demo/showcase build: transforming...✓ 1844 modules transformed.
demo/showcase build: rendering chunks...
demo/showcase build: computing gzip size...
demo/showcase build: dist/index.html                                 0.40 kB │ gzip:   0.27 kB
demo/showcase build: dist/assets/always-sunny-C-lRDXYb.jpg         145.14 kB
demo/showcase build: dist/assets/seamless-DIR4wD7p.webp            279.36 kB
demo/showcase build: dist/assets/narrow-background-BSKyPAik.jpg  1,851.69 kB
demo/showcase build: dist/assets/Abstract Shapes-tDS_n7Tg.jpg    5,531.59 kB
demo/showcase build: dist/assets/index-DYNx7ic0.css                 22.25 kB │ gzip:   5.15 kB
demo/showcase build: dist/assets/index-C-HhuFxg.js               2,123.88 kB │ gzip: 599.11 kB
demo/showcase build: ✓ built in 363ms
demo/showcase build: [plugin builtin:vite-reporter] 
demo/showcase build: (!) Some chunks are larger than 500 kB after minification. Consider:
demo/showcase build: - Using dynamic import() to code-split the application
demo/showcase build: - Use build.rolldownOptions.output.codeSplitting to improve chunking: https://rolldown.rs/reference/OutputOptions.codeSplitting
demo/showcase build: - Adjust chunk size limit for this warning via build.chunkSizeWarningLimit.
demo/showcase build: Done
