Running: vercel deploy --prod --yes --cwd /Users/lekan/Dev/glass-projects-lab/deployments/glasslab-glassmorphism-main-glassmorphism-main
CWD: /Users/lekan/Dev/glass-projects-lab/deployments/glasslab-glassmorphism-main-glassmorphism-main
----------------------------------------
Loading scopes…
Searching for existing projects…
> No framework detected. Default Project Settings:

- Build Command: `npm run vercel-build` or `npm run build`
- Development Command: None
- Install Command: `yarn install`, `pnpm install`, `npm install`, or `bun install`
- Output Directory: `public` if it exists, or `.`
Linked to lekandigitals-projects/glasslab-glassmorphism-main-glassmorphism-main (created .vercel and added it to .gitignore)
Deploying lekandigitals-projects/glasslab-glassmorphism-main-glassmorphism-main
Inspect: https://vercel.com/lekandigitals-projects/glasslab-glassmorphism-main-glassmorphism-main/2PtHNPFedLuzt8rjqRgqZ8CQyZzm [1s]
Production: https://glasslab-glassmorphism-main-glassmorphism-main-jh49zub6p.vercel.app [1s]
https://glasslab-glassmorphism-main-glassmorphism-main-jh49zub6p.vercel.appBuilding...
Building: Running build in Washington, D.C., USA (East) – iad1
Building: Build machine configuration: 2 cores, 8 GB
Building: Retrieving list of deployment files...
Building: Retrieving list of deployment files...
Building: Previous build caches not available.
Building: Downloading 20 deployment files...
Building: Running "vercel build"
Building: Vercel CLI 55.0.0
Building: Build Completed in /vercel/output [55ms]
Building: Deploying outputs...
Building: Deployment completed
Building: Creating build cache...
[2K[1A[2K[GProduction: https://glasslab-glassmorphism-main-glassmorphism-main-jh49zub6p.vercel.app [6s]
Completing...
Aliased: https://glasslab-glassmorphism-main-glassmo.vercel.app [6s]
