Running: vercel deploy --prod --yes --cwd /Users/lekan/Dev/glass-projects-lab/deployments/glasslab-glass-refraction-master-1-glass-refraction-master-examples-vanilla
CWD: /Users/lekan/Dev/glass-projects-lab/deployments/glasslab-glass-refraction-master-1-glass-refraction-master-examples-vanilla
----------------------------------------
Loading scopes…
Searching for existing projects…
> No framework detected. Default Project Settings:

- Build Command: `npm run vercel-build` or `npm run build`
- Development Command: None
- Install Command: `yarn install`, `pnpm install`, `npm install`, or `bun install`
- Output Directory: `public` if it exists, or `.`
Linked to lekandigitals-projects/glasslab-glass-refraction-master-1-glass-refraction-master-examples-vanilla (created .vercel and added it to .gitignore)
Deploying lekandigitals-projects/glasslab-glass-refraction-master-1-glass-refraction-master-examples-vanilla
Inspect: https://vercel.com/lekandigitals-projects/glasslab-glass-refraction-master-1-glass-refraction-master-examples-vanilla/jsyHRzhLZoy76CgfKG7yM11ehNrV [934ms]
Production: https://glasslab-glass-refraction-master-1-glass-refraction-436o8kzlx.vercel.app [934ms]
https://glasslab-glass-refraction-master-1-glass-refraction-436o8kzlx.vercel.appBuilding...
Building...
Building: Running build in Washington, D.C., USA (East) – iad1
Building: Build machine configuration: 2 cores, 8 GB
Building: Retrieving list of deployment files...
Building: Previous build caches not available.
Building: Downloading 17 deployment files...
[2K[1A[2K[GProduction: https://glasslab-glass-refraction-master-1-glass-refraction-436o8kzlx.vercel.app [4s]
Completing...
Aliased: https://glasslab-glass-refraction-master-1-amber.vercel.app [4s]
