Running: vercel deploy --prod --yes --cwd /Users/lekan/Dev/glass-projects-lab/deployments/glasslab-frontend-projects-main-frontend-projects-main-css-if-function
CWD: /Users/lekan/Dev/glass-projects-lab/deployments/glasslab-frontend-projects-main-frontend-projects-main-css-if-function
----------------------------------------
Loading scopes…
Searching for existing projects…
> No framework detected. Default Project Settings:

- Build Command: `npm run vercel-build` or `npm run build`
- Development Command: None
- Install Command: `yarn install`, `pnpm install`, `npm install`, or `bun install`
- Output Directory: `public` if it exists, or `.`
Linked to lekandigitals-projects/glasslab-frontend-projects-main-frontend-projects-main-css-if-function (created .vercel and added it to .gitignore)
Deploying lekandigitals-projects/glasslab-frontend-projects-main-frontend-projects-main-css-if-function
Inspect: https://vercel.com/lekandigitals-projects/glasslab-frontend-projects-main-frontend-projects-main-css-if-function/EvGhg2AahJZDm6q7fmuZPZtqFEdm [1s]
Production: https://glasslab-frontend-projects-main-frontend-projects-lsa2d8941.vercel.app [1s]
https://glasslab-frontend-projects-main-frontend-projects-lsa2d8941.vercel.appBuilding...
Building...
Building: Running build in Washington, D.C., USA (East) – iad1
Building: Build machine configuration: 2 cores, 8 GB
Building: Retrieving list of deployment files...
Building: Previous build caches not available.
Building: Downloading 230 deployment files...
[2K[1A[2K[GProduction: https://glasslab-frontend-projects-main-frontend-projects-lsa2d8941.vercel.app [6s]
Completing...
Aliased: https://glasslab-frontend-projects-main-fro-nine.vercel.app [7s]
