Running: pnpm run build
CWD: /Users/lekan/Dev/glass-projects-lab/deployments/glasslab-css-glass-main-css-glass-main/css.glass-main
----------------------------------------

> glassmorphism-generator@1.0.0 build /Users/lekan/Dev/glass-projects-lab/deployments/glasslab-css-glass-main-css-glass-main/css.glass-main
> nuxt build

ℹ Production build
ℹ Bundling only for client side
ℹ Target: static
ℹ Using components loader to optimize imports
ℹ Discovered Components: .nuxt/components/readme.md
✔ Builder initialized
✔ Nuxt files generated
[webpackbar] ℹ Compiling Client
[webpackbar] ✔ Client: Compiled successfully in 2.48s

Hash: [1md53a4386560adfac92a1[39m[22m
Version: webpack [1m4.47.0[39m[22m
Time: [1m2481[39m[22mms
Built at: 07/09/2026 [1m10:18:08 PM[39m[22m
                         [1mAsset[39m[22m       [1mSize[39m[22m             [1mChunks[39m[22m  [1m[39m[22m                       [1m[39m[22m[1mChunk Names[39m[22m
[1m[32m../server/client.manifest.json[39m[22m   12.2 KiB                   [1m[39m[22m  [1m[32m[emitted][39m[22m              
                    [1m[32m08fb027.js[39m[22m   2.04 KiB                  [1m5[39m[22m  [1m[32m[emitted] [immutable][39m[22m  components/apply-fox-banner
                    [1m[32m4861f4a.js[39m[22m   2.07 KiB                 [1m10[39m[22m  [1m[32m[emitted] [immutable][39m[22m  components/u-x-canvas-banner
                    [1m[32m60aa729.js[39m[22m   3.92 KiB                  [1m6[39m[22m  [1m[32m[emitted] [immutable][39m[22m  components/color-picker
                    [1m[32m6e4a573.js[39m[22m    2.4 KiB                 [1m12[39m[22m  [1m[32m[emitted] [immutable][39m[22m  runtime
                    [1m[32m75f164c.js[39m[22m   98.8 KiB                  [1m0[39m[22m  [1m[32m[emitted] [immutable][39m[22m  vendors/components/color-picker/components/editor/pages/index
                    [1m[32m7c32d60.js[39m[22m    1.3 KiB                  [1m8[39m[22m  [1m[32m[emitted] [immutable][39m[22m  components/scattered-preview-panels
                    [1m[32m7f3c1eb.js[39m[22m     19 KiB  [1m2, 6, 7, 8, 9, 10[39m[22m  [1m[32m[emitted] [immutable][39m[22m  components/editor
                    [1m[32m822021a.js[39m[22m     57 KiB                  [1m3[39m[22m  [1m[32m[emitted] [immutable][39m[22m  app
                    [1m[32m945491d.js[39m[22m    220 KiB                  [1m4[39m[22m  [1m[32m[emitted] [immutable][39m[22m  commons/app
                      [1m[32mLICENSES[39m[22m  425 bytes                   [1m[39m[22m  [1m[32m[emitted][39m[22m              
                    [1m[32mc303ff3.js[39m[22m   1.72 KiB                  [1m9[39m[22m  [1m[32m[emitted] [immutable][39m[22m  components/slider
                    [1m[32md5645f0.js[39m[22m   53.5 KiB                  [1m1[39m[22m  [1m[32m[emitted] [immutable][39m[22m  vendors/components/editor/components/slider/pages/index
                    [1m[32md7f5bb8.js[39m[22m   3.31 KiB                  [1m7[39m[22m  [1m[32m[emitted] [immutable][39m[22m  components/preview
                    [1m[32mf3dee9d.js[39m[22m   2.65 KiB                 [1m11[39m[22m  [1m[32m[emitted] [immutable][39m[22m  pages/index
 + 1 hidden asset
Entrypoint [1mapp[39m[22m = [1m[32m6e4a573.js[39m[22m [1m[32m945491d.js[39m[22m [1m[32m822021a.js[39m[22m
ℹ Ready to run nuxt generate
