
Running: vercel deploy --prod --yes --cwd /Users/lekan/Dev/glass-projects-lab/deployments/glasslab-liquid-glass-effect-wwdc25-liquid-glass-effect-wwdc25-src --name glasslab-liquid-glass-effect-wwdc25-liquid-glass-effect-wwdc25-src
CWD: /Users/lekan/Dev/glass-projects-lab/deployments/glasslab-liquid-glass-effect-wwdc25-liquid-glass-effect-wwdc25-src
----------------------------------------
The "--name" option is deprecated (https://vercel.link/name-flag)
Loading scopes…
Searching for existing projects…
Linked to lekandigitals-projects/glasslab-liquid-glass-effect-wwdc25-liquid-glass-effect-wwdc25-src (created .vercel and added it to .gitignore)
Deploying lekandigitals-projects/glasslab-liquid-glass-effect-wwdc25-liquid-glass-effect-wwdc25-src
Inspect: https://vercel.com/lekandigitals-projects/glasslab-liquid-glass-effect-wwdc25-liquid-glass-effect-wwdc25-src/4f1uFqNYh9CEiVhJH9gouxRwbv85 [1s]
Production: https://glasslab-liquid-glass-effect-wwdc25-liquid-glass-hoavscu8f.vercel.app [1s]
https://glasslab-liquid-glass-effect-wwdc25-liquid-glass-hoavscu8f.vercel.appBuilding...
Building...
Building: Running build in Washington, D.C., USA (East) – iad1
Building: Build machine configuration: 2 cores, 8 GB
Building: Retrieving list of deployment files...
Building: Previous build caches not available.
Building: Downloading 2 deployment files...
[2K[1A[2K[GProduction: https://glasslab-liquid-glass-effect-wwdc25-liquid-glass-hoavscu8f.vercel.app [4s]
Completing...
Aliased: https://glasslab-liquid-glass-effect-wwdc25.vercel.app [4s]
