
Running: npm install
CWD: /Users/lekan/Dev/glass-projects-lab/deployments/glasslab-liquid-glass-components-1-liquid-glass-components-src
----------------------------------------
npm warn ERESOLVE overriding peer dependency
npm warn While resolving: @monogrid/gainmap-js@3.4.0
npm warn Found: three@0.150.1
npm warn node_modules/three
npm warn   three@"^0.150.0" from the root project
npm warn   9 more (@react-spring/three, @react-three/drei, ...)
npm warn
npm warn Could not resolve dependency:
npm warn peer three@">= 0.159.0" from @monogrid/gainmap-js@3.4.0
npm warn node_modules/@react-three/drei/node_modules/@monogrid/gainmap-js
npm warn   @monogrid/gainmap-js@"^3.0.6" from @react-three/drei@9.122.0
npm warn   node_modules/@react-three/drei
npm warn
npm warn Conflicting peer dependency: three@0.185.1
npm warn node_modules/three
npm warn   peer three@">= 0.159.0" from @monogrid/gainmap-js@3.4.0
npm warn   node_modules/@react-three/drei/node_modules/@monogrid/gainmap-js
npm warn     @monogrid/gainmap-js@"^3.0.6" from @react-three/drei@9.122.0
npm warn     node_modules/@react-three/drei
npm warn ERESOLVE overriding peer dependency
npm warn While resolving: three-mesh-bvh@0.7.8
npm warn Found: three@0.150.1
npm warn node_modules/three
npm warn   three@"^0.150.0" from the root project
npm warn   9 more (@react-spring/three, @react-three/drei, ...)
npm warn
npm warn Could not resolve dependency:
npm warn peer three@">= 0.151.0" from three-mesh-bvh@0.7.8
npm warn node_modules/@react-three/drei/node_modules/three-mesh-bvh
npm warn   three-mesh-bvh@"^0.7.8" from @react-three/drei@9.122.0
npm warn   node_modules/@react-three/drei
npm warn
npm warn Conflicting peer dependency: three@0.185.1
npm warn node_modules/three
npm warn   peer three@">= 0.151.0" from three-mesh-bvh@0.7.8
npm warn   node_modules/@react-three/drei/node_modules/three-mesh-bvh
npm warn     three-mesh-bvh@"^0.7.8" from @react-three/drei@9.122.0
npm warn     node_modules/@react-three/drei

added 1 package, and audited 139 packages in 2s

11 packages are looking for funding
  run `npm fund` for details

2 vulnerabilities (1 moderate, 1 high)

To address all issues (including breaking changes), run:
  npm audit fix --force

Run `npm audit` for details.

Running: npm run build
CWD: /Users/lekan/Dev/glass-projects-lab/deployments/glasslab-liquid-glass-components-1-liquid-glass-components-src
----------------------------------------

> glasslab-liquid-glass-components-1-liquid-glass-components-src@1.0.0 build
> vite build

vite v4.5.14 building for production...
transforming...
✓ 16 modules transformed.
rendering chunks...
computing gzip size...
dist/index.html                  1.18 kB │ gzip: 0.71 kB
dist/assets/index-c320c841.css  15.62 kB │ gzip: 3.55 kB
dist/assets/index-9fbd3d78.js   25.22 kB │ gzip: 8.74 kB
✓ built in 212ms
