Running: vercel deploy --prod --yes --cwd /Users/lekan/Dev/glass-projects-lab/deployments/glasslab-ios-liquid-glass-ios-liquid-glass-src --name glasslab-ios-liquid-glass-ios-liquid-glass-src
CWD: /Users/lekan/Dev/glass-projects-lab/deployments/glasslab-ios-liquid-glass-ios-liquid-glass-src
----------------------------------------
The "--name" option is deprecated (https://vercel.link/name-flag)
Loading scopes…
Searching for existing projects…
> No framework detected. Default Project Settings:

- Build Command: `npm run vercel-build` or `npm run build`
- Development Command: None
- Install Command: `yarn install`, `pnpm install`, `npm install`, or `bun install`
- Output Directory: `public` if it exists, or `.`
Linked to lekandigitals-projects/glasslab-ios-liquid-glass-ios-liquid-glass-src (created .vercel and added it to .gitignore)
Deploying lekandigitals-projects/glasslab-ios-liquid-glass-ios-liquid-glass-src
Inspect: https://vercel.com/lekandigitals-projects/glasslab-ios-liquid-glass-ios-liquid-glass-src/8n6CDqGhVfNzLBtJzTar6MJ7qjrz [974ms]
Production: https://glasslab-ios-liquid-glass-ios-liquid-glass-dvv7bs1cz.vercel.app [974ms]
https://glasslab-ios-liquid-glass-ios-liquid-glass-dvv7bs1cz.vercel.appBuilding...
Building: Running build in Washington, D.C., USA (East) – iad1
Building: Build machine configuration: 2 cores, 8 GB
Building: Retrieving list of deployment files...
Building: Previous build caches not available.
Building: Previous build caches not available.
Building: Downloading 5 deployment files...
Building: Running "vercel build"
Building: Vercel CLI 55.0.0
Building: Build Completed in /vercel/output [39ms]
Building: Deploying outputs...
[2K[1A[2K[GProduction: https://glasslab-ios-liquid-glass-ios-liquid-glass-dvv7bs1cz.vercel.app [4s]
Completing...
Aliased: https://glasslab-ios-liquid-glass-ios-liqui.vercel.app [4s]
