Running: vercel deploy --prod --yes --cwd /Users/lekan/Dev/glass-projects-lab/deployments/glasslab-liquid-dom-master-1-liquid-dom-master-demo-three-react --name glasslab-liquid-dom-master-1-liquid-dom-master-demo-three-react
CWD: /Users/lekan/Dev/glass-projects-lab/deployments/glasslab-liquid-dom-master-1-liquid-dom-master-demo-three-react
----------------------------------------
The "--name" option is deprecated (https://vercel.link/name-flag)
Loading scopes…
Searching for existing projects…
> No framework detected. Default Project Settings:

- Build Command: `npm run vercel-build` or `npm run build`
- Development Command: None
- Install Command: `yarn install`, `pnpm install`, `npm install`, or `bun install`
- Output Directory: `public` if it exists, or `.`
Linked to lekandigitals-projects/glasslab-liquid-dom-master-1-liquid-dom-master-demo-three-react (created .vercel and added it to .gitignore)
Deploying lekandigitals-projects/glasslab-liquid-dom-master-1-liquid-dom-master-demo-three-react
Inspect: https://vercel.com/lekandigitals-projects/glasslab-liquid-dom-master-1-liquid-dom-master-demo-three-react/Gz26gzDeZtjNKmPro1bShewL2d8h [1s]
Production: https://glasslab-liquid-dom-master-1-liquid-dom-master-demo-guqmxyl33.vercel.app [1s]
https://glasslab-liquid-dom-master-1-liquid-dom-master-demo-guqmxyl33.vercel.appBuilding...
Building...
Building: Running build in Washington, D.C., USA (East) – iad1
Building: Build machine configuration: 2 cores, 8 GB
Building: Retrieving list of deployment files...
Building: Previous build caches not available.
Building: Downloading 239 deployment files...
Building: Running "vercel build"
Building: Vercel CLI 55.0.0
[2K[1A[2K[GProduction: https://glasslab-liquid-dom-master-1-liquid-dom-master-demo-guqmxyl33.vercel.app [6s]
Completing...
Aliased: https://glasslab-liquid-dom-master-1-liquid-theta.vercel.app [7s]
