Running: vercel deploy --prod --yes --cwd /Users/lekan/Dev/glass-projects-lab/deployments/glasslab-glass-like-css-1-glass-like-css-src --name glasslab-glass-like-css-1-glass-like-css-src
CWD: /Users/lekan/Dev/glass-projects-lab/deployments/glasslab-glass-like-css-1-glass-like-css-src
----------------------------------------
The "--name" option is deprecated (https://vercel.link/name-flag)
Loading scopes…
Searching for existing projects…
> No framework detected. Default Project Settings:

- Build Command: `npm run vercel-build` or `npm run build`
- Development Command: None
- Install Command: `yarn install`, `pnpm install`, `npm install`, or `bun install`
- Output Directory: `public` if it exists, or `.`
Linked to lekandigitals-projects/glasslab-glass-like-css-1-glass-like-css-src (created .vercel and added it to .gitignore)
Deploying lekandigitals-projects/glasslab-glass-like-css-1-glass-like-css-src
Inspect: https://vercel.com/lekandigitals-projects/glasslab-glass-like-css-1-glass-like-css-src/ABPg9SeFhA3XGVfFUmqrHR1p4t2S [989ms]
Production: https://glasslab-glass-like-css-1-glass-like-css-c3ey17akr.vercel.app [989ms]
https://glasslab-glass-like-css-1-glass-like-css-c3ey17akr.vercel.appBuilding...
Building: Running build in Washington, D.C., USA (East) – iad1
Building: Build machine configuration: 2 cores, 8 GB
Building: Retrieving list of deployment files...
Building: Previous build caches not available.
Building: Downloading 4 deployment files...
Building: Running "vercel build"
Building: Vercel CLI 55.0.0
[2K[1A[2K[GProduction: https://glasslab-glass-like-css-1-glass-like-css-c3ey17akr.vercel.app [4s]
Completing...
Aliased: https://glasslab-glass-like-css-1-glass-lik.vercel.app [4s]
