
Running: vercel deploy --prod --yes --cwd /Users/lekan/Dev/glass-projects-lab/deployments/glasslab-frontend-projects-main-frontend-projects-main-vuetify-project --name glasslab-frontend-projects-main-frontend-projects-main-vuetify-project
CWD: /Users/lekan/Dev/glass-projects-lab/deployments/glasslab-frontend-projects-main-frontend-projects-main-vuetify-project
----------------------------------------
The "--name" option is deprecated (https://vercel.link/name-flag)
Loading scopes…
Searching for existing projects…
Linked to lekandigitals-projects/glasslab-frontend-projects-main-frontend-projects-main-vuetify-project (created .vercel and added it to .gitignore)
Deploying lekandigitals-projects/glasslab-frontend-projects-main-frontend-projects-main-vuetify-project
Inspect: https://vercel.com/lekandigitals-projects/glasslab-frontend-projects-main-frontend-projects-main-vuetify-project/Ch3Lc3GnUSUveJRmidadwq8JMdR3 [1s]
Production: https://glasslab-frontend-projects-main-frontend-projects-fd3xt0fta.vercel.app [1s]
https://glasslab-frontend-projects-main-frontend-projects-fd3xt0fta.vercel.appBuilding...
Building...
Building: Running build in Washington, D.C., USA (East) – iad1
Building: Build machine configuration: 2 cores, 8 GB
Building: Retrieving list of deployment files...
Building: Previous build caches not available.
Building: Downloading 68 deployment files...
Building: Running "vercel build"
Building: Vercel CLI 55.0.0
Building: Installing dependencies...
Building: added 346 packages in 10s
Building: 106 packages are looking for funding
Building: run `npm fund` for details
Building: Running "npm run build"
Building: > vuetify-project@0.0.0 build
Building: > vite build
Building: vite v6.3.5 building for production...
Building: transforming...
Building: ✓ 239 modules transformed.
Building: rendering chunks...
Building: computing gzip size...
Building: dist/index.html                                             1.24 kB │ gzip:  0.53 kB
Building: dist/assets/logo-DtuIbWiQ.png                              11.96 kB
Building: dist/assets/materialdesignicons-webfont-Dp5v-WZN.woff2    403.22 kB
Building: dist/assets/materialdesignicons-webfont-PXm3-2wK.woff     587.98 kB
Building: dist/assets/materialdesignicons-webfont-B7mPwVP_.ttf    1,307.66 kB
Building: dist/assets/materialdesignicons-webfont-CSr8KVlo.eot    1,307.88 kB
Building: dist/assets/VParallax-9hOxaNiG.css                          0.10 kB │ gzip:  0.10 kB
Building: dist/assets/index-DY02y3C8.css                              0.38 kB │ gzip:  0.22 kB
Building: dist/assets/VMain-B1JVUNw1.css                              0.53 kB │ gzip:  0.26 kB
Building: dist/assets/homepage_second-B07QgQE8.css                    0.71 kB │ gzip:  0.29 kB
Building: dist/assets/dimensions-CqbtZd5K.css                         0.93 kB │ gzip:  0.39 kB
Building: dist/assets/default-STvHEzSq.css                            1.04 kB │ gzip:  0.46 kB
Building: dist/assets/homepage_third-CeDWdmze.css                     3.29 kB │ gzip:  1.10 kB
Building: dist/assets/VRow-C1yt39Ce.css                              24.60 kB │ gzip:  4.13 kB
Building: dist/assets/AppHeader-BmpGo76T.css                         39.18 kB │ gzip:  6.08 kB
Building: dist/assets/index-D4KOyldm.css                            575.10 kB │ gzip: 81.27 kB
Building: dist/assets/_plugin-vue_export-helper-DlAUqK2U.js           0.09 kB │ gzip:  0.10 kB
Building: dist/assets/VMain-Cp3ZEKoq.js                               0.88 kB │ gzip:  0.52 kB
Building: dist/assets/VParallax-BSCdIfFn.js                           1.99 kB │ gzip:  1.05 kB
Building: dist/assets/index-iKJDk17z.js                               2.36 kB │ gzip:  1.13 kB
Building: dist/assets/dimensions-D-fj8z9C.js                          3.83 kB │ gzip:  1.61 kB
Building: dist/assets/default-UlDQNXgg.js                             3.98 kB │ gzip:  2.00 kB
Building: dist/assets/homepage_third-De7E1IMs.js                      4.66 kB │ gzip:  1.87 kB
Building: dist/assets/homepage_second-BBNQYliG.js                     8.06 kB │ gzip:  2.33 kB
Building: dist/assets/homepage_first-BJbWz2s0.js                      8.25 kB │ gzip:  2.25 kB
Building: dist/assets/VRow-8hd1VI7G.js                               28.96 kB │ gzip:  9.36 kB
Building: dist/assets/AppHeader-AnfIciQd.js                          70.13 kB │ gzip: 21.96 kB
Building: dist/assets/index-BcQJI80D.js                             148.75 kB │ gzip: 57.34 kB
Building: ✓ built in 4.78s
Building: Build Completed in /vercel/output [17s]
Building: Deploying outputs...
Building: Deployment completed
Building: Creating build cache...
[2K[1A[2K[GProduction: https://glasslab-frontend-projects-main-frontend-projects-fd3xt0fta.vercel.app [28s]
Completing...
Aliased: https://glasslab-frontend-projects-main-fro-beta.vercel.app [28s]
