Running: vercel deploy --prod --yes --cwd /Users/lekan/Dev/glass-projects-lab/deployments/glasslab-liquid-glass-scroll-drag-configure-chromium-liquid-glass-scroll-drag-configure-chromium-src
CWD: /Users/lekan/Dev/glass-projects-lab/deployments/glasslab-liquid-glass-scroll-drag-configure-chromium-liquid-glass-scroll-drag-configure-chromium-src
----------------------------------------
Loading scopes…
Searching for existing projects…
> No framework detected. Default Project Settings:

- Build Command: `npm run vercel-build` or `npm run build`
- Development Command: None
- Install Command: `yarn install`, `pnpm install`, `npm install`, or `bun install`
- Output Directory: `public` if it exists, or `.`
Linked to lekandigitals-projects/glasslab-liquid-glass-scroll-drag-configure-chromium-liquid-glass-scroll-drag-configure-chromium-src (created .vercel and added it to .gitignore)
Deploying lekandigitals-projects/glasslab-liquid-glass-scroll-drag-configure-chromium-liquid-glass-scroll-drag-configure-chromium-src
Uploading [--------------------] (0.0B/30.4KB)
Uploading [========------------] (12.6KB/30.4KB)
Uploading [==============------] (22.6KB/30.4KB)
Uploading [====================] (30.4KB/30.4KB)
Inspect: https://vercel.com/lekandigitals-projects/glasslab-liquid-glass-scroll-drag-configure-chromium-liquid-glass-scroll-drag-configure-chromium-src/6mcGPHZ9pov15c2FNvxa4oynhKMX [3s]
Production: https://glasslab-liquid-glass-scroll-drag-configure-chromium-oz32zp6rp.vercel.app [3s]
https://glasslab-liquid-glass-scroll-drag-configure-chromium-oz32zp6rp.vercel.appBuilding...
Building...
Building: Running build in Washington, D.C., USA (East) – iad1
Building: Build machine configuration: 2 cores, 8 GB
Building: Retrieving list of deployment files...
Building: Previous build caches not available.
Building: Downloading 5 deployment files...
Building: Running "vercel build"
Building: Vercel CLI 55.0.0
Building: Build Completed in /vercel/output [30ms]
Building: Deploying outputs...
[2K[1A[2K[GProduction: https://glasslab-liquid-glass-scroll-drag-configure-chromium-oz32zp6rp.vercel.app [8s]
Completing...
Aliased: https://glasslab-liquid-glass-scroll-drag-c.vercel.app [8s]
