Running: npx --yes bun run build
CWD: /Users/lekan/Dev/glass-projects-lab/deployments/glasslab-liquid-glass-react-master-liquid-glass-react-master-liquid-glass-example/liquid-glass-react-master/liquid-glass-example
----------------------------------------
$ next build
   ▲ Next.js 15.3.3
   - Experiments (use with caution):
     ✓ externalDir

   Linting and checking validity of types ...
   Creating an optimized production build ...
 ✓ Compiled successfully in 2000ms
   Collecting page data ...
   Generating static pages (0/3) ...
 ✓ Generating static pages (3/3)
   Finalizing page optimization ...
   Collecting build traces ...

Route (pages)                                Size  First Load JS
┌ ○ /                                     37.1 kB         130 kB
├   └ css/9989f3fa2cdf6de2.css              614 B
├   /_app                                     0 B        92.6 kB
├ ○ /404                                    190 B        92.8 kB
└ ƒ /api/hello                                0 B        92.6 kB
+ First Load JS shared by all             97.1 kB
  ├ chunks/framework-2f335d22a7318891.js  57.7 kB
  ├ chunks/main-9794c8d136154d2b.js       33.8 kB
  └ other shared chunks (total)           5.56 kB

○  (Static)   prerendered as static content
ƒ  (Dynamic)  server-rendered on demand

