Running: vercel deploy --prod --yes --cwd /Users/lekan/Dev/glass-projects-lab/deployments/glasslab-liquid-dom-master-1-liquid-dom-master-packages-layout --name glasslab-liquid-dom-master-1-liquid-dom-master-packages-layout
CWD: /Users/lekan/Dev/glass-projects-lab/deployments/glasslab-liquid-dom-master-1-liquid-dom-master-packages-layout
----------------------------------------
The "--name" option is deprecated (https://vercel.link/name-flag)
Loading scopes…
Searching for existing projects…
> No framework detected. Default Project Settings:

- Build Command: `npm run vercel-build` or `npm run build`
- Development Command: None
- Install Command: `yarn install`, `pnpm install`, `npm install`, or `bun install`
- Output Directory: `public` if it exists, or `.`
Linked to lekandigitals-projects/glasslab-liquid-dom-master-1-liquid-dom-master-packages-layout (created .vercel and added it to .gitignore)
Deploying lekandigitals-projects/glasslab-liquid-dom-master-1-liquid-dom-master-packages-layout
Uploading [--------------------] (0.0B/134.2KB)
Uploading [=====---------------] (38.0KB/134.2KB)
Uploading [==========----------] (70.0KB/134.2KB)
Uploading [===============-----] (106.7KB/134.2KB)
Uploading [====================] (134.2KB/134.2KB)
Inspect: https://vercel.com/lekandigitals-projects/glasslab-liquid-dom-master-1-liquid-dom-master-packages-layout/4An1TQpfU6X6Xu27RjDgpGm4k45G [2s]
Production: https://glasslab-liquid-dom-master-1-liquid-dom-master-packa-jy5g3wsl9.vercel.app [2s]
https://glasslab-liquid-dom-master-1-liquid-dom-master-packa-jy5g3wsl9.vercel.appBuilding...
Building...
Building: Running build in Washington, D.C., USA (East) – iad1
Building: Build machine configuration: 2 cores, 8 GB
Building: Retrieving list of deployment files...
Building: Previous build caches not available.
Building: Downloading 262 deployment files...
[2K[1A[2K[GProduction: https://glasslab-liquid-dom-master-1-liquid-dom-master-packa-jy5g3wsl9.vercel.app [8s]
Completing...
Aliased: https://glasslab-liquid-dom-master-1-liquid-two.vercel.app [8s]
