
Running: npm install
CWD: /Users/lekan/Dev/glass-projects-lab/deployments/glasslab-frontend-projects-main-frontend-projects-main-liquid-glass-vue
----------------------------------------
npm warn ERESOLVE overriding peer dependency
npm warn While resolving: vite-plugin-inspect@0.8.9
npm warn Found: vite@7.0.0
npm warn node_modules/vite
npm warn   dev vite@"^7.0.0" from the root project
npm warn   3 more (@vitejs/plugin-vue, vite-plugin-vue-devtools, vite-plugin-vue-inspector)
npm warn
npm warn Could not resolve dependency:
npm warn peer vite@"^3.1.0 || ^4.0.0 || ^5.0.0-0 || ^6.0.1" from vite-plugin-inspect@0.8.9
npm warn node_modules/vite-plugin-vue-devtools/node_modules/vite-plugin-inspect
npm warn   vite-plugin-inspect@"0.8.9" from vite-plugin-vue-devtools@7.7.7
npm warn   node_modules/vite-plugin-vue-devtools
npm warn
npm warn Conflicting peer dependency: vite@6.4.3
npm warn node_modules/vite
npm warn   peer vite@"^3.1.0 || ^4.0.0 || ^5.0.0-0 || ^6.0.1" from vite-plugin-inspect@0.8.9
npm warn   node_modules/vite-plugin-vue-devtools/node_modules/vite-plugin-inspect
npm warn     vite-plugin-inspect@"0.8.9" from vite-plugin-vue-devtools@7.7.7
npm warn     node_modules/vite-plugin-vue-devtools

added 1 package, and audited 151 packages in 1s

44 packages are looking for funding
  run `npm fund` for details

5 vulnerabilities (1 low, 1 moderate, 3 high)

To address all issues, run:
  npm audit fix

Run `npm audit` for details.

Running: npm run build
CWD: /Users/lekan/Dev/glass-projects-lab/deployments/glasslab-frontend-projects-main-frontend-projects-main-liquid-glass-vue
----------------------------------------

> liquid-glass-vue@0.0.0 build
> vite build

failed to load config from /Users/lekan/Dev/glass-projects-lab/deployments/glasslab-frontend-projects-main-frontend-projects-main-liquid-glass-vue/vite.config.js
error during build:
TypeError: localStorage.getItem is not a function
    at getTimelineLayersStateFromStorage (file:///Users/lekan/Dev/glass-projects-lab/deployments/glasslab-frontend-projects-main-frontend-projects-main-liquid-glass-vue/node_modules/@vue/devtools-kit/dist/index.js:2272:30)
    at initStateFactory (file:///Users/lekan/Dev/glass-projects-lab/deployments/glasslab-frontend-projects-main-frontend-projects-main-liquid-glass-vue/node_modules/@vue/devtools-kit/dist/index.js:2565:26)
    at file:///Users/lekan/Dev/glass-projects-lab/deployments/glasslab-frontend-projects-main-frontend-projects-main-liquid-glass-vue/node_modules/@vue/devtools-kit/dist/index.js:2569:68
    at ModuleJob.run (node:internal/modules/esm/module_job:437:25)
    at async onImport.tracePromise.__proto__ (node:internal/modules/esm/loader:639:26)
    at async loadConfigFromBundledFile (file:///Users/lekan/Dev/glass-projects-lab/deployments/glasslab-frontend-projects-main-frontend-projects-main-liquid-glass-vue/node_modules/vite/dist/node/chunks/dep-Bsx9IwL8.js:36470:12)
    at async bundleAndLoadConfigFile (file:///Users/lekan/Dev/glass-projects-lab/deployments/glasslab-frontend-projects-main-frontend-projects-main-liquid-glass-vue/node_modules/vite/dist/node/chunks/dep-Bsx9IwL8.js:36355:21)
    at async loadConfigFromFile (file:///Users/lekan/Dev/glass-projects-lab/deployments/glasslab-frontend-projects-main-frontend-projects-main-liquid-glass-vue/node_modules/vite/dist/node/chunks/dep-Bsx9IwL8.js:36322:42)
    at async resolveConfig (file:///Users/lekan/Dev/glass-projects-lab/deployments/glasslab-frontend-projects-main-frontend-projects-main-liquid-glass-vue/node_modules/vite/dist/node/chunks/dep-Bsx9IwL8.js:35978:22)
    at async createBuilder (file:///Users/lekan/Dev/glass-projects-lab/deployments/glasslab-frontend-projects-main-frontend-projects-main-liquid-glass-vue/node_modules/vite/dist/node/chunks/dep-Bsx9IwL8.js:34436:19)

Running: rm -rf node_modules
CWD: /Users/lekan/Dev/glass-projects-lab/deployments/glasslab-frontend-projects-main-frontend-projects-main-liquid-glass-vue
----------------------------------------

Running: npm install
CWD: /Users/lekan/Dev/glass-projects-lab/deployments/glasslab-frontend-projects-main-frontend-projects-main-liquid-glass-vue
----------------------------------------
npm warn ERESOLVE overriding peer dependency
npm warn While resolving: vite-plugin-inspect@0.8.9
npm warn Found: vite@7.0.0
npm warn node_modules/vite
npm warn   dev vite@"^7.0.0" from the root project
npm warn   3 more (@vitejs/plugin-vue, vite-plugin-vue-devtools, vite-plugin-vue-inspector)
npm warn
npm warn Could not resolve dependency:
npm warn peer vite@"^3.1.0 || ^4.0.0 || ^5.0.0-0 || ^6.0.1" from vite-plugin-inspect@0.8.9
npm warn node_modules/vite-plugin-vue-devtools/node_modules/vite-plugin-inspect
npm warn   vite-plugin-inspect@"0.8.9" from vite-plugin-vue-devtools@7.7.7
npm warn   node_modules/vite-plugin-vue-devtools
npm warn
npm warn Conflicting peer dependency: vite@6.4.3
npm warn node_modules/vite
npm warn   peer vite@"^3.1.0 || ^4.0.0 || ^5.0.0-0 || ^6.0.1" from vite-plugin-inspect@0.8.9
npm warn   node_modules/vite-plugin-vue-devtools/node_modules/vite-plugin-inspect
npm warn     vite-plugin-inspect@"0.8.9" from vite-plugin-vue-devtools@7.7.7
npm warn     node_modules/vite-plugin-vue-devtools

added 150 packages, and audited 151 packages in 1s

44 packages are looking for funding
  run `npm fund` for details

5 vulnerabilities (1 low, 1 moderate, 3 high)

To address all issues, run:
  npm audit fix

Run `npm audit` for details.

Running: npm run build
CWD: /Users/lekan/Dev/glass-projects-lab/deployments/glasslab-frontend-projects-main-frontend-projects-main-liquid-glass-vue
----------------------------------------

> liquid-glass-vue@0.0.0 build
> vite build

failed to load config from /Users/lekan/Dev/glass-projects-lab/deployments/glasslab-frontend-projects-main-frontend-projects-main-liquid-glass-vue/vite.config.js
error during build:
TypeError: localStorage.getItem is not a function
    at getTimelineLayersStateFromStorage (file:///Users/lekan/Dev/glass-projects-lab/deployments/glasslab-frontend-projects-main-frontend-projects-main-liquid-glass-vue/node_modules/@vue/devtools-kit/dist/index.js:2272:30)
    at initStateFactory (file:///Users/lekan/Dev/glass-projects-lab/deployments/glasslab-frontend-projects-main-frontend-projects-main-liquid-glass-vue/node_modules/@vue/devtools-kit/dist/index.js:2565:26)
    at file:///Users/lekan/Dev/glass-projects-lab/deployments/glasslab-frontend-projects-main-frontend-projects-main-liquid-glass-vue/node_modules/@vue/devtools-kit/dist/index.js:2569:68
    at ModuleJob.run (node:internal/modules/esm/module_job:437:25)
    at async onImport.tracePromise.__proto__ (node:internal/modules/esm/loader:639:26)
    at async loadConfigFromBundledFile (file:///Users/lekan/Dev/glass-projects-lab/deployments/glasslab-frontend-projects-main-frontend-projects-main-liquid-glass-vue/node_modules/vite/dist/node/chunks/dep-Bsx9IwL8.js:36470:12)
    at async bundleAndLoadConfigFile (file:///Users/lekan/Dev/glass-projects-lab/deployments/glasslab-frontend-projects-main-frontend-projects-main-liquid-glass-vue/node_modules/vite/dist/node/chunks/dep-Bsx9IwL8.js:36355:21)
    at async loadConfigFromFile (file:///Users/lekan/Dev/glass-projects-lab/deployments/glasslab-frontend-projects-main-frontend-projects-main-liquid-glass-vue/node_modules/vite/dist/node/chunks/dep-Bsx9IwL8.js:36322:42)
    at async resolveConfig (file:///Users/lekan/Dev/glass-projects-lab/deployments/glasslab-frontend-projects-main-frontend-projects-main-liquid-glass-vue/node_modules/vite/dist/node/chunks/dep-Bsx9IwL8.js:35978:22)
    at async createBuilder (file:///Users/lekan/Dev/glass-projects-lab/deployments/glasslab-frontend-projects-main-frontend-projects-main-liquid-glass-vue/node_modules/vite/dist/node/chunks/dep-Bsx9IwL8.js:34436:19)

Running: npm install --legacy-peer-deps
CWD: /Users/lekan/Dev/glass-projects-lab/deployments/glasslab-frontend-projects-main-frontend-projects-main-liquid-glass-vue
----------------------------------------

removed 1 package, and audited 150 packages in 1s

43 packages are looking for funding
  run `npm fund` for details

5 vulnerabilities (1 low, 1 moderate, 3 high)

To address all issues, run:
  npm audit fix

Run `npm audit` for details.

Running: npm run build
CWD: /Users/lekan/Dev/glass-projects-lab/deployments/glasslab-frontend-projects-main-frontend-projects-main-liquid-glass-vue
----------------------------------------

> liquid-glass-vue@0.0.0 build
> vite build

failed to load config from /Users/lekan/Dev/glass-projects-lab/deployments/glasslab-frontend-projects-main-frontend-projects-main-liquid-glass-vue/vite.config.js
error during build:
TypeError: localStorage.getItem is not a function
    at getTimelineLayersStateFromStorage (file:///Users/lekan/Dev/glass-projects-lab/deployments/glasslab-frontend-projects-main-frontend-projects-main-liquid-glass-vue/node_modules/@vue/devtools-kit/dist/index.js:2272:30)
    at initStateFactory (file:///Users/lekan/Dev/glass-projects-lab/deployments/glasslab-frontend-projects-main-frontend-projects-main-liquid-glass-vue/node_modules/@vue/devtools-kit/dist/index.js:2565:26)
    at file:///Users/lekan/Dev/glass-projects-lab/deployments/glasslab-frontend-projects-main-frontend-projects-main-liquid-glass-vue/node_modules/@vue/devtools-kit/dist/index.js:2569:68
    at ModuleJob.run (node:internal/modules/esm/module_job:437:25)
    at async onImport.tracePromise.__proto__ (node:internal/modules/esm/loader:639:26)
    at async loadConfigFromBundledFile (file:///Users/lekan/Dev/glass-projects-lab/deployments/glasslab-frontend-projects-main-frontend-projects-main-liquid-glass-vue/node_modules/vite/dist/node/chunks/dep-Bsx9IwL8.js:36470:12)
    at async bundleAndLoadConfigFile (file:///Users/lekan/Dev/glass-projects-lab/deployments/glasslab-frontend-projects-main-frontend-projects-main-liquid-glass-vue/node_modules/vite/dist/node/chunks/dep-Bsx9IwL8.js:36355:21)
    at async loadConfigFromFile (file:///Users/lekan/Dev/glass-projects-lab/deployments/glasslab-frontend-projects-main-frontend-projects-main-liquid-glass-vue/node_modules/vite/dist/node/chunks/dep-Bsx9IwL8.js:36322:42)
    at async resolveConfig (file:///Users/lekan/Dev/glass-projects-lab/deployments/glasslab-frontend-projects-main-frontend-projects-main-liquid-glass-vue/node_modules/vite/dist/node/chunks/dep-Bsx9IwL8.js:35978:22)
    at async createBuilder (file:///Users/lekan/Dev/glass-projects-lab/deployments/glasslab-frontend-projects-main-frontend-projects-main-liquid-glass-vue/node_modules/vite/dist/node/chunks/dep-Bsx9IwL8.js:34436:19)

Running: npm ci
CWD: /Users/lekan/Dev/glass-projects-lab/deployments/glasslab-frontend-projects-main-frontend-projects-main-liquid-glass-vue
----------------------------------------
npm warn ERESOLVE overriding peer dependency
npm warn While resolving: vite-plugin-inspect@0.8.9
npm warn Found: vite@7.0.0
npm warn node_modules/vite
npm warn   dev vite@"^7.0.0" from the root project
npm warn   3 more (@vitejs/plugin-vue, vite-plugin-vue-devtools, vite-plugin-vue-inspector)
npm warn
npm warn Could not resolve dependency:
npm warn peer vite@"^3.1.0 || ^4.0.0 || ^5.0.0-0 || ^6.0.1" from vite-plugin-inspect@0.8.9
npm warn node_modules/vite-plugin-vue-devtools/node_modules/vite-plugin-inspect
npm warn   vite-plugin-inspect@"0.8.9" from vite-plugin-vue-devtools@7.7.7
npm warn   node_modules/vite-plugin-vue-devtools
npm warn
npm warn Conflicting peer dependency: vite@6.4.3
npm warn node_modules/vite
npm warn   peer vite@"^3.1.0 || ^4.0.0 || ^5.0.0-0 || ^6.0.1" from vite-plugin-inspect@0.8.9
npm warn   node_modules/vite-plugin-vue-devtools/node_modules/vite-plugin-inspect
npm warn     vite-plugin-inspect@"0.8.9" from vite-plugin-vue-devtools@7.7.7
npm warn     node_modules/vite-plugin-vue-devtools
npm error code EUSAGE
npm error
npm error `npm ci` can only install packages when your package.json and package-lock.json or npm-shrinkwrap.json are in sync. Please update your lock file with `npm install` before continuing.
npm error
npm error Missing: vite@6.4.3 from lock file
npm error
npm error Clean install a project
npm error
npm error Usage:
npm error npm ci
npm error
npm error Options:
npm error [--install-strategy <hoisted|nested|shallow|linked>] [--legacy-bundling]
npm error [--global-style] [--omit <dev|optional|peer> [--omit <dev|optional|peer> ...]]
npm error [--include <prod|dev|optional|peer> [--include <prod|dev|optional|peer> ...]]
npm error [--strict-peer-deps] [--foreground-scripts] [--ignore-scripts]
npm error [--allow-git <all|none|root>] [--no-audit] [--no-bin-links] [--no-fund]
npm error [--dry-run]
npm error [-w|--workspace <workspace-name> [-w|--workspace <workspace-name> ...]]
npm error [--workspaces] [--include-workspace-root] [--install-links]
npm error
npm error   --install-strategy
npm error     Sets the strategy for installing packages in node_modules.
npm error
npm error   --legacy-bundling
npm error     Instead of hoisting package installs in `node_modules`, install packages
npm error
npm error   --global-style
npm error     Only install direct dependencies in the top level `node_modules`,
npm error
npm error   --omit
npm error     Dependency types to omit from the installation tree on disk.
npm error
npm error   --include
npm error     Option that allows for defining which types of dependencies to install.
npm error
npm error   --strict-peer-deps
npm error     If set to `true`, and `--legacy-peer-deps` is not set, then _any_
npm error
npm error   --foreground-scripts
npm error     Run all build scripts (ie, `preinstall`, `install`, and
npm error
npm error   --ignore-scripts
npm error     If true, npm does not run scripts specified in package.json files.
npm error
npm error   --allow-git
npm error     Limits the ability for npm to fetch dependencies from git references.
npm error
npm error   --audit
npm error     When "true" submit audit reports alongside the current npm command to the
npm error
npm error   --bin-links
npm error     Tells npm to create symlinks (or `.cmd` shims on Windows) for package
npm error
npm error   --fund
npm error     When "true" displays the message at the end of each `npm install`
npm error
npm error   --dry-run
npm error     Indicates that you don't want npm to make any changes and that it should
npm error
npm error   -w|--workspace
npm error     Enable running a command in the context of the configured workspaces of the
npm error
npm error   --workspaces
npm error     Set to true to run the command in the context of **all** configured
npm error
npm error   --include-workspace-root
npm error     Include the workspace root when workspaces are enabled for a command.
npm error
npm error   --install-links
npm error     When set file: protocol dependencies will be packed and installed as
npm error
npm error
npm error aliases: clean-install, ic, install-clean, isntall-clean
npm error
npm error Run "npm help ci" for more info
npm error A complete log of this run can be found in: /Users/lekan/.npm/_logs/2026-07-10T05_05_23_850Z-debug-0.log
