
Running: npm install
CWD: /Users/lekan/Dev/glass-projects-lab/deployments/glasslab-7-css-main-7-css-main
----------------------------------------
npm warn deprecated fsevents@2.1.3: "Please update to latest v2.3 or v2.2"
npm warn deprecated chokidar@2.1.8: Chokidar 2 will break on node v14+. Upgrade to chokidar 3 with 15x less dependencies.
npm warn deprecated fsevents@1.2.13: fsevents 1 will break on node v14+ and could be using insecure binaries. Upgrade to fsevents 2.
npm warn deprecated uuid@3.4.0: Please upgrade  to version 7 or higher.  Older versions may use Math.random() in certain circumstances, which is known to be problematic.  See https://v8.dev/blog/math-random for details.

added 368 packages, and audited 369 packages in 3s

20 packages are looking for funding
  run `npm fund` for details

23 vulnerabilities (2 low, 12 moderate, 8 high, 1 critical)

To address issues that do not require attention, run:
  npm audit fix

To address all issues possible (including breaking changes), run:
  npm audit fix --force

Some issues need review, and may require choosing
a different dependency.

Run `npm audit` for details.

Running: npm run build
CWD: /Users/lekan/Dev/glass-projects-lab/deployments/glasslab-7-css-main-7-css-main
----------------------------------------

> 7.css@0.21.1 build
> node build.js

Browserslist: caniuse-lite is outdated. Please run:
  npx update-browserslist-db@latest
  Why you should do it regularly: https://github.com/browserslist/update-db#readme
