
Running: vercel deploy --prod --yes --cwd /Users/lekan/Dev/glass-projects-lab/deployments/glasslab-pure-css-ios-26-liquid-glass-effect-pure-css-ios-26-liquid-glass-effect-src --name glasslab-pure-css-ios-26-liquid-glass-effect-pure-css-ios-26-liquid-glass-effect-src
CWD: /Users/lekan/Dev/glass-projects-lab/deployments/glasslab-pure-css-ios-26-liquid-glass-effect-pure-css-ios-26-liquid-glass-effect-src
----------------------------------------
The "--name" option is deprecated (https://vercel.link/name-flag)
Retrieving project…
Deploying lekandigitals-projects/glasslab-pure-css-ios-26-liquid-glass-effect-pure-css-ios-26-liquid-glass-effect-src
Uploading [--------------------] (0.0B/33.1KB)
Uploading [=========-----------] (16.0KB/33.1KB)
Uploading [===================-] (32.0KB/33.1KB)
Uploading [====================] (33.1KB/33.1KB)
Inspect: https://vercel.com/lekandigitals-projects/glasslab-pure-css-ios-26-liquid-glass-effect-pure-css-ios-26-liquid-glass-effect-src/JBq4ZWHrJMaUsGAafbD2qFtYziPj [2s]
Production: https://glasslab-pure-css-ios-26-liquid-glass-effect-pure-jyb10ydjt.vercel.app [2s]
https://glasslab-pure-css-ios-26-liquid-glass-effect-pure-jyb10ydjt.vercel.appBuilding...
Building: Running build in Washington, D.C., USA (East) – iad1
Building: Build machine configuration: 2 cores, 8 GB
Building: Retrieving list of deployment files...
Building: Previous build caches not available.
Building: Previous build caches not available.
Building: Downloading 8 deployment files...
Building: Running "vercel build"
Building: Vercel CLI 55.0.0
Building: Build Completed in /vercel/output [28ms]
Building: Deploying outputs...
[2K[1A[2K[GProduction: https://glasslab-pure-css-ios-26-liquid-glass-effect-pure-jyb10ydjt.vercel.app [6s]
Completing...
Aliased: https://glasslab-pure-css-ios-26-liquid-gla.vercel.app [6s]
