Running: npx --yes yarn install
CWD: /Users/lekan/Dev/glass-projects-lab/deployments/glasslab-frontend-projects-main-frontend-projects-main-movie-instantsearch/Frontend-Projects-main/movie-instantsearch
----------------------------------------
yarn install v1.22.22
warning package-lock.json found. Your project contains lock files generated by tools other than Yarn. It is advised not to mix package managers in order to avoid resolution inconsistencies caused by unsynchronized lock files. To clear this warning, remove package-lock.json.
[1/4] Resolving packages...
[2/4] Fetching packages...
[3/4] Linking dependencies...
warning " > @algolia/autocomplete-js@1.19.4" has unmet peer dependency "@algolia/client-search@>= 4.5.1 < 6".
warning "@algolia/autocomplete-js > @algolia/autocomplete-preset-algolia@1.19.4" has unmet peer dependency "@algolia/client-search@>= 4.9.1 < 6".
warning "@algolia/autocomplete-js > @algolia/autocomplete-shared@1.19.4" has unmet peer dependency "@algolia/client-search@>= 4.9.1 < 6".
warning "@algolia/autocomplete-js > @algolia/autocomplete-core > @algolia/autocomplete-plugin-algolia-insights@1.19.4" has unmet peer dependency "search-insights@>= 1 < 3".
warning " > @algolia/autocomplete-plugin-query-suggestions@1.19.4" has unmet peer dependency "@algolia/client-search@>= 4.5.1 < 6".
warning " > @algolia/autocomplete-plugin-recent-searches@1.19.4" has unmet peer dependency "@algolia/client-search@>= 4.5.1 < 6".
[4/4] Building fresh packages...
error /Users/lekan/Dev/glass-projects-lab/deployments/glasslab-frontend-projects-main-frontend-projects-main-movie-instantsearch/Frontend-Projects-main/movie-instantsearch/node_modules/lmdb: Command failed.
Exit code: 1
Command: node-gyp-build
Arguments: 
Directory: /Users/lekan/Dev/glass-projects-lab/deployments/glasslab-frontend-projects-main-frontend-projects-main-movie-instantsearch/Frontend-Projects-main/movie-instantsearch/node_modules/lmdb
Output:
gyp info it worked if it ends with ok
gyp info using node-gyp@12.2.0
gyp info using node@25.9.0 | darwin | arm64
gyp info find Python using Python version 3.14.5 found at "/opt/homebrew/opt/python@3.14/bin/python3.14"

gyp info spawn /opt/homebrew/opt/python@3.14/bin/python3.14
gyp info spawn args [
gyp info spawn args '/opt/homebrew/lib/node_modules/npm/node_modules/node-gyp/gyp/gyp_main.py',
gyp info spawn args 'binding.gyp',
gyp info spawn args '-f',
gyp info spawn args 'make',
gyp info spawn args '-I',
gyp info spawn args '/Users/lekan/Dev/glass-projects-lab/deployments/glasslab-frontend-projects-main-frontend-projects-main-movie-instantsearch/Frontend-Projects-main/movie-instantsearch/node_modules/lmdb/build/config.gypi',
gyp info spawn args '-I',
gyp info spawn args '/opt/homebrew/lib/node_modules/npm/node_modules/node-gyp/addon.gypi',
gyp info spawn args '-I',
gyp info spawn args '/Users/lekan/Library/Caches/node-gyp/25.9.0/include/node/common.gypi',
gyp info spawn args '-Dlibrary=shared_library',
gyp info spawn args '-Dvisibility=default',
gyp info spawn args '-Dnode_root_dir=/Users/lekan/Library/Caches/node-gyp/25.9.0',
gyp info spawn args '-Dnode_gyp_dir=/opt/homebrew/lib/node_modules/npm/node_modules/node-gyp',
gyp info spawn args '-Dnode_lib_file=/Users/lekan/Library/Caches/node-gyp/25.9.0/<(target_arch)/node.lib',
gyp info spawn args '-Dmodule_root_dir=/Users/lekan/Dev/glass-projects-lab/deployments/glasslab-frontend-projects-main-frontend-projects-main-movie-instantsearch/Frontend-Projects-main/movie-instantsearch/node_modules/lmdb',
gyp info spawn args '-Dnode_engine=v8',
gyp info spawn args '--depth=.',
gyp info spawn args '--no-parallel',
gyp info spawn args '--generator-output',
gyp info spawn args 'build',
gyp info spawn args '-Goutput_dir=.'
gyp info spawn args ]
gyp info spawn make
gyp info spawn args [ 'BUILDTYPE=Release', '-C', 'build' ]
  CXX(target) Release/obj.target/lmdb/src/lmdb-js.o
In file included from ../src/lmdb-js.cpp:1:
In file included from ../src/lmdb-js.h:32:
In file included from ../../nan/nan.h:302:
../../nan/nan_maybe_43_inl.h:210:15: warning: 'SetPrototype' is deprecated: V8 will stop providing access to hidden prototype (i.e. JSGlobalObject). Use SetPrototypeV2() instead. See http://crbug.com/333672197. [-Wdeprecated-declarations]
  210 |   return obj->SetPrototype(isolate->GetCurrentContext(), prototype);
      |               ^
/Users/lekan/Library/Caches/node-gyp/25.9.0/include/node/v8-object.h:459:3: note: 'SetPrototype' has been explicitly marked deprecated here
  459 |   V8_DEPRECATED(
      |   ^
/Users/lekan/Library/Caches/node-gyp/25.9.0/include/node/v8config.h:621:35: note: expanded from macro 'V8_DEPRECATED'
  621 | # define V8_DEPRECATED(message) [[deprecated(message)]]
      |                                   ^
In file included from ../src/lmdb-js.cpp:1:
In file included from ../src/lmdb-js.h:32:
../../nan/nan.h:1173:27: warning: 'WriteUtf8' is deprecated: Use WriteUtf8V2 instead. [-Wdeprecated-declarations]
 1173 |         length_ = string->WriteUtf8(v8::Isolate::GetCurrent(), str_,
      |                           ^
/Users/lekan/Library/Caches/node-gyp/25.9.0/include/node/v8-primitive.h:211:3: note: 'WriteUtf8' has been explicitly marked deprecated here
  211 |   V8_DEPRECATED("Use WriteUtf8V2 instead.")
      |   ^
/Users/lekan/Library/Caches/node-gyp/25.9.0/include/node/v8config.h:621:35: note: expanded from macro 'V8_DEPRECATED'
  621 | # define V8_DEPRECATED(message) [[deprecated(message)]]
      |                                   ^
In file included from ../src/lmdb-js.cpp:1:
In file included from ../src/lmdb-js.h:32:
../../nan/nan.h:2418:18: warning: 'Encode' is deprecated: Use TryEncode(...) instead [-Wdeprecated-declarations]
 2418 |     return node::Encode(
      |                  ^
/Users/lekan/Library/Caches/node-gyp/25.9.0/include/node/node.h:1211:1: note: 'Encode' has been explicitly marked deprecated here
 1211 | NODE_DEPRECATED("Use TryEncode(...) instead",
      | ^
/Users/lekan/Library/Caches/node-gyp/25.9.0/include/node/node.h:116:20: note: expanded from macro 'NODE_DEPRECATED'
  116 |     __attribute__((deprecated(message))) declarator
      |                    ^
In file included from ../src/lmdb-js.cpp:1:
In file included from ../src/lmdb-js.h:32:
../../nan/nan.h:2423:18: warning: 'Encode' is deprecated: Use TryEncode(...) instead [-Wdeprecated-declarations]
 2423 |     return node::Encode(
      |                  ^
/Users/lekan/Library/Caches/node-gyp/25.9.0/include/node/node.h:1202:1: note: 'Encode' has been explicitly marked deprecated here
 1202 | NODE_DEPRECATED(
      | ^
/Users/lekan/Library/Caches/node-gyp/25.9.0/include/node/node.h:116:20: note: expanded from macro 'NODE_DEPRECATED'
  116 |     __attribute__((deprecated(message))) declarator
      |                    ^
../src/lmdb-js.cpp:14:1: warning: cast from 'void (*)(v8::Local<v8::Object>, v8::Local<v8::Value>, v8::Local<v8::Context>)' to 'node::addon_context_register_func' (aka 'void (*)(v8::Local<v8::Object>, v8::Local<v8::Value>, v8::Local<v8::Context>, void *)') converts to incompatible function type [-Wcast-function-type-mismatch]
   14 | NODE_MODULE_INIT(/* exports, module, context */) {
      | ^~~~~~~~~~~~~~~~~~~~~~~~~~~~~~~~~~~~~~~~~~~~~~~~
/Users/lekan/Library/Caches/node-gyp/25.9.0/include/node/node.h:1371:3: note: expanded from macro 'NODE_MODULE_INIT'
 1371 |   NODE_MODULE_CONTEXT_AWARE(NODE_GYP_MODULE_NAME,                     \
      |   ^~~~~~~~~~~~~~~~~~~~~~~~~~~~~~~~~~~~~~~~~~~~~~~~~~~~~~~~~~~~~~~~~~~~~
 1372 |                             NODE_MODULE_INITIALIZER)                  \
      |                             ~~~~~~~~~~~~~~~~~~~~~~~~
/Users/lekan/Library/Caches/node-gyp/25.9.0/include/node/node.h:1340:3: note: expanded from macro 'NODE_MODULE_CONTEXT_AWARE'
 1340 |   NODE_MODULE_CONTEXT_AWARE_X(modname, regfunc, NULL, 0)
      |   ^~~~~~~~~~~~~~~~~~~~~~~~~~~~~~~~~~~~~~~~~~~~~~~~~~~~~~
/Users/lekan/Library/Caches/node-gyp/25.9.0/include/node/node.h:1322:7: note: expanded from macro 'NODE_MODULE_CONTEXT_AWARE_X'
 1322 |       (node::addon_context_register_func) (regfunc),                  \
      |       ^~~~~~~~~~~~~~~~~~~~~~~~~~~~~~~~~~~~~~~~~~~~~
5 warnings generated.
  CC(target) Release/obj.target/lmdb/dependencies/lmdb/libraries/liblmdb/midl.o
  CC(target) Release/obj.target/lmdb/dependencies/lmdb/libraries/liblmdb/chacha8.o
  CC(target) Release/obj.target/lmdb/dependencies/lz4/lib/lz4.o
  CXX(target) Release/obj.target/lmdb/src/writer.o
In file included from ../src/writer.cpp:14:
In file included from ../src/lmdb-js.h:32:
In file included from ../../nan/nan.h:302:
../../nan/nan_maybe_43_inl.h:210:15: warning: 'SetPrototype' is deprecated: V8 will stop providing access to hidden prototype (i.e. JSGlobalObject). Use SetPrototypeV2() instead. See http://crbug.com/333672197. [-Wdeprecated-declarations]
  210 |   return obj->SetPrototype(isolate->GetCurrentContext(), prototype);
      |               ^
/Users/lekan/Library/Caches/node-gyp/25.9.0/include/node/v8-object.h:459:3: note: 'SetPrototype' has been explicitly marked deprecated here
  459 |   V8_DEPRECATED(
      |   ^
/Users/lekan/Library/Caches/node-gyp/25.9.0/include/node/v8config.h:621:35: note: expanded from macro 'V8_DEPRECATED'
  621 | # define V8_DEPRECATED(message) [[deprecated(message)]]
      |                                   ^
In file included from ../src/writer.cpp:14:
In file included from ../src/lmdb-js.h:32:
../../nan/nan.h:1173:27: warning: 'WriteUtf8' is deprecated: Use WriteUtf8V2 instead. [-Wdeprecated-declarations]
 1173 |         length_ = string->WriteUtf8(v8::Isolate::GetCurrent(), str_,
      |                           ^
/Users/lekan/Library/Caches/node-gyp/25.9.0/include/node/v8-primitive.h:211:3: note: 'WriteUtf8' has been explicitly marked deprecated here
  211 |   V8_DEPRECATED("Use WriteUtf8V2 instead.")
      |   ^
/Users/lekan/Library/Caches/node-gyp/25.9.0/include/node/v8config.h:621:35: note: expanded from macro 'V8_DEPRECATED'
  621 | # define V8_DEPRECATED(message) [[deprecated(message)]]
      |                                   ^
In file included from ../src/writer.cpp:14:
In file included from ../src/lmdb-js.h:32:
../../nan/nan.h:2418:18: warning: 'Encode' is deprecated: Use TryEncode(...) instead [-Wdeprecated-declarations]
 2418 |     return node::Encode(
      |                  ^
/Users/lekan/Library/Caches/node-gyp/25.9.0/include/node/node.h:1211:1: note: 'Encode' has been explicitly marked deprecated here
 1211 | NODE_DEPRECATED("Use TryEncode(...) instead",
      | ^
/Users/lekan/Library/Caches/node-gyp/25.9.0/include/node/node.h:116:20: note: expanded from macro 'NODE_DEPRECATED'
  116 |     __attribute__((deprecated(message))) declarator
      |                    ^
In file included from ../src/writer.cpp:14:
In file included from ../src/lmdb-js.h:32:
../../nan/nan.h:2423:18: warning: 'Encode' is deprecated: Use TryEncode(...) instead [-Wdeprecated-declarations]
 2423 |     return node::Encode(
      |                  ^
/Users/lekan/Library/Caches/node-gyp/25.9.0/include/node/node.h:1202:1: note: 'Encode' has been explicitly marked deprecated here
 1202 | NODE_DEPRECATED(
      | ^
/Users/lekan/Library/Caches/node-gyp/25.9.0/include/node/node.h:116:20: note: expanded from macro 'NODE_DEPRECATED'
  116 |     __attribute__((deprecated(message))) declarator
      |                    ^
../src/writer.cpp:433:36: error: no member named 'Holder' in 'v8::FunctionCallbackInfo<v8::Value>'
  433 |                 v8::Local<v8::Object>::Cast(info.Holder());
      |                                             ~~~~ ^
4 warnings and 1 error generated.
make: *** [Release/obj.target/lmdb/src/writer.o] Error 1
gyp ERR! build error 
gyp ERR! stack Error: `make` failed with exit code: 2
gyp ERR! stack at ChildProcess.<anonymous> (/opt/homebrew/lib/node_modules/npm/node_modules/node-gyp/lib/build.js:219:23)
gyp ERR! System Darwin 25.5.0
gyp ERR! command "/opt/homebrew/Cellar/node/25.9.0_2/bin/node" "/opt/homebrew/lib/node_modules/npm/node_modules/node-gyp/bin/node-gyp.js" "rebuild"
gyp ERR! cwd /Users/lekan/Dev/glass-projects-lab/deployments/glasslab-frontend-projects-main-frontend-projects-main-movie-instantsearch/Frontend-Projects-main/movie-instantsearch/node_modules/lmdb
gyp ERR! node -v v25.9.0
gyp ERR! node-gyp -v v12.2.0
gyp ERR! $npm_package_name lmdb
gyp ERR! $npm_package_version 2.2.4
gyp ERR! not ok
info Visit https://yarnpkg.com/en/docs/cli/install for documentation about this command.
