Running: vercel deploy --prod --yes --cwd /Users/lekan/Dev/glass-projects-lab/deployments/glasslab-frontend-projects-main-frontend-projects-main-advanced-javascript-class-word-guess-game-app --name glasslab-frontend-projects-main-frontend-projects-main-advanced-javascript-class-word-guess-gam
CWD: /Users/lekan/Dev/glass-projects-lab/deployments/glasslab-frontend-projects-main-frontend-projects-main-advanced-javascript-class-word-guess-game-app
----------------------------------------
The "--name" option is deprecated (https://vercel.link/name-flag)
Loading scopes…
Searching for existing projects…
> No framework detected. Default Project Settings:

- Build Command: `npm run vercel-build` or `npm run build`
- Development Command: None
- Install Command: `yarn install`, `pnpm install`, `npm install`, or `bun install`
- Output Directory: `public` if it exists, or `.`
Linked to lekandigitals-projects/glasslab-frontend-projects-main-frontend-projects-main-advanced-javascript-class-word-guess-gam (created .vercel and added it to .gitignore)
Deploying lekandigitals-projects/glasslab-frontend-projects-main-frontend-projects-main-advanced-javascript-class-word-guess-gam
Uploading [--------------------] (0.0B/580KB)
Uploading [=====---------------] (149.8KB/580KB)
Uploading [==========----------] (300.6KB/580KB)
Uploading [===============-----] (444.6KB/580KB)
Uploading [====================] (580.0KB/580KB)
Inspect: https://vercel.com/lekandigitals-projects/glasslab-frontend-projects-main-frontend-projects-main-advanced-javascript-class-word-guess-gam/5ehX18Dnq4Na4MbiNpsFFcUGdrKS [3s]
Production: https://glasslab-frontend-projects-main-frontend-projects-8jibfshk6.vercel.app [3s]
https://glasslab-frontend-projects-main-frontend-projects-8jibfshk6.vercel.appBuilding...
Building...
Building: Running build in Washington, D.C., USA (East) – iad1
Building: Build machine configuration: 2 cores, 8 GB
Building: Retrieving list of deployment files...
Building: Previous build caches not available.
Building: Downloading 242 deployment files...
Building: Running "vercel build"
Building: Vercel CLI 55.0.0
Building: Build Completed in /vercel/output [290ms]
[2K[1A[2K[GProduction: https://glasslab-frontend-projects-main-frontend-projects-8jibfshk6.vercel.app [10s]
Completing...
Aliased: https://glasslab-frontend-projects-main-fro-sigma.vercel.app [10s]
