Running: vercel deploy --prod --yes --cwd /Users/lekan/Dev/glass-projects-lab/deployments/glasslab-select-dropdown-with-appearance-base-select-liquid-glass-1-select-dropdown-with-appearance-base-select-liquid-glass-src --name glasslab-select-dropdown-with-appearance-base-select-liquid-glass-1-select-dropdown-with-appear
CWD: /Users/lekan/Dev/glass-projects-lab/deployments/glasslab-select-dropdown-with-appearance-base-select-liquid-glass-1-select-dropdown-with-appearance-base-select-liquid-glass-src
----------------------------------------
The "--name" option is deprecated (https://vercel.link/name-flag)
Loading scopes…
Searching for existing projects…
> No framework detected. Default Project Settings:

- Build Command: `npm run vercel-build` or `npm run build`
- Development Command: None
- Install Command: `yarn install`, `pnpm install`, `npm install`, or `bun install`
- Output Directory: `public` if it exists, or `.`
Linked to lekandigitals-projects/glasslab-select-dropdown-with-appearance-base-select-liquid-glass-1-select-dropdown-with-appear (created .vercel and added it to .gitignore)
Deploying lekandigitals-projects/glasslab-select-dropdown-with-appearance-base-select-liquid-glass-1-select-dropdown-with-appear
Uploading [--------------------] (0.0B/13.7KB)
Uploading [====================] (13.7KB/13.7KB)
Inspect: https://vercel.com/lekandigitals-projects/glasslab-select-dropdown-with-appearance-base-select-liquid-glass-1-select-dropdown-with-appear/5HeE2QFsdtEEoQ2VHYDxJGhh3CUM [2s]
Production: https://glasslab-select-dropdown-with-appearance-base-select-86igffhz7.vercel.app [2s]
https://glasslab-select-dropdown-with-appearance-base-select-86igffhz7.vercel.appBuilding...
Building...
Building: Running build in Washington, D.C., USA (East) – iad1
Building: Build machine configuration: 2 cores, 8 GB
Building: Retrieving list of deployment files...
[2K[1A[2K[GProduction: https://glasslab-select-dropdown-with-appearance-base-select-86igffhz7.vercel.app [5s]
Completing...
Aliased: https://glasslab-select-dropdown-with-appea.vercel.app [5s]
