Running: npm run build
CWD: /Users/lekan/Dev/glass-projects-lab/deployments/glasslab-frontend-projects-main-frontend-projects-main-task-manager-app-client/Frontend-Projects-main/task-manager-app/client
----------------------------------------

> task-manager-app@0.1.0 build
> react-scripts build

Creating an optimized production build...
Browserslist: caniuse-lite is outdated. Please run:
  npx update-browserslist-db@latest
  Why you should do it regularly: https://github.com/browserslist/update-db#readme
[0;33mOne of your dependencies, babel-preset-react-app, is importing the
"@babel/plugin-proposal-private-property-in-object" package without
declaring it in its dependencies. This is currently working because
"@babel/plugin-proposal-private-property-in-object" is already in your
node_modules folder for unrelated reasons, but it [1mmay break at any time[0;33m.

babel-preset-react-app is part of the create-react-app project, [1mwhich
is not maintianed anymore[0;33m. It is thus unlikely that this bug will
ever be fixed. Add "@babel/plugin-proposal-private-property-in-object" to
your devDependencies to work around this error. This will make this message
go away.[0m
  
Browserslist: caniuse-lite is outdated. Please run:
  npx update-browserslist-db@latest
  Why you should do it regularly: https://github.com/browserslist/update-db#readme
Compiled with warnings.

Warning
(1507:3) autoprefixer: start value has mixed support, consider using flex-start instead

Warning
(1520:3) autoprefixer: start value has mixed support, consider using flex-start instead

[eslint] 
src/components/Auth.js
  Line 8:11:  'navigate' is assigned a value but never used  no-unused-vars

src/components/ListItem.js
  Line 64:52:  Unexpected string concatenation of literals  no-useless-concat

src/hooks/useAuth.ts
  Line 15:8:  React Hook useEffect has missing dependencies: 'addUser' and 'getItem'. Either include them or remove the dependency array  react-hooks/exhaustive-deps

src/pages/App.js
  Line 53:5:  React Hook useEffect has missing dependencies: 'fetchTasks' and 'fetchUserDetails'. Either include them or remove the dependency array  react-hooks/exhaustive-deps

src/pages/Profile.js
  Line 10:11:  'context' is assigned a value but never used                                                                         no-unused-vars
  Line 59:8:   React Hook useEffect has a missing dependency: 'fetchUserDetails'. Either include it or remove the dependency array  react-hooks/exhaustive-deps

Search for the keywords to learn more about each warning.
To ignore, add // eslint-disable-next-line to the line before.

File sizes after gzip:

  85.12 kB  build/static/js/main.8b5805bf.js
  5.03 kB   build/static/css/main.f4dd2295.css

The project was built assuming it is hosted at /.
You can control this with the homepage field in your package.json.

The build folder is ready to be deployed.
You may serve it with a static server:

  npm install -g serve
  serve -s build

Find out more about deployment here:

  https://cra.link/deployment

