
Running: npm install
CWD: /Users/lekan/Dev/glass-projects-lab/deployments/glasslab-apple-liquid-glass-1-apple-liquid-glass-src
----------------------------------------
npm warn ERESOLVE overriding peer dependency
npm warn While resolving: @monogrid/gainmap-js@3.4.0
npm warn Found: three@0.150.1
npm warn node_modules/three
npm warn   three@"^0.150.0" from the root project
npm warn   9 more (@react-spring/three, @react-three/drei, ...)
npm warn
npm warn Could not resolve dependency:
npm warn peer three@">= 0.159.0" from @monogrid/gainmap-js@3.4.0
npm warn node_modules/@react-three/drei/node_modules/@monogrid/gainmap-js
npm warn   @monogrid/gainmap-js@"^3.0.6" from @react-three/drei@9.122.0
npm warn   node_modules/@react-three/drei
npm warn
npm warn Conflicting peer dependency: three@0.185.1
npm warn node_modules/three
npm warn   peer three@">= 0.159.0" from @monogrid/gainmap-js@3.4.0
npm warn   node_modules/@react-three/drei/node_modules/@monogrid/gainmap-js
npm warn     @monogrid/gainmap-js@"^3.0.6" from @react-three/drei@9.122.0
npm warn     node_modules/@react-three/drei
npm warn ERESOLVE overriding peer dependency
npm warn While resolving: three-mesh-bvh@0.7.8
npm warn Found: three@0.150.1
npm warn node_modules/three
npm warn   three@"^0.150.0" from the root project
npm warn   9 more (@react-spring/three, @react-three/drei, ...)
npm warn
npm warn Could not resolve dependency:
npm warn peer three@">= 0.151.0" from three-mesh-bvh@0.7.8
npm warn node_modules/@react-three/drei/node_modules/three-mesh-bvh
npm warn   three-mesh-bvh@"^0.7.8" from @react-three/drei@9.122.0
npm warn   node_modules/@react-three/drei
npm warn
npm warn Conflicting peer dependency: three@0.185.1
npm warn node_modules/three
npm warn   peer three@">= 0.151.0" from three-mesh-bvh@0.7.8
npm warn   node_modules/@react-three/drei/node_modules/three-mesh-bvh
npm warn     three-mesh-bvh@"^0.7.8" from @react-three/drei@9.122.0
npm warn     node_modules/@react-three/drei

up to date, audited 139 packages in 516ms

11 packages are looking for funding
  run `npm fund` for details

2 vulnerabilities (1 moderate, 1 high)

To address all issues (including breaking changes), run:
  npm audit fix --force

Run `npm audit` for details.

Running: npm run build
CWD: /Users/lekan/Dev/glass-projects-lab/deployments/glasslab-apple-liquid-glass-1-apple-liquid-glass-src
----------------------------------------

> glasslab-apple-liquid-glass-1-apple-liquid-glass-src@1.0.0 build
> vite build

vite v4.5.14 building for production...
transforming...
node_modules/@react-three/drei/node_modules/three-mesh-bvh/src/utils/ExtensionUtilities.js (6:26) "BatchedMesh" is not exported by "node_modules/three/build/three.module.js", imported by "node_modules/@react-three/drei/node_modules/three-mesh-bvh/src/utils/ExtensionUtilities.js".
✓ 618 modules transformed.
rendering chunks...
computing gzip size...
dist/index.html                   0.39 kB │ gzip:   0.28 kB
dist/assets/index-0b89005f.css    0.53 kB │ gzip:   0.40 kB
dist/assets/index-d1ed2f5d.js   891.71 kB │ gzip: 249.59 kB

(!) Some chunks are larger than 500 kBs after minification. Consider:
- Using dynamic import() to code-split the application
- Use build.rollupOptions.output.manualChunks to improve chunking: https://rollupjs.org/configuration-options/#output-manualchunks
- Adjust chunk size limit for this warning via build.chunkSizeWarningLimit.
✓ built in 2.17s
