Running: vercel deploy --prod --yes --cwd /Users/lekan/Dev/glass-projects-lab/deployments/glasslab-liquid-glass-effect-liquid-glass-effect-src --name glasslab-liquid-glass-effect-liquid-glass-effect-src
CWD: /Users/lekan/Dev/glass-projects-lab/deployments/glasslab-liquid-glass-effect-liquid-glass-effect-src
----------------------------------------
The "--name" option is deprecated (https://vercel.link/name-flag)
Loading scopes…
Searching for existing projects…
> No framework detected. Default Project Settings:

- Build Command: `npm run vercel-build` or `npm run build`
- Development Command: None
- Install Command: `yarn install`, `pnpm install`, `npm install`, or `bun install`
- Output Directory: `public` if it exists, or `.`
Linked to lekandigitals-projects/glasslab-liquid-glass-effect-liquid-glass-effect-src (created .vercel and added it to .gitignore)
Deploying lekandigitals-projects/glasslab-liquid-glass-effect-liquid-glass-effect-src
Uploading [--------------------] (0.0B/3.5KB)
Uploading [=========-----------] (1.7KB/3.5KB)
Uploading [=============-------] (2.5KB/3.5KB)
Uploading [====================] (3.5KB/3.5KB)
Inspect: https://vercel.com/lekandigitals-projects/glasslab-liquid-glass-effect-liquid-glass-effect-src/3HWDjZ31t2jECyPhsx51jrKXA3zX [2s]
Production: https://glasslab-liquid-glass-effect-liquid-glass-effect-akywhhdm3.vercel.app [2s]
https://glasslab-liquid-glass-effect-liquid-glass-effect-akywhhdm3.vercel.appBuilding...
Building: Running build in Washington, D.C., USA (East) – iad1
Building: Build machine configuration: 2 cores, 8 GB
Building: Retrieving list of deployment files...
Building: Retrieving list of deployment files...
Building: Previous build caches not available.
Building: Downloading 5 deployment files...
Building: Running "vercel build"
Building: Vercel CLI 55.0.0
Building: Build Completed in /vercel/output [26ms]
Building: Deploying outputs...
[2K[1A[2K[GProduction: https://glasslab-liquid-glass-effect-liquid-glass-effect-akywhhdm3.vercel.app [5s]
Completing...
Aliased: https://glasslab-liquid-glass-effect-liquid.vercel.app [5s]
