
Running: vercel deploy --prod --yes --cwd /Users/lekan/Dev/glass-projects-lab/deployments/glasslab-liquidgl-main-liquidgl-main --name glasslab-liquidgl-main-liquidgl-main
CWD: /Users/lekan/Dev/glass-projects-lab/deployments/glasslab-liquidgl-main-liquidgl-main
----------------------------------------
The "--name" option is deprecated (https://vercel.link/name-flag)
Retrieving project…
Deploying lekandigitals-projects/glasslab-liquidgl-main-liquidgl-main
Inspect: https://vercel.com/lekandigitals-projects/glasslab-liquidgl-main-liquidgl-main/9TJPc1uawUAaZ3ge5CP43617DugB [948ms]
Production: https://glasslab-liquidgl-main-liquidgl-main-8qxxsrdus.vercel.app [948ms]
https://glasslab-liquidgl-main-liquidgl-main-8qxxsrdus.vercel.appBuilding...
Building...
Building: Running build in Washington, D.C., USA (East) – iad1
Building: Build machine configuration: 2 cores, 8 GB
Building: Retrieving list of deployment files...
Building: Previous build caches not available.
Building: Downloading 35 deployment files...
Building: Running "vercel build"
Building: Vercel CLI 55.0.0
Building: Build Completed in /vercel/output [103ms]
Building: Deploying outputs...
[2K[1A[2K[GProduction: https://glasslab-liquidgl-main-liquidgl-main-8qxxsrdus.vercel.app [5s]
Completing...
Aliased: https://glasslab-liquidgl-main-liquidgl-mai.vercel.app [5s]
