Running: vercel deploy --prod --yes --cwd /Users/lekan/Dev/glass-projects-lab/deployments/glasslab-apple-liquid-glass-from-lucasromerodb-liquid-glass-effect-macos-apple-liquid-glass-from-lucasromerodb-liquid-glass-effect-macos-src --name glasslab-apple-liquid-glass-from-lucasromerodb-liquid-glass-effect-macos-apple-liquid-glass-fro
CWD: /Users/lekan/Dev/glass-projects-lab/deployments/glasslab-apple-liquid-glass-from-lucasromerodb-liquid-glass-effect-macos-apple-liquid-glass-from-lucasromerodb-liquid-glass-effect-macos-src
----------------------------------------
The "--name" option is deprecated (https://vercel.link/name-flag)
Loading scopes…
Searching for existing projects…
> No framework detected. Default Project Settings:

- Build Command: `npm run vercel-build` or `npm run build`
- Development Command: None
- Install Command: `yarn install`, `pnpm install`, `npm install`, or `bun install`
- Output Directory: `public` if it exists, or `.`
Linked to lekandigitals-projects/glasslab-apple-liquid-glass-from-lucasromerodb-liquid-glass-effect-macos-apple-liquid-glass-fro (created .vercel and added it to .gitignore)
Deploying lekandigitals-projects/glasslab-apple-liquid-glass-from-lucasromerodb-liquid-glass-effect-macos-apple-liquid-glass-fro
Uploading [--------------------] (0.0B/7.3KB)
Uploading [=======-------------] (2.9KB/7.3KB)
Uploading [==========----------] (4.0KB/7.3KB)
Uploading [====================] (7.3KB/7.3KB)
Inspect: https://vercel.com/lekandigitals-projects/glasslab-apple-liquid-glass-from-lucasromerodb-liquid-glass-effect-macos-apple-liquid-glass-fro/BkuT1sS12EYTdzZM6CLFoRqQviPy [2s]
Production: https://glasslab-apple-liquid-glass-from-lucasromerodb-liqui-4kwvzdrd9.vercel.app [2s]
https://glasslab-apple-liquid-glass-from-lucasromerodb-liqui-4kwvzdrd9.vercel.appBuilding...
Building...
Building: Running build in Washington, D.C., USA (East) – iad1
Building: Build machine configuration: 2 cores, 8 GB
Building: Retrieving list of deployment files...
Building: Previous build caches not available.
Building: Downloading 4 deployment files...
[2K[1A[2K[GProduction: https://glasslab-apple-liquid-glass-from-lucasromerodb-liqui-4kwvzdrd9.vercel.app [5s]
Completing...
Aliased: https://glasslab-apple-liquid-glass-from-lu.vercel.app [5s]
