Running: vercel deploy --prod --yes --cwd /Users/lekan/Dev/glass-projects-lab/deployments/glasslab-liquid-glass-menu-liquid-glass-menu-src --name glasslab-liquid-glass-menu-liquid-glass-menu-src
CWD: /Users/lekan/Dev/glass-projects-lab/deployments/glasslab-liquid-glass-menu-liquid-glass-menu-src
----------------------------------------
The "--name" option is deprecated (https://vercel.link/name-flag)
Loading scopes…
Searching for existing projects…
> No framework detected. Default Project Settings:

- Build Command: `npm run vercel-build` or `npm run build`
- Development Command: None
- Install Command: `yarn install`, `pnpm install`, `npm install`, or `bun install`
- Output Directory: `public` if it exists, or `.`
Linked to lekandigitals-projects/glasslab-liquid-glass-menu-liquid-glass-menu-src (created .vercel and added it to .gitignore)
Deploying lekandigitals-projects/glasslab-liquid-glass-menu-liquid-glass-menu-src
Uploading [--------------------] (0.0B/6.8KB)
Uploading [==============------] (4.8KB/6.8KB)
Uploading [===================-] (6.6KB/6.8KB)
Uploading [====================] (6.8KB/6.8KB)
Inspect: https://vercel.com/lekandigitals-projects/glasslab-liquid-glass-menu-liquid-glass-menu-src/GFXv6nSHQZZS24x1QyYnTX4sEQdy [2s]
Production: https://glasslab-liquid-glass-menu-liquid-glass-menu-f35bh42ge.vercel.app [2s]
https://glasslab-liquid-glass-menu-liquid-glass-menu-f35bh42ge.vercel.appBuilding...
Building...
[2K[1A[2K[GProduction: https://glasslab-liquid-glass-menu-liquid-glass-menu-f35bh42ge.vercel.app [5s]
Completing...
Aliased: https://glasslab-liquid-glass-menu-liquid-g.vercel.app [5s]
