Running: vercel deploy --prod --yes --cwd /Users/lekan/Dev/glass-projects-lab/deployments/glasslab-frontend-projects-main-frontend-projects-main-advanced-javascript-class-word-guess-game-app-public --name glasslab-frontend-projects-main-frontend-projects-main-advanced-javascript-class-word-guess-gam
CWD: /Users/lekan/Dev/glass-projects-lab/deployments/glasslab-frontend-projects-main-frontend-projects-main-advanced-javascript-class-word-guess-game-app-public
----------------------------------------
The "--name" option is deprecated (https://vercel.link/name-flag)
Loading scopes…
Searching for existing projects…
Linked to lekandigitals-projects/glasslab-frontend-projects-main-frontend-projects-main-advanced-javascript-class-word-guess-gam (created .vercel and added it to .gitignore)
Deploying lekandigitals-projects/glasslab-frontend-projects-main-frontend-projects-main-advanced-javascript-class-word-guess-gam
Inspect: https://vercel.com/lekandigitals-projects/glasslab-frontend-projects-main-frontend-projects-main-advanced-javascript-class-word-guess-gam/9RmF6fKundB9c5DaN6App2X1Kosg [1s]
Production: https://glasslab-frontend-projects-main-frontend-projects-7oln6n4s0.vercel.app [1s]
https://glasslab-frontend-projects-main-frontend-projects-7oln6n4s0.vercel.appBuilding...
Building: Running build in Washington, D.C., USA (East) – iad1
Building: Build machine configuration: 2 cores, 8 GB
Building: Retrieving list of deployment files...
Building: Previous build caches not available.
Building: Downloading 230 deployment files...
Building: Downloading 230 deployment files...
Building: Running "vercel build"
Building: Vercel CLI 55.0.0
[2K[1A[2K[GProduction: https://glasslab-frontend-projects-main-frontend-projects-7oln6n4s0.vercel.app [6s]
Completing...
Aliased: https://glasslab-frontend-projects-main-fro-sigma.vercel.app [6s]
