Running: npm run build
CWD: /Users/lekan/Dev/glass-projects-lab/deployments/glasslab-frontend-projects-main-frontend-projects-main-advanced-javascript-class-word-guess-game-app/Frontend-Projects-main/advanced-javascript-class/word-guess-game/app
----------------------------------------

> app@0.1.0 build
> react-scripts build

Creating an optimized production build...
Browserslist: caniuse-lite is outdated. Please run:
  npx update-browserslist-db@latest
  Why you should do it regularly: https://github.com/browserslist/update-db#readme
Browserslist: caniuse-lite is outdated. Please run:
  npx update-browserslist-db@latest
  Why you should do it regularly: https://github.com/browserslist/update-db#readme
Compiled with warnings.

[eslint] 
src/components/Game.js
  Line 1:17:   'useEffect' is defined but never used          no-unused-vars
  Line 4:10:   'LOGIN_API' is defined but never used          no-unused-vars
  Line 12:17:  'setWin' is assigned a value but never used    no-unused-vars
  Line 13:12:  'lost' is assigned a value but never used      no-unused-vars
  Line 13:18:  'setLost' is assigned a value but never used   no-unused-vars
  Line 27:15:  'response' is assigned a value but never used  no-unused-vars

Search for the keywords to learn more about each warning.
To ignore, add // eslint-disable-next-line to the line before.

File sizes after gzip:

  49.64 kB  build/static/js/main.26e5d25a.js
  2.95 kB   build/static/css/main.b54c2dd8.css

The project was built assuming it is hosted at /.
You can control this with the homepage field in your package.json.

The build folder is ready to be deployed.
You may serve it with a static server:

  npm install -g serve
  serve -s build

Find out more about deployment here:

  https://cra.link/deployment

[0;33mOne of your dependencies, babel-preset-react-app, is importing the
"@babel/plugin-proposal-private-property-in-object" package without
declaring it in its dependencies. This is currently working because
"@babel/plugin-proposal-private-property-in-object" is already in your
node_modules folder for unrelated reasons, but it [1mmay break at any time[0;33m.

babel-preset-react-app is part of the create-react-app project, [1mwhich
is not maintianed anymore[0;33m. It is thus unlikely that this bug will
ever be fixed. Add "@babel/plugin-proposal-private-property-in-object" to
your devDependencies to work around this error. This will make this message
go away.[0m
  
