Running: vercel deploy --prod --yes --cwd /Users/lekan/Dev/glass-projects-lab/deployments/glasslab-liquid-glass-components-1-liquid-glass-components-src --name glasslab-liquid-glass-components-1-liquid-glass-components-src
CWD: /Users/lekan/Dev/glass-projects-lab/deployments/glasslab-liquid-glass-components-1-liquid-glass-components-src
----------------------------------------
The "--name" option is deprecated (https://vercel.link/name-flag)
Loading scopes…
Searching for existing projects…
> No framework detected. Default Project Settings:

- Build Command: `npm run vercel-build` or `npm run build`
- Development Command: None
- Install Command: `yarn install`, `pnpm install`, `npm install`, or `bun install`
- Output Directory: `public` if it exists, or `.`
Linked to lekandigitals-projects/glasslab-liquid-glass-components-1-liquid-glass-components-src (created .vercel and added it to .gitignore)
Deploying lekandigitals-projects/glasslab-liquid-glass-components-1-liquid-glass-components-src
Inspect: https://vercel.com/lekandigitals-projects/glasslab-liquid-glass-components-1-liquid-glass-components-src/6YVBj4UtpC1Su4dkBVaHCvEMsBJS [979ms]
Production: https://glasslab-liquid-glass-components-1-liquid-glass-comp-n4adt99fi.vercel.app [979ms]
https://glasslab-liquid-glass-components-1-liquid-glass-comp-n4adt99fi.vercel.appBuilding...
Building...
Building: Running build in Washington, D.C., USA (East) – iad1
Building: Build machine configuration: 2 cores, 8 GB
Building: Retrieving list of deployment files...
Building: Previous build caches not available.
Building: Downloading 5 deployment files...
Building: Running "vercel build"
Building: Vercel CLI 55.0.0
Building: Build Completed in /vercel/output [27ms]
Building: Deploying outputs...
[2K[1A[2K[GProduction: https://glasslab-liquid-glass-components-1-liquid-glass-comp-n4adt99fi.vercel.app [5s]
Completing...
Aliased: https://glasslab-liquid-glass-components-1.vercel.app [5s]
