Running: vercel deploy --prod --yes --cwd /Users/lekan/Dev/glass-projects-lab/deployments/glasslab-frontend-projects-main-frontend-projects-main-vuetify-project --name glasslab-frontend-projects-main-frontend-projects-main-vuetify-project
CWD: /Users/lekan/Dev/glass-projects-lab/deployments/glasslab-frontend-projects-main-frontend-projects-main-vuetify-project
----------------------------------------
The "--name" option is deprecated (https://vercel.link/name-flag)
Loading scopes…
Searching for existing projects…
> No framework detected. Default Project Settings:

- Build Command: `npm run vercel-build` or `npm run build`
- Development Command: None
- Install Command: `yarn install`, `pnpm install`, `npm install`, or `bun install`
- Output Directory: `public` if it exists, or `.`
Linked to lekandigitals-projects/glasslab-frontend-projects-main-frontend-projects-main-vuetify-project (created .vercel and added it to .gitignore)
Deploying lekandigitals-projects/glasslab-frontend-projects-main-frontend-projects-main-vuetify-project
Uploading [--------------------] (0.0B/341.9KB)
Uploading [=====---------------] (94.6KB/341.9KB)
Uploading [==========----------] (175.8KB/341.9KB)
Uploading [===============-----] (272.2KB/341.9KB)
Uploading [====================] (341.9KB/341.9KB)
Inspect: https://vercel.com/lekandigitals-projects/glasslab-frontend-projects-main-frontend-projects-main-vuetify-project/9wja6bLs6U4aRJu6DFCw4Vncy5nH [3s]
Production: https://glasslab-frontend-projects-main-frontend-projects-jok04oo2v.vercel.app [3s]
https://glasslab-frontend-projects-main-frontend-projects-jok04oo2v.vercel.appBuilding...
Building...
Building: Running build in Washington, D.C., USA (East) – iad1
Building: Build machine configuration: 2 cores, 8 GB
Building: Retrieving list of deployment files...
Building: Previous build caches not available.
Building: Downloading 259 deployment files...
Building: Running "vercel build"
Building: Vercel CLI 55.0.0
Building: Build Completed in /vercel/output [250ms]
Building: Deploying outputs...
[2K[1A[2K[GProduction: https://glasslab-frontend-projects-main-frontend-projects-jok04oo2v.vercel.app [7s]
Completing...
Aliased: https://glasslab-frontend-projects-main-fro-beta.vercel.app [8s]
