Running: vercel deploy --prod --yes --cwd /Users/lekan/Dev/glass-projects-lab/deployments/glasslab-frontend-projects-main-frontend-projects-main-tictactoe
CWD: /Users/lekan/Dev/glass-projects-lab/deployments/glasslab-frontend-projects-main-frontend-projects-main-tictactoe
----------------------------------------
Loading scopes…
Searching for existing projects…
> No framework detected. Default Project Settings:

- Build Command: `npm run vercel-build` or `npm run build`
- Development Command: None
- Install Command: `yarn install`, `pnpm install`, `npm install`, or `bun install`
- Output Directory: `public` if it exists, or `.`
Linked to lekandigitals-projects/glasslab-frontend-projects-main-frontend-projects-main-tictactoe (created .vercel and added it to .gitignore)
Deploying lekandigitals-projects/glasslab-frontend-projects-main-frontend-projects-main-tictactoe
Uploading [--------------------] (0.0B/519.4KB)
Uploading [=====---------------] (141.5KB/519.4KB)
Uploading [==========----------] (270.5KB/519.4KB)
Uploading [===============-----] (396.2KB/519.4KB)
Uploading [====================] (519.4KB/519.4KB)
Inspect: https://vercel.com/lekandigitals-projects/glasslab-frontend-projects-main-frontend-projects-main-tictactoe/J26rVH9epgdiSQ5GMobE8oKfXudR [3s]
Production: https://glasslab-frontend-projects-main-frontend-projects-5t6jgjqom.vercel.app [3s]
https://glasslab-frontend-projects-main-frontend-projects-5t6jgjqom.vercel.appBuilding...
Building: Running build in Washington, D.C., USA (East) – iad1
Building: Build machine configuration: 2 cores, 8 GB
Building: Retrieving list of deployment files...
Building: Retrieving list of deployment files...
Building: Previous build caches not available.
Building: Downloading 244 deployment files...
Building: Running "vercel build"
Building: Vercel CLI 55.0.0
Building: Build Completed in /vercel/output [293ms]
Building: Deploying outputs...
[2K[1A[2K[GProduction: https://glasslab-frontend-projects-main-frontend-projects-5t6jgjqom.vercel.app [9s]
Completing...
Aliased: https://glasslab-frontend-projects-main-fro-cyan.vercel.app [9s]
