Running: vercel deploy --prod --yes --cwd /Users/lekan/Dev/glass-projects-lab/deployments/glasslab-press-starthot-wheels-aerial-pursuit-liquid-glass-navigation-press-starthot-wheels-aerial-pursuit-liquid-glass-navigation-src --name glasslab-press-starthot-wheels-aerial-pursuit-liquid-glass-navigation-press-starthot-wheels-aer
CWD: /Users/lekan/Dev/glass-projects-lab/deployments/glasslab-press-starthot-wheels-aerial-pursuit-liquid-glass-navigation-press-starthot-wheels-aerial-pursuit-liquid-glass-navigation-src
----------------------------------------
The "--name" option is deprecated (https://vercel.link/name-flag)
Loading scopes…
Searching for existing projects…
> No framework detected. Default Project Settings:

- Build Command: `npm run vercel-build` or `npm run build`
- Development Command: None
- Install Command: `yarn install`, `pnpm install`, `npm install`, or `bun install`
- Output Directory: `public` if it exists, or `.`
Linked to lekandigitals-projects/glasslab-press-starthot-wheels-aerial-pursuit-liquid-glass-navigation-press-starthot-wheels-aer (created .vercel and added it to .gitignore)
Deploying lekandigitals-projects/glasslab-press-starthot-wheels-aerial-pursuit-liquid-glass-navigation-press-starthot-wheels-aer
Inspect: https://vercel.com/lekandigitals-projects/glasslab-press-starthot-wheels-aerial-pursuit-liquid-glass-navigation-press-starthot-wheels-aer/BKd1UuXhTJcvZjY1k3b9b4tDW14K [959ms]
Production: https://glasslab-press-starthot-wheels-aerial-pursuit-liquid-bzq3ctlpp.vercel.app [959ms]
https://glasslab-press-starthot-wheels-aerial-pursuit-liquid-bzq3ctlpp.vercel.appBuilding...
Building...
Building: Running build in Washington, D.C., USA (East) – iad1
Building: Build machine configuration: 2 cores, 8 GB
Building: Retrieving list of deployment files...
Building: Previous build caches not available.
Building: Downloading 5 deployment files...
[2K[1A[2K[GProduction: https://glasslab-press-starthot-wheels-aerial-pursuit-liquid-bzq3ctlpp.vercel.app [7s]
Completing...
Aliased: https://glasslab-press-starthot-wheels-aeri.vercel.app [7s]
