Running: vercel deploy --prod --yes --cwd /Users/lekan/Dev/glass-projects-lab/deployments/glasslab-liquid-dom-master-1-liquid-dom-master-demo-three --name glasslab-liquid-dom-master-1-liquid-dom-master-demo-three
CWD: /Users/lekan/Dev/glass-projects-lab/deployments/glasslab-liquid-dom-master-1-liquid-dom-master-demo-three
----------------------------------------
The "--name" option is deprecated (https://vercel.link/name-flag)
Loading scopes…
Searching for existing projects…
> No framework detected. Default Project Settings:

- Build Command: `npm run vercel-build` or `npm run build`
- Development Command: None
- Install Command: `yarn install`, `pnpm install`, `npm install`, or `bun install`
- Output Directory: `public` if it exists, or `.`
Linked to lekandigitals-projects/glasslab-liquid-dom-master-1-liquid-dom-master-demo-three (created .vercel and added it to .gitignore)
Deploying lekandigitals-projects/glasslab-liquid-dom-master-1-liquid-dom-master-demo-three
Inspect: https://vercel.com/lekandigitals-projects/glasslab-liquid-dom-master-1-liquid-dom-master-demo-three/D1cCM8DXpu3BQPWeUECTqJT8YH6Y [1s]
Production: https://glasslab-liquid-dom-master-1-liquid-dom-master-demo-ptay772k6.vercel.app [1s]
https://glasslab-liquid-dom-master-1-liquid-dom-master-demo-ptay772k6.vercel.appBuilding...
Building...
Building: Running build in Washington, D.C., USA (East) – iad1
Building: Build machine configuration: 2 cores, 8 GB
Building: Retrieving list of deployment files...
Building: Previous build caches not available.
Building: Downloading 239 deployment files...
Building: Running "vercel build"
Building: Vercel CLI 55.0.0
Building: Build Completed in /vercel/output [290ms]
Building: Deploying outputs...
[2K[1A[2K[GProduction: https://glasslab-liquid-dom-master-1-liquid-dom-master-demo-ptay772k6.vercel.app [10s]
Completing...
Aliased: https://glasslab-liquid-dom-master-1-liquid-orcin.vercel.app [10s]
