Running: vercel deploy --prod --yes --cwd /Users/lekan/Dev/glass-projects-lab/deployments/glasslab-liquid-glass-react-master-liquid-glass-react-master-liquid-glass-example --name glasslab-liquid-glass-react-master-liquid-glass-react-master-liquid-glass-example
CWD: /Users/lekan/Dev/glass-projects-lab/deployments/glasslab-liquid-glass-react-master-liquid-glass-react-master-liquid-glass-example
----------------------------------------
The "--name" option is deprecated (https://vercel.link/name-flag)
Loading scopes…
Searching for existing projects…
> No framework detected. Default Project Settings:

- Build Command: `npm run vercel-build` or `npm run build`
- Development Command: None
- Install Command: `yarn install`, `pnpm install`, `npm install`, or `bun install`
- Output Directory: `public` if it exists, or `.`
Linked to lekandigitals-projects/glasslab-liquid-glass-react-master-liquid-glass-react-master-liquid-glass-example (created .vercel and added it to .gitignore)
Deploying lekandigitals-projects/glasslab-liquid-glass-react-master-liquid-glass-react-master-liquid-glass-example
Uploading [--------------------] (0.0B/27.5KB)
Uploading [===========---------] (16.0KB/27.5KB)
Uploading [====================] (27.5KB/27.5KB)
Inspect: https://vercel.com/lekandigitals-projects/glasslab-liquid-glass-react-master-liquid-glass-react-master-liquid-glass-example/BgSVK5Vq7t48K7P9VM7kPDtJTRvd [2s]
Production: https://glasslab-liquid-glass-react-master-liquid-glass-reac-6dzduehvx.vercel.app [2s]
https://glasslab-liquid-glass-react-master-liquid-glass-reac-6dzduehvx.vercel.appBuilding...
Building...
Building: Running build in Washington, D.C., USA (East) – iad1
Building: Build machine configuration: 2 cores, 8 GB
Building: Retrieving list of deployment files...
Building: Previous build caches not available.
Building: Downloading 28 deployment files...
Building: Running "vercel build"
Building: Vercel CLI 55.0.0
Building: Build Completed in /vercel/output [376ms]
Building: Deploying outputs...
[2K[1A[2K[GProduction: https://glasslab-liquid-glass-react-master-liquid-glass-reac-6dzduehvx.vercel.app [8s]
Completing...
Aliased: https://glasslab-liquid-glass-react-master.vercel.app [8s]
