Running: vercel deploy --prod --yes --cwd /Users/lekan/Dev/glass-projects-lab/deployments/glasslab-liquidgl-main-liquidgl-main
CWD: /Users/lekan/Dev/glass-projects-lab/deployments/glasslab-liquidgl-main-liquidgl-main
----------------------------------------
Loading scopes…
Searching for existing projects…
> No framework detected. Default Project Settings:

- Build Command: `npm run vercel-build` or `npm run build`
- Development Command: None
- Install Command: `yarn install`, `pnpm install`, `npm install`, or `bun install`
- Output Directory: `public` if it exists, or `.`
Linked to lekandigitals-projects/glasslab-liquidgl-main-liquidgl-main (created .vercel and added it to .gitignore)
Deploying lekandigitals-projects/glasslab-liquidgl-main-liquidgl-main
Uploading [--------------------] (0.0B/939.8KB)
Uploading [=====---------------] (240.6KB/939.8KB)
Uploading [==========----------] (482.3KB/939.8KB)
Uploading [===============-----] (706.3KB/939.8KB)
Uploading [====================] (939.8KB/939.8KB)
Inspect: https://vercel.com/lekandigitals-projects/glasslab-liquidgl-main-liquidgl-main/wRNrnWC5srvxVNuYYUsT8Qu5Aebw [3s]
Production: https://glasslab-liquidgl-main-liquidgl-main-p5eazm3ua.vercel.app [3s]
https://glasslab-liquidgl-main-liquidgl-main-p5eazm3ua.vercel.appBuilding...
Building...
Building: Running build in Washington, D.C., USA (East) – iad1
Building: Build machine configuration: 2 cores, 8 GB
Building: Retrieving list of deployment files...
Building: Previous build caches not available.
Building: Downloading 35 deployment files...
Building: Running "vercel build"
Building: Vercel CLI 55.0.0
Building: Build Completed in /vercel/output [144ms]
Building: Deploying outputs...
[2K[1A[2K[GProduction: https://glasslab-liquidgl-main-liquidgl-main-p5eazm3ua.vercel.app [8s]
Completing...
Aliased: https://glasslab-liquidgl-main-liquidgl-mai.vercel.app [8s]
