Running: vercel deploy --prod --yes --cwd /Users/lekan/Dev/glass-projects-lab/deployments/glasslab-liquid-glass-switcher-css-1-liquid-glass-switcher-css-src --name glasslab-liquid-glass-switcher-css-1-liquid-glass-switcher-css-src
CWD: /Users/lekan/Dev/glass-projects-lab/deployments/glasslab-liquid-glass-switcher-css-1-liquid-glass-switcher-css-src
----------------------------------------
The "--name" option is deprecated (https://vercel.link/name-flag)
Loading scopes…
Searching for existing projects…
> No framework detected. Default Project Settings:

- Build Command: `npm run vercel-build` or `npm run build`
- Development Command: None
- Install Command: `yarn install`, `pnpm install`, `npm install`, or `bun install`
- Output Directory: `public` if it exists, or `.`
Linked to lekandigitals-projects/glasslab-liquid-glass-switcher-css-1-liquid-glass-switcher-css-src (created .vercel and added it to .gitignore)
Deploying lekandigitals-projects/glasslab-liquid-glass-switcher-css-1-liquid-glass-switcher-css-src
Inspect: https://vercel.com/lekandigitals-projects/glasslab-liquid-glass-switcher-css-1-liquid-glass-switcher-css-src/Hs5gkinNEKgNyaGadKDehUwA2bUQ [1s]
Production: https://glasslab-liquid-glass-switcher-css-1-liquid-glass-rcs6wopkv.vercel.app [1s]
https://glasslab-liquid-glass-switcher-css-1-liquid-glass-rcs6wopkv.vercel.appBuilding...
Building: Running build in Washington, D.C., USA (East) – iad1
Building: Build machine configuration: 2 cores, 8 GB
Building: Retrieving list of deployment files...
Building: Retrieving list of deployment files...
[2K[1A[2K[GProduction: https://glasslab-liquid-glass-switcher-css-1-liquid-glass-rcs6wopkv.vercel.app [4s]
Completing...
Aliased: https://glasslab-liquid-glass-switcher-css.vercel.app [4s]
