
Running: npm install
CWD: /Users/lekan/Dev/glass-projects-lab/deployments/glasslab-frontend-projects-main-frontend-projects-main-task-manager-app
----------------------------------------

up to date, audited 24 packages in 1s

1 package is looking for funding
  run `npm fund` for details

3 vulnerabilities (1 moderate, 1 high, 1 critical)

To address all issues, run:
  npm audit fix

Run `npm audit` for details.

Running: npm run build
CWD: /Users/lekan/Dev/glass-projects-lab/deployments/glasslab-frontend-projects-main-frontend-projects-main-task-manager-app
----------------------------------------

> task-manager-app@1.0.0 build
> if-env TYPE=server && (cd server && npm install) || (cd client && npm install && npm run build)


up to date, audited 1515 packages in 3s

235 packages are looking for funding
  run `npm fund` for details

73 vulnerabilities (17 low, 22 moderate, 31 high, 3 critical)

To address issues that do not require attention, run:
  npm audit fix

To address all issues (including breaking changes), run:
  npm audit fix --force

Run `npm audit` for details.

> task-manager-app@0.1.0 build
> react-scripts build

Creating an optimized production build...
Browserslist: caniuse-lite is outdated. Please run:
  npx update-browserslist-db@latest
  Why you should do it regularly: https://github.com/browserslist/update-db#readme
Browserslist: caniuse-lite is outdated. Please run:
  npx update-browserslist-db@latest
  Why you should do it regularly: https://github.com/browserslist/update-db#readme
Compiled with warnings.

Warning
(1507:3) autoprefixer: start value has mixed support, consider using flex-start instead

Warning
(1520:3) autoprefixer: start value has mixed support, consider using flex-start instead

[eslint] 
src/components/Auth.js
  Line 8:11:  'navigate' is assigned a value but never used  no-unused-vars

src/components/ListItem.js
  Line 64:52:  Unexpected string concatenation of literals  no-useless-concat

src/hooks/useAuth.ts
  Line 15:8:  React Hook useEffect has missing dependencies: 'addUser' and 'getItem'. Either include them or remove the dependency array  react-hooks/exhaustive-deps

src/pages/App.js
  Line 53:5:  React Hook useEffect has missing dependencies: 'fetchTasks' and 'fetchUserDetails'. Either include them or remove the dependency array  react-hooks/exhaustive-deps

src/pages/Profile.js
  Line 10:11:  'context' is assigned a value but never used                                                                         no-unused-vars
  Line 59:8:   React Hook useEffect has a missing dependency: 'fetchUserDetails'. Either include it or remove the dependency array  react-hooks/exhaustive-deps

Search for the keywords to learn more about each warning.
To ignore, add // eslint-disable-next-line to the line before.

File sizes after gzip:

  85.12 kB  build/static/js/main.8b5805bf.js
  5.03 kB   build/static/css/main.f4dd2295.css

The project was built assuming it is hosted at /.
You can control this with the homepage field in your package.json.

The build folder is ready to be deployed.
You may serve it with a static server:

  npm install -g serve
  serve -s build

Find out more about deployment here:

  https://cra.link/deployment

