
Running: vercel deploy --prod --yes --cwd /Users/lekan/Dev/glass-projects-lab/deployments/glasslab-liquid-glass-main-liquid-glass-main --name glasslab-liquid-glass-main-liquid-glass-main
CWD: /Users/lekan/Dev/glass-projects-lab/deployments/glasslab-liquid-glass-main-liquid-glass-main
----------------------------------------
The "--name" option is deprecated (https://vercel.link/name-flag)
Loading scopes…
Searching for existing projects…
Linked to lekandigitals-projects/glasslab-liquid-glass-main-liquid-glass-main (created .vercel)
Deploying lekandigitals-projects/glasslab-liquid-glass-main-liquid-glass-main
Inspect: https://vercel.com/lekandigitals-projects/glasslab-liquid-glass-main-liquid-glass-main/34g5vRYBp2kKphVh86N2v6ns542L [882ms]
Production: https://glasslab-liquid-glass-main-liquid-glass-main-328tl4by8.vercel.app [882ms]
https://glasslab-liquid-glass-main-liquid-glass-main-328tl4by8.vercel.appBuilding...
Building: Running build in Washington, D.C., USA (East) – iad1
Building: Build machine configuration: 2 cores, 8 GB
Building: Retrieving list of deployment files...
Building: Retrieving list of deployment files...
Building: Previous build caches not available.
Building: Downloading 11 deployment files...
Building: Running "vercel build"
Building: Vercel CLI 55.0.0
[2K[1A[2K[GProduction: https://glasslab-liquid-glass-main-liquid-glass-main-328tl4by8.vercel.app [4s]
Completing...
Aliased: https://glasslab-liquid-glass-main-liquid-g.vercel.app [4s]
