Running: vercel deploy --prod --yes --cwd /Users/lekan/Dev/glass-projects-lab/deployments/glasslab-pure-css-ios-26-liquid-glass-effect-pure-css-ios-26-liquid-glass-effect-src
CWD: /Users/lekan/Dev/glass-projects-lab/deployments/glasslab-pure-css-ios-26-liquid-glass-effect-pure-css-ios-26-liquid-glass-effect-src
----------------------------------------
Loading scopes…
Searching for existing projects…
> No framework detected. Default Project Settings:

- Build Command: `npm run vercel-build` or `npm run build`
- Development Command: None
- Install Command: `yarn install`, `pnpm install`, `npm install`, or `bun install`
- Output Directory: `public` if it exists, or `.`
Linked to lekandigitals-projects/glasslab-pure-css-ios-26-liquid-glass-effect-pure-css-ios-26-liquid-glass-effect-src (created .vercel and added it to .gitignore)
Deploying lekandigitals-projects/glasslab-pure-css-ios-26-liquid-glass-effect-pure-css-ios-26-liquid-glass-effect-src
Uploading [--------------------] (0.0B/37.1KB)
Uploading [========------------] (16.0KB/37.1KB)
Uploading [=================---] (32.0KB/37.1KB)
Uploading [=================---] (32.8KB/37.1KB)
Uploading [====================] (37.1KB/37.1KB)
Inspect: https://vercel.com/lekandigitals-projects/glasslab-pure-css-ios-26-liquid-glass-effect-pure-css-ios-26-liquid-glass-effect-src/ApxTE32QsjFPDBW6RexYKEwNrRQm [2s]
Production: https://glasslab-pure-css-ios-26-liquid-glass-effect-pure-ngakhktfi.vercel.app [2s]
https://glasslab-pure-css-ios-26-liquid-glass-effect-pure-ngakhktfi.vercel.appBuilding...
Building...
Building: Running build in Washington, D.C., USA (East) – iad1
Building: Build machine configuration: 2 cores, 8 GB
Building: Retrieving list of deployment files...
Building: Previous build caches not available.
Building: Downloading 4 deployment files...
[2K[1A[2K[GProduction: https://glasslab-pure-css-ios-26-liquid-glass-effect-pure-ngakhktfi.vercel.app [6s]
Completing...
Aliased: https://glasslab-pure-css-ios-26-liquid-gla.vercel.app [9s]
