
Running: npm install
CWD: /Users/lekan/Dev/glass-projects-lab/deployments/glasslab-frontend-projects-main-frontend-projects-main-prime-vue-project
----------------------------------------

up to date, audited 119 packages in 1s

17 packages are looking for funding
  run `npm fund` for details

7 vulnerabilities (2 moderate, 5 high)

To address all issues, run:
  npm audit fix

Run `npm audit` for details.

Running: npm run build
CWD: /Users/lekan/Dev/glass-projects-lab/deployments/glasslab-frontend-projects-main-frontend-projects-main-prime-vue-project
----------------------------------------

> prime-vue-project@0.0.0 build
> vue-tsc -b && vite build

vite v6.3.5 building for production...
transforming...
✓ 150 modules transformed.
rendering chunks...
computing gzip size...
dist/index.html                          0.46 kB │ gzip:   0.30 kB
dist/assets/primeicons-C6QP2o4f.woff2   35.15 kB
dist/assets/primeicons-MpK4pl85.ttf     84.98 kB
dist/assets/primeicons-WjwUDZjB.woff    85.06 kB
dist/assets/primeicons-DMOk5skT.eot     85.16 kB
dist/assets/primeicons-Dr5RGzOO.svg    342.53 kB │ gzip: 106.35 kB
dist/assets/index-C5Uk72q6.css          28.48 kB │ gzip:   6.68 kB
dist/assets/index-BfnSoal4.js          325.20 kB │ gzip:  74.47 kB
✓ built in 430ms
