Running: vercel deploy --prod --yes --cwd /Users/lekan/Dev/glass-projects-lab/deployments/glasslab-frontend-projects-main-frontend-projects-main-movie-instantsearch --name glasslab-frontend-projects-main-frontend-projects-main-movie-instantsearch
CWD: /Users/lekan/Dev/glass-projects-lab/deployments/glasslab-frontend-projects-main-frontend-projects-main-movie-instantsearch
----------------------------------------
The "--name" option is deprecated (https://vercel.link/name-flag)
Loading scopes…
Searching for existing projects…
> No framework detected. Default Project Settings:

- Build Command: `npm run vercel-build` or `npm run build`
- Development Command: None
- Install Command: `yarn install`, `pnpm install`, `npm install`, or `bun install`
- Output Directory: `public` if it exists, or `.`
Linked to lekandigitals-projects/glasslab-frontend-projects-main-frontend-projects-main-movie-instantsearch (created .vercel and added it to .gitignore)
Deploying lekandigitals-projects/glasslab-frontend-projects-main-frontend-projects-main-movie-instantsearch
Uploading [--------------------] (0.0B/101MB)
Uploading [=====---------------] (25.2MB/101MB)
Uploading [==========----------] (50.5MB/101MB)
Uploading [===============-----] (75.7MB/101MB)
Uploading [====================] (101.0MB/101MB)
Inspect: https://vercel.com/lekandigitals-projects/glasslab-frontend-projects-main-frontend-projects-main-movie-instantsearch/D3MaVyk9doC3ELVmMaUeBKJuGjwh [13s]
Production: https://glasslab-frontend-projects-main-frontend-projects-g6boog91z.vercel.app [13s]
https://glasslab-frontend-projects-main-frontend-projects-g6boog91z.vercel.appBuilding...
Building...
Building: Running build in Washington, D.C., USA (East) – iad1
Building: Build machine configuration: 2 cores, 8 GB
Building: Retrieving list of deployment files...
Building: Previous build caches not available.
Building: Downloading 244 deployment files...
Building: Running "vercel build"
Building: Vercel CLI 55.0.0
Building: Build Completed in /vercel/output [653ms]
Building: Deploying outputs...
[2K[1A[2K[GProduction: https://glasslab-frontend-projects-main-frontend-projects-g6boog91z.vercel.app [23s]
Completing...
Aliased: https://glasslab-frontend-projects-main-fro-six.vercel.app [23s]
