Running: vercel deploy --prod --yes --cwd /Users/lekan/Dev/glass-projects-lab/deployments/glasslab-pure-css-glassmorphism-liquid-glass-ui-kit-1-pure-css-glassmorphism-liquid-glass-ui-kit-src --name glasslab-pure-css-glassmorphism-liquid-glass-ui-kit-1-pure-css-glassmorphism-liquid-glass-ui-ki
CWD: /Users/lekan/Dev/glass-projects-lab/deployments/glasslab-pure-css-glassmorphism-liquid-glass-ui-kit-1-pure-css-glassmorphism-liquid-glass-ui-kit-src
----------------------------------------
The "--name" option is deprecated (https://vercel.link/name-flag)
Loading scopes…
Searching for existing projects…
> No framework detected. Default Project Settings:

- Build Command: `npm run vercel-build` or `npm run build`
- Development Command: None
- Install Command: `yarn install`, `pnpm install`, `npm install`, or `bun install`
- Output Directory: `public` if it exists, or `.`
Linked to lekandigitals-projects/glasslab-pure-css-glassmorphism-liquid-glass-ui-kit-1-pure-css-glassmorphism-liquid-glass-ui-ki (created .vercel and added it to .gitignore)
Deploying lekandigitals-projects/glasslab-pure-css-glassmorphism-liquid-glass-ui-kit-1-pure-css-glassmorphism-liquid-glass-ui-ki
Inspect: https://vercel.com/lekandigitals-projects/glasslab-pure-css-glassmorphism-liquid-glass-ui-kit-1-pure-css-glassmorphism-liquid-glass-ui-ki/6cBsENGoEBdcmRXDVb22JFnbXBch [1s]
Production: https://glasslab-pure-css-glassmorphism-liquid-glass-ui-kit-22a71bdsv.vercel.app [1s]
https://glasslab-pure-css-glassmorphism-liquid-glass-ui-kit-22a71bdsv.vercel.appBuilding...
Building...
[2K[1A[2K[GProduction: https://glasslab-pure-css-glassmorphism-liquid-glass-ui-kit-22a71bdsv.vercel.app [5s]
Completing...
Aliased: https://glasslab-pure-css-glassmorphism-liq.vercel.app [5s]
