Running: vercel deploy --prod --yes --cwd /Users/lekan/Dev/glass-projects-lab/deployments/glasslab-liquid-dom-master-1-liquid-dom-master-packages-three --name glasslab-liquid-dom-master-1-liquid-dom-master-packages-three
CWD: /Users/lekan/Dev/glass-projects-lab/deployments/glasslab-liquid-dom-master-1-liquid-dom-master-packages-three
----------------------------------------
The "--name" option is deprecated (https://vercel.link/name-flag)
Retrieving project…
Deploying lekandigitals-projects/glasslab-liquid-dom-master-1-liquid-dom-master-packages-three
Inspect: https://vercel.com/lekandigitals-projects/glasslab-liquid-dom-master-1-liquid-dom-master-packages-three/GCsHV6Za3HH9a6caaY2FMR4KHBQu [1s]
Production: https://glasslab-liquid-dom-master-1-liquid-dom-master-packa-igaqe7lnz.vercel.app [1s]
https://glasslab-liquid-dom-master-1-liquid-dom-master-packa-igaqe7lnz.vercel.appBuilding...
Building: Running build in Washington, D.C., USA (East) – iad1
Building: Build machine configuration: 2 cores, 8 GB
Building: Retrieving list of deployment files...
Building: Retrieving list of deployment files...
Building: Previous build caches not available.
Building: Downloading 239 deployment files...
Building: Running "vercel build"
Building: Vercel CLI 55.0.0
Building: Build Completed in /vercel/output [357ms]
Building: Deploying outputs...
[2K[1A[2K[GProduction: https://glasslab-liquid-dom-master-1-liquid-dom-master-packa-igaqe7lnz.vercel.app [8s]
Completing...
Aliased: https://glasslab-liquid-dom-master-1-liquid-eight.vercel.app [8s]
