Running: vercel deploy --prod --yes --cwd /Users/lekan/Dev/glass-projects-lab/deployments/glasslab-frontend-projects-main-frontend-projects-main-prime-vue-project --name glasslab-frontend-projects-main-frontend-projects-main-prime-vue-project
CWD: /Users/lekan/Dev/glass-projects-lab/deployments/glasslab-frontend-projects-main-frontend-projects-main-prime-vue-project
----------------------------------------
The "--name" option is deprecated (https://vercel.link/name-flag)
Loading scopes…
Searching for existing projects…
> No framework detected. Default Project Settings:

- Build Command: `npm run vercel-build` or `npm run build`
- Development Command: None
- Install Command: `yarn install`, `pnpm install`, `npm install`, or `bun install`
- Output Directory: `public` if it exists, or `.`
Linked to lekandigitals-projects/glasslab-frontend-projects-main-frontend-projects-main-prime-vue-project (created .vercel and added it to .gitignore)
Deploying lekandigitals-projects/glasslab-frontend-projects-main-frontend-projects-main-prime-vue-project
Uploading [--------------------] (0.0B/346.9KB)
Uploading [=====---------------] (91.8KB/346.9KB)
Uploading [==========----------] (189.3KB/346.9KB)
Uploading [===============-----] (269.3KB/346.9KB)
Uploading [====================] (346.9KB/346.9KB)
Inspect: https://vercel.com/lekandigitals-projects/glasslab-frontend-projects-main-frontend-projects-main-prime-vue-project/7nQwBp4D11rmu7ZyDZGwVW4u9DnR [3s]
Production: https://glasslab-frontend-projects-main-frontend-projects-nl8a7b1gx.vercel.app [3s]
https://glasslab-frontend-projects-main-frontend-projects-nl8a7b1gx.vercel.appBuilding...
Building...
Building: Running build in Washington, D.C., USA (East) – iad1
Building: Build machine configuration: 2 cores, 8 GB
Building: Retrieving list of deployment files...
Building: Previous build caches not available.
Building: Downloading 239 deployment files...
Building: Running "vercel build"
Building: Vercel CLI 55.0.0
Building: Build Completed in /vercel/output [282ms]
Building: Deploying outputs...
[2K[1A[2K[GProduction: https://glasslab-frontend-projects-main-frontend-projects-nl8a7b1gx.vercel.app [10s]
Completing...
Aliased: https://glasslab-frontend-projects-main-fro-ten.vercel.app [10s]
