Running: vercel deploy --prod --yes --cwd /Users/lekan/Dev/glass-projects-lab/deployments/glasslab-liquid-dom-master-1-liquid-dom-master-packages-r3f --name glasslab-liquid-dom-master-1-liquid-dom-master-packages-r3f
CWD: /Users/lekan/Dev/glass-projects-lab/deployments/glasslab-liquid-dom-master-1-liquid-dom-master-packages-r3f
----------------------------------------
The "--name" option is deprecated (https://vercel.link/name-flag)
Loading scopes…
Searching for existing projects…
> No framework detected. Default Project Settings:

- Build Command: `npm run vercel-build` or `npm run build`
- Development Command: None
- Install Command: `yarn install`, `pnpm install`, `npm install`, or `bun install`
- Output Directory: `public` if it exists, or `.`
Linked to lekandigitals-projects/glasslab-liquid-dom-master-1-liquid-dom-master-packages-r3f (created .vercel and added it to .gitignore)
Deploying lekandigitals-projects/glasslab-liquid-dom-master-1-liquid-dom-master-packages-r3f
Inspect: https://vercel.com/lekandigitals-projects/glasslab-liquid-dom-master-1-liquid-dom-master-packages-r3f/5aGwZAY64B8J444esvofURn1AFKx [1s]
Production: https://glasslab-liquid-dom-master-1-liquid-dom-master-packa-qevywopvb.vercel.app [1s]
https://glasslab-liquid-dom-master-1-liquid-dom-master-packa-qevywopvb.vercel.appBuilding...
Building...
Building: Running build in Washington, D.C., USA (East) – iad1
Building: Build machine configuration: 2 cores, 8 GB
Building: Retrieving list of deployment files...
Building: Previous build caches not available.
Building: Downloading 239 deployment files...
Building: Running "vercel build"
Building: Vercel CLI 55.0.0
Building: Build Completed in /vercel/output [280ms]
Building: Deploying outputs...
[2K[1A[2K[GProduction: https://glasslab-liquid-dom-master-1-liquid-dom-master-packa-qevywopvb.vercel.app [5s]
Completing...
Aliased: https://glasslab-liquid-dom-master-1-liquid-tau.vercel.app [5s]
