Running: vercel deploy --prod --yes --cwd /Users/lekan/Dev/glass-projects-lab/deployments/glasslab-slider-button-liquid-glass-apple-ios-262025-slider-button-liquid-glass-apple-ios-262025-src
CWD: /Users/lekan/Dev/glass-projects-lab/deployments/glasslab-slider-button-liquid-glass-apple-ios-262025-slider-button-liquid-glass-apple-ios-262025-src
----------------------------------------
Loading scopes…
Searching for existing projects…
> No framework detected. Default Project Settings:

- Build Command: `npm run vercel-build` or `npm run build`
- Development Command: None
- Install Command: `yarn install`, `pnpm install`, `npm install`, or `bun install`
- Output Directory: `public` if it exists, or `.`
Linked to lekandigitals-projects/glasslab-slider-button-liquid-glass-apple-ios-262025-slider-button-liquid-glass-apple-ios-262025-src (created .vercel and added it to .gitignore)
Deploying lekandigitals-projects/glasslab-slider-button-liquid-glass-apple-ios-262025-slider-button-liquid-glass-apple-ios-262025-src
Uploading [--------------------] (0.0B/7KB)
Uploading [======--------------] (2.2KB/7KB)
Uploading [=============-------] (4.6KB/7KB)
Uploading [===================-] (6.8KB/7KB)
Uploading [====================] (7.0KB/7KB)
Inspect: https://vercel.com/lekandigitals-projects/glasslab-slider-button-liquid-glass-apple-ios-262025-slider-button-liquid-glass-apple-ios-262025-src/EKdhyBUfpRVUW44se6rDBBRgW9Rt [2s]
Production: https://glasslab-slider-button-liquid-glass-apple-ios-262025-188upcvkm.vercel.app [2s]
https://glasslab-slider-button-liquid-glass-apple-ios-262025-188upcvkm.vercel.appBuilding...
Building...
Building: Running build in Washington, D.C., USA (East) – iad1
Building: Build machine configuration: 2 cores, 8 GB
Building: Retrieving list of deployment files...
Building: Previous build caches not available.
Building: Downloading 5 deployment files...
Building: Running "vercel build"
Building: Vercel CLI 55.0.0
Building: Build Completed in /vercel/output [26ms]
Building: Deploying outputs...
[2K[1A[2K[GProduction: https://glasslab-slider-button-liquid-glass-apple-ios-262025-188upcvkm.vercel.app [5s]
Completing...
Aliased: https://glasslab-slider-button-liquid-glass.vercel.app [5s]
