Running: vercel deploy --prod --yes --cwd /Users/lekan/Dev/glass-projects-lab/deployments/glasslab-apple-liquid-glass-1-apple-liquid-glass-src --name glasslab-apple-liquid-glass-1-apple-liquid-glass-src
CWD: /Users/lekan/Dev/glass-projects-lab/deployments/glasslab-apple-liquid-glass-1-apple-liquid-glass-src
----------------------------------------
The "--name" option is deprecated (https://vercel.link/name-flag)
Loading scopes…
Searching for existing projects…
> No framework detected. Default Project Settings:

- Build Command: `npm run vercel-build` or `npm run build`
- Development Command: None
- Install Command: `yarn install`, `pnpm install`, `npm install`, or `bun install`
- Output Directory: `public` if it exists, or `.`
Linked to lekandigitals-projects/glasslab-apple-liquid-glass-1-apple-liquid-glass-src (created .vercel and added it to .gitignore)
Deploying lekandigitals-projects/glasslab-apple-liquid-glass-1-apple-liquid-glass-src
Inspect: https://vercel.com/lekandigitals-projects/glasslab-apple-liquid-glass-1-apple-liquid-glass-src/9JMdFauUkUUuaBMaNi4L5koFmvSp [1s]
Production: https://glasslab-apple-liquid-glass-1-apple-liquid-glass-jknwz74mh.vercel.app [1s]
https://glasslab-apple-liquid-glass-1-apple-liquid-glass-jknwz74mh.vercel.appBuilding...
Building...
Building: Running build in Washington, D.C., USA (East) – iad1
Building: Build machine configuration: 2 cores, 8 GB
Building: Retrieving list of deployment files...
Building: Previous build caches not available.
Building: Downloading 5 deployment files...
[2K[1A[2K[GProduction: https://glasslab-apple-liquid-glass-1-apple-liquid-glass-jknwz74mh.vercel.app [4s]
Completing...
Aliased: https://glasslab-apple-liquid-glass-1-apple.vercel.app [4s]
