Running: vercel deploy --prod --yes --cwd /Users/lekan/Dev/glass-projects-lab/deployments/glasslab-liquid-glass-react-master-liquid-glass-react-master --name glasslab-liquid-glass-react-master-liquid-glass-react-master
CWD: /Users/lekan/Dev/glass-projects-lab/deployments/glasslab-liquid-glass-react-master-liquid-glass-react-master
----------------------------------------
The "--name" option is deprecated (https://vercel.link/name-flag)
Retrieving project…
Deploying lekandigitals-projects/glasslab-liquid-glass-react-master-liquid-glass-react-master
Inspect: https://vercel.com/lekandigitals-projects/glasslab-liquid-glass-react-master-liquid-glass-react-master/HZYgWAcAQK3fXjS5uyRZEh7i7ZJS [940ms]
Production: https://glasslab-liquid-glass-react-master-liquid-glass-reac-kxcgugkl4.vercel.app [940ms]
https://glasslab-liquid-glass-react-master-liquid-glass-reac-kxcgugkl4.vercel.appBuilding...
Building...
Building: Running build in Washington, D.C., USA (East) – iad1
Building: Build machine configuration: 2 cores, 8 GB
Building: Retrieving list of deployment files...
Building: Previous build caches not available.
Building: Downloading 35 deployment files...
Building: Running "vercel build"
Building: Vercel CLI 55.0.0
Building: Build Completed in /vercel/output [247ms]
Building: Deploying outputs...
[2K[1A[2K[GProduction: https://glasslab-liquid-glass-react-master-liquid-glass-reac-kxcgugkl4.vercel.app [8s]
Completing...
Aliased: https://glasslab-liquid-glass-react-master-theta.vercel.app [9s]
