Running: vercel deploy --prod --yes --cwd /Users/lekan/Dev/glass-projects-lab/deployments/glasslab-frontend-projects-main-frontend-projects-main-task-manager-app-client --name glasslab-frontend-projects-main-frontend-projects-main-task-manager-app-client
CWD: /Users/lekan/Dev/glass-projects-lab/deployments/glasslab-frontend-projects-main-frontend-projects-main-task-manager-app-client
----------------------------------------
The "--name" option is deprecated (https://vercel.link/name-flag)
Loading scopes…
Searching for existing projects…
> No framework detected. Default Project Settings:

- Build Command: `npm run vercel-build` or `npm run build`
- Development Command: None
- Install Command: `yarn install`, `pnpm install`, `npm install`, or `bun install`
- Output Directory: `public` if it exists, or `.`
Linked to lekandigitals-projects/glasslab-frontend-projects-main-frontend-projects-main-task-manager-app-client (created .vercel and added it to .gitignore)
Deploying lekandigitals-projects/glasslab-frontend-projects-main-frontend-projects-main-task-manager-app-client
Inspect: https://vercel.com/lekandigitals-projects/glasslab-frontend-projects-main-frontend-projects-main-task-manager-app-client/8Hrs6cpsb2zfXFhDBy5J2KdLSu2y [1s]
Production: https://glasslab-frontend-projects-main-frontend-projects-5s5n228bo.vercel.app [1s]
https://glasslab-frontend-projects-main-frontend-projects-5s5n228bo.vercel.appBuilding...
Building...
Building: Running build in Washington, D.C., USA (East) – iad1
Building: Build machine configuration: 2 cores, 8 GB
Building: Retrieving list of deployment files...
Building: Previous build caches not available.
Building: Downloading 248 deployment files...
[2K[1A[2K[GProduction: https://glasslab-frontend-projects-main-frontend-projects-5s5n228bo.vercel.app [6s]
Completing...
Aliased: https://glasslab-frontend-projects-main-fro-blue.vercel.app [6s]
