
Running: npm install
CWD: /Users/lekan/Dev/glass-projects-lab/deployments/glasslab-liquid-glass-react-master-liquid-glass-react-master
----------------------------------------

added 14 packages, and audited 15 packages in 2s

1 package is looking for funding
  run `npm fund` for details

1 moderate severity vulnerability

To address all issues (including breaking changes), run:
  npm audit fix --force

Run `npm audit` for details.

Running: npm run build
CWD: /Users/lekan/Dev/glass-projects-lab/deployments/glasslab-liquid-glass-react-master-liquid-glass-react-master
----------------------------------------

> liquid-glass-react@1.1.1 build
> npm run clean && npm run build:esm && npm run build:cjs && npm run build:types


> liquid-glass-react@1.1.1 clean
> rm -rf dist


> liquid-glass-react@1.1.1 build:esm
> esbuild src/index.tsx --bundle --format=esm --outfile=dist/index.esm.js --external:react --external:react-dom


  dist/index.esm.js  62.1kb

⚡ Done in 4ms

> liquid-glass-react@1.1.1 build:cjs
> esbuild src/index.tsx --bundle --format=cjs --outfile=dist/index.js --external:react --external:react-dom


  dist/index.js  64.2kb

⚡ Done in 2ms

> liquid-glass-react@1.1.1 build:types
> tsc --emitDeclarationOnly --outDir dist

