
Running: vercel deploy --prod --yes --cwd /Users/lekan/Dev/glass-projects-lab/deployments/glasslab-apple-liquid-glass-from-lucasromerodb-liquid-glass-effect-macos-apple-liquid-glass-from-lucasromerodb-liquid-glass-effect-macos-src --name glasslab-apple-liquid-glass-from-lucasromerodb-liquid-glass-effect-macos-apple-liquid-glass-fro
CWD: /Users/lekan/Dev/glass-projects-lab/deployments/glasslab-apple-liquid-glass-from-lucasromerodb-liquid-glass-effect-macos-apple-liquid-glass-from-lucasromerodb-liquid-glass-effect-macos-src
----------------------------------------
The "--name" option is deprecated (https://vercel.link/name-flag)
Retrieving project…
Deploying lekandigitals-projects/glasslab-apple-liquid-glass-from-lucasromerodb-liquid-glass-effect-macos-apple-liquid-glass-fro
Uploading [--------------------] (0.0B/3.3KB)
Uploading [====================] (3.3KB/3.3KB)
Inspect: https://vercel.com/lekandigitals-projects/glasslab-apple-liquid-glass-from-lucasromerodb-liquid-glass-effect-macos-apple-liquid-glass-fro/TJgM4bR4WTqFSgpwFSPUYWyoyPGA [2s]
Production: https://glasslab-apple-liquid-glass-from-lucasromerodb-liqui-8p36nscxg.vercel.app [2s]
https://glasslab-apple-liquid-glass-from-lucasromerodb-liqui-8p36nscxg.vercel.appBuilding...
Building...
Building: Running build in Washington, D.C., USA (East) – iad1
Building: Build machine configuration: 2 cores, 8 GB
Building: Retrieving list of deployment files...
Building: Previous build caches not available.
Building: Downloading 8 deployment files...
Building: Running "vercel build"
Building: Vercel CLI 55.0.0
[2K[1A[2K[GProduction: https://glasslab-apple-liquid-glass-from-lucasromerodb-liqui-8p36nscxg.vercel.app [6s]
Completing...
Aliased: https://glasslab-apple-liquid-glass-from-lu.vercel.app [6s]
