Running: npm run build
CWD: /Users/lekan/Dev/glass-projects-lab/deployments/glasslab-liquid-dom-master-1-liquid-dom-master-packages-layout/liquid-dom-master/packages/layout
----------------------------------------

> @liquid-dom/layout@0.2.0 build
> tsup

CLI Building entry: {"index":"src/index.ts","animation":"src/animation.ts","dom":"src/dom.ts"}
CLI Using tsconfig: tsconfig.json
CLI tsup v8.5.1
CLI Using tsup config: /Users/lekan/Dev/glass-projects-lab/deployments/glasslab-liquid-dom-master-1-liquid-dom-master-packages-layout/liquid-dom-master/packages/layout/tsup.config.ts
CLI Target: es2022
CLI Cleaning output folder
ESM Build start
CJS Build start
ESM dist/index.js              5.98 KB
ESM dist/dom.js                6.39 KB
ESM dist/chunk-I3UOQREZ.js     24.77 KB
ESM dist/animation.js          15.65 KB
ESM dist/index.js.map          11.04 KB
ESM dist/dom.js.map            11.63 KB
ESM dist/chunk-I3UOQREZ.js.map 50.62 KB
ESM dist/animation.js.map      31.94 KB
ESM ⚡️ Build success in 20ms
CJS dist/index.cjs         31.50 KB
CJS dist/dom.cjs           14.06 KB
CJS dist/animation.cjs     16.82 KB
CJS dist/animation.cjs.map 32.01 KB
CJS dist/dom.cjs.map       48.45 KB
CJS dist/index.cjs.map     62.49 KB
CJS ⚡️ Build success in 23ms
DTS Build start
DTS ⚡️ Build success in 1688ms
DTS dist/animation.d.ts         4.10 KB
DTS dist/dom.d.ts               1.14 KB
DTS dist/index.d.ts             1.78 KB
DTS dist/layouts-B1b_nsKA.d.ts  10.42 KB
DTS dist/animation.d.cts        4.10 KB
DTS dist/dom.d.cts              1.14 KB
DTS dist/index.d.cts            1.78 KB
DTS dist/layouts-B1b_nsKA.d.cts 10.42 KB
