Running: vercel deploy --prod --yes --cwd /Users/lekan/Dev/glass-projects-lab/deployments/glasslab-glass-model-1-glass-model-src
CWD: /Users/lekan/Dev/glass-projects-lab/deployments/glasslab-glass-model-1-glass-model-src
----------------------------------------
Loading scopes…
Searching for existing projects…
> No framework detected. Default Project Settings:

- Build Command: `npm run vercel-build` or `npm run build`
- Development Command: None
- Install Command: `yarn install`, `pnpm install`, `npm install`, or `bun install`
- Output Directory: `public` if it exists, or `.`
Linked to lekandigitals-projects/glasslab-glass-model-1-glass-model-src (created .vercel and added it to .gitignore)
Deploying lekandigitals-projects/glasslab-glass-model-1-glass-model-src
Inspect: https://vercel.com/lekandigitals-projects/glasslab-glass-model-1-glass-model-src/NWaMxooJXsRoZemyXjF6FXPtGwrA [978ms]
Production: https://glasslab-glass-model-1-glass-model-5pqoxxcm5.vercel.app [978ms]
https://glasslab-glass-model-1-glass-model-5pqoxxcm5.vercel.appBuilding...
Building: Running build in Washington, D.C., USA (East) – iad1
Building: Build machine configuration: 2 cores, 8 GB
Building: Retrieving list of deployment files...
Building: Previous build caches not available.
Building: Downloading 4 deployment files...
Building: Downloading 4 deployment files...
[2K[1A[2K[GProduction: https://glasslab-glass-model-1-glass-model-5pqoxxcm5.vercel.app [5s]
Completing...
Aliased: https://glasslab-glass-model-1-glass-model.vercel.app [5s]
