
Running: npm install
CWD: /Users/lekan/Dev/glass-projects-lab/deployments/glasslab-liquid-glass-scroll-drag-configure-chromium-liquid-glass-scroll-drag-configure-chromium-src
----------------------------------------
npm warn ERESOLVE overriding peer dependency
npm warn While resolving: @monogrid/gainmap-js@3.4.0
npm warn Found: three@0.150.1
npm warn node_modules/three
npm warn   three@"^0.150.0" from the root project
npm warn   9 more (@react-spring/three, @react-three/drei, ...)
npm warn
npm warn Could not resolve dependency:
npm warn peer three@">= 0.159.0" from @monogrid/gainmap-js@3.4.0
npm warn node_modules/@react-three/drei/node_modules/@monogrid/gainmap-js
npm warn   @monogrid/gainmap-js@"^3.0.6" from @react-three/drei@9.122.0
npm warn   node_modules/@react-three/drei
npm warn
npm warn Conflicting peer dependency: three@0.185.1
npm warn node_modules/three
npm warn   peer three@">= 0.159.0" from @monogrid/gainmap-js@3.4.0
npm warn   node_modules/@react-three/drei/node_modules/@monogrid/gainmap-js
npm warn     @monogrid/gainmap-js@"^3.0.6" from @react-three/drei@9.122.0
npm warn     node_modules/@react-three/drei
npm warn ERESOLVE overriding peer dependency
npm warn While resolving: three-mesh-bvh@0.7.8
npm warn Found: three@0.150.1
npm warn node_modules/three
npm warn   three@"^0.150.0" from the root project
npm warn   9 more (@react-spring/three, @react-three/drei, ...)
npm warn
npm warn Could not resolve dependency:
npm warn peer three@">= 0.151.0" from three-mesh-bvh@0.7.8
npm warn node_modules/@react-three/drei/node_modules/three-mesh-bvh
npm warn   three-mesh-bvh@"^0.7.8" from @react-three/drei@9.122.0
npm warn   node_modules/@react-three/drei
npm warn
npm warn Conflicting peer dependency: three@0.185.1
npm warn node_modules/three
npm warn   peer three@">= 0.151.0" from three-mesh-bvh@0.7.8
npm warn   node_modules/@react-three/drei/node_modules/three-mesh-bvh
npm warn     three-mesh-bvh@"^0.7.8" from @react-three/drei@9.122.0
npm warn     node_modules/@react-three/drei

up to date, audited 139 packages in 497ms

11 packages are looking for funding
  run `npm fund` for details

2 vulnerabilities (1 moderate, 1 high)

To address all issues (including breaking changes), run:
  npm audit fix --force

Run `npm audit` for details.

Running: npm run build
CWD: /Users/lekan/Dev/glass-projects-lab/deployments/glasslab-liquid-glass-scroll-drag-configure-chromium-liquid-glass-scroll-drag-configure-chromium-src
----------------------------------------

> glasslab-liquid-glass-scroll-drag-configure-chromium-liquid-glass-scroll-drag-configure-chromium-src@1.0.0 build
> vite build

vite v4.5.14 building for production...
transforming...
✓ 4 modules transformed.
warnings when minifying css:
▲ [WARNING] A nested style rule cannot start with "span" because it looks like the start of a declaration [css-syntax-error]

    <stdin>:34:6:
      34 │       span {
         │       ~~~~
         ╵       :is(span)

  To start a nested style rule with an identifier, you need to wrap the identifier in ":is(...)" to prevent the rule from being parsed as a declaration.


▲ [WARNING] A nested style rule cannot start with "img" because it looks like the start of a declaration [css-syntax-error]

    <stdin>:72:4:
      72 │     img {
         │     ~~~
         ╵     :is(img)

  To start a nested style rule with an identifier, you need to wrap the identifier in ":is(...)" to prevent the rule from being parsed as a declaration.


▲ [WARNING] A nested style rule cannot start with "img" because it looks like the start of a declaration [css-syntax-error]

    <stdin>:97:4:
      97 │     img {
         │     ~~~
         ╵     :is(img)

  To start a nested style rule with an identifier, you need to wrap the identifier in ":is(...)" to prevent the rule from being parsed as a declaration.


▲ [WARNING] A nested style rule cannot start with "span" because it looks like the start of a declaration [css-syntax-error]

    <stdin>:112:4:
      112 │     span {
          │     ~~~~
          ╵     :is(span)

  To start a nested style rule with an identifier, you need to wrap the identifier in ":is(...)" to prevent the rule from being parsed as a declaration.


▲ [WARNING] A nested style rule cannot start with "img" because it looks like the start of a declaration [css-syntax-error]

    <stdin>:151:4:
      151 │     img {
          │     ~~~
          ╵     :is(img)

  To start a nested style rule with an identifier, you need to wrap the identifier in ":is(...)" to prevent the rule from being parsed as a declaration.


▲ [WARNING] A nested style rule cannot start with "span" because it looks like the start of a declaration [css-syntax-error]

    <stdin>:235:6:
      235 │       span {
          │       ~~~~
          ╵       :is(span)

  To start a nested style rule with an identifier, you need to wrap the identifier in ":is(...)" to prevent the rule from being parsed as a declaration.


rendering chunks...
computing gzip size...
dist/index.html                 11.98 kB │ gzip: 4.09 kB
dist/assets/index-0dd73bd8.css   5.94 kB │ gzip: 2.12 kB
dist/assets/index-ab086246.js    8.19 kB │ gzip: 3.44 kB
✓ built in 64ms
