Running: vercel deploy --prod --yes --cwd /Users/lekan/Dev/glass-projects-lab/deployments/glasslab-liquid-dom-master-1-liquid-dom-master --name glasslab-liquid-dom-master-1-liquid-dom-master
CWD: /Users/lekan/Dev/glass-projects-lab/deployments/glasslab-liquid-dom-master-1-liquid-dom-master
----------------------------------------
The "--name" option is deprecated (https://vercel.link/name-flag)
Loading scopes…
Searching for existing projects…
> No framework detected. Default Project Settings:

- Build Command: `npm run vercel-build` or `npm run build`
- Development Command: None
- Install Command: `yarn install`, `pnpm install`, `npm install`, or `bun install`
- Output Directory: `public` if it exists, or `.`
Linked to lekandigitals-projects/glasslab-liquid-dom-master-1-liquid-dom-master (created .vercel and added it to .gitignore)
Deploying lekandigitals-projects/glasslab-liquid-dom-master-1-liquid-dom-master
Uploading [--------------------] (0.0B/10.4MB)
Uploading [=====---------------] (2.6MB/10.4MB)
Uploading [==========----------] (5.2MB/10.4MB)
Uploading [===============-----] (7.8MB/10.4MB)
Uploading [====================] (10.4MB/10.4MB)
Inspect: https://vercel.com/lekandigitals-projects/glasslab-liquid-dom-master-1-liquid-dom-master/FmWmZE22FcECBqcA6T8X2Y6pjton [4s]
Production: https://glasslab-liquid-dom-master-1-liquid-dom-master-ii9j9mkcm.vercel.app [4s]
https://glasslab-liquid-dom-master-1-liquid-dom-master-ii9j9mkcm.vercel.appBuilding...
Building...
Building: Running build in Washington, D.C., USA (East) – iad1
Building: Build machine configuration: 2 cores, 8 GB
Building: Retrieving list of deployment files...
Building: Previous build caches not available.
Building: Downloading 323 deployment files...
Building: Running "vercel build"
Building: Vercel CLI 55.0.0
Building: Build Completed in /vercel/output [329ms]
Building: Deploying outputs...
[2K[1A[2K[GProduction: https://glasslab-liquid-dom-master-1-liquid-dom-master-ii9j9mkcm.vercel.app [13s]
Completing...
Aliased: https://glasslab-liquid-dom-master-1-liquid.vercel.app [13s]
