
Running: vercel deploy --prod --yes --cwd /Users/lekan/Dev/glass-projects-lab/deployments/glasslab-frontend-projects-main-frontend-projects-main-advanced-javascript-class-word-guess-game-app-public --name glasslab-frontend-projects-main-frontend-projects-main-advanced-javascript-class-word-guess-gam
CWD: /Users/lekan/Dev/glass-projects-lab/deployments/glasslab-frontend-projects-main-frontend-projects-main-advanced-javascript-class-word-guess-game-app-public
----------------------------------------
The "--name" option is deprecated (https://vercel.link/name-flag)
Loading scopes…
Searching for existing projects…
Linked to lekandigitals-projects/glasslab-frontend-projects-main-frontend-projects-main-advanced-javascript-class-word-guess-gam (created .vercel and added it to .gitignore)
Deploying lekandigitals-projects/glasslab-frontend-projects-main-frontend-projects-main-advanced-javascript-class-word-guess-gam
Inspect: https://vercel.com/lekandigitals-projects/glasslab-frontend-projects-main-frontend-projects-main-advanced-javascript-class-word-guess-gam/4gbaycLUZCovWmKefLy8k5jTV187 [958ms]
Production: https://glasslab-frontend-projects-main-frontend-projects-os1y7u4di.vercel.app [959ms]
https://glasslab-frontend-projects-main-frontend-projects-os1y7u4di.vercel.appBuilding...
Building: Running build in Washington, D.C., USA (East) – iad1
Building: Build machine configuration: 2 cores, 8 GB
Building: Retrieving list of deployment files...
Building: Retrieving list of deployment files...
Building: Previous build caches not available.
Building: Downloading 6 deployment files...
Building: Running "vercel build"
Building: Vercel CLI 55.0.0
Building: Build Completed in /vercel/output [37ms]
Building: Deploying outputs...
[2K[1A[2K[GProduction: https://glasslab-frontend-projects-main-frontend-projects-os1y7u4di.vercel.app [7s]
Completing...
Aliased: https://glasslab-frontend-projects-main-fro-sigma.vercel.app [7s]
