
Running: pnpm install
CWD: /Users/lekan/Dev/glass-projects-lab/deployments/glasslab-liquid-glass-react-master-liquid-glass-react-master-liquid-glass-example
----------------------------------------
 WARN  The "workspaces" field in package.json is not supported by pnpm. Create a "pnpm-workspace.yaml" file instead.
Lockfile is up to date, resolution step is skipped
Already up to date

╭ Warning ─────────────────────────────────────────────────────────────────────╮
│                                                                              │
│   Ignored build scripts: @biomejs/biome@1.9.4, esbuild@0.19.12.              │
│   Run "pnpm approve-builds" to pick which dependencies should be allowed     │
│   to run scripts.                                                            │
│                                                                              │
╰──────────────────────────────────────────────────────────────────────────────╯
Done in 356ms using pnpm v10.30.3

Running: pnpm run build
CWD: /Users/lekan/Dev/glass-projects-lab/deployments/glasslab-liquid-glass-react-master-liquid-glass-react-master-liquid-glass-example
----------------------------------------
 WARN  The "workspaces" field in package.json is not supported by pnpm. Create a "pnpm-workspace.yaml" file instead.

> liquid-glass-react@1.1.1 build /Users/lekan/Dev/glass-projects-lab/deployments/glasslab-liquid-glass-react-master-liquid-glass-react-master-liquid-glass-example
> npm run clean && npm run build:esm && npm run build:cjs && npm run build:types

npm warn Unknown env config "npm-globalconfig". This will stop working in the next major version of npm. See `npm help npmrc` for supported config options.
npm warn Unknown env config "verify-deps-before-run". This will stop working in the next major version of npm. See `npm help npmrc` for supported config options.
npm warn Unknown env config "_jsr-registry". This will stop working in the next major version of npm. See `npm help npmrc` for supported config options.

> liquid-glass-react@1.1.1 clean
> rm -rf dist

npm warn Unknown env config "npm-globalconfig". This will stop working in the next major version of npm. See `npm help npmrc` for supported config options.
npm warn Unknown env config "verify-deps-before-run". This will stop working in the next major version of npm. See `npm help npmrc` for supported config options.
npm warn Unknown env config "_jsr-registry". This will stop working in the next major version of npm. See `npm help npmrc` for supported config options.

> liquid-glass-react@1.1.1 build:esm
> esbuild src/index.tsx --bundle --format=esm --outfile=dist/index.esm.js --external:react --external:react-dom


  dist/index.esm.js  62.1kb

⚡ Done in 14ms
npm warn Unknown env config "npm-globalconfig". This will stop working in the next major version of npm. See `npm help npmrc` for supported config options.
npm warn Unknown env config "verify-deps-before-run". This will stop working in the next major version of npm. See `npm help npmrc` for supported config options.
npm warn Unknown env config "_jsr-registry". This will stop working in the next major version of npm. See `npm help npmrc` for supported config options.

> liquid-glass-react@1.1.1 build:cjs
> esbuild src/index.tsx --bundle --format=cjs --outfile=dist/index.js --external:react --external:react-dom


  dist/index.js  64.2kb

⚡ Done in 3ms
npm warn Unknown env config "npm-globalconfig". This will stop working in the next major version of npm. See `npm help npmrc` for supported config options.
npm warn Unknown env config "verify-deps-before-run". This will stop working in the next major version of npm. See `npm help npmrc` for supported config options.
npm warn Unknown env config "_jsr-registry". This will stop working in the next major version of npm. See `npm help npmrc` for supported config options.

> liquid-glass-react@1.1.1 build:types
> tsc --emitDeclarationOnly --outDir dist

