
Running: vercel deploy --prod --yes --cwd /Users/lekan/Dev/glass-projects-lab/deployments/glasslab-frontend-projects-main-frontend-projects-main-task-manager-app-client-public --name glasslab-frontend-projects-main-frontend-projects-main-task-manager-app-client-public
CWD: /Users/lekan/Dev/glass-projects-lab/deployments/glasslab-frontend-projects-main-frontend-projects-main-task-manager-app-client-public
----------------------------------------
The "--name" option is deprecated (https://vercel.link/name-flag)
Loading scopes…
Searching for existing projects…
Linked to lekandigitals-projects/glasslab-frontend-projects-main-frontend-projects-main-task-manager-app-client-public (created .vercel and added it to .gitignore)
Deploying lekandigitals-projects/glasslab-frontend-projects-main-frontend-projects-main-task-manager-app-client-public
Inspect: https://vercel.com/lekandigitals-projects/glasslab-frontend-projects-main-frontend-projects-main-task-manager-app-client-public/ANfJAKA5xQbGeZcmjwQginU8qMZM [982ms]
Production: https://glasslab-frontend-projects-main-frontend-projects-lb0ssv9g0.vercel.app [982ms]
https://glasslab-frontend-projects-main-frontend-projects-lb0ssv9g0.vercel.appBuilding...
Building: Running build in Washington, D.C., USA (East) – iad1
Building: Build machine configuration: 2 cores, 8 GB
Building: Retrieving list of deployment files...
Building: Retrieving list of deployment files...
Building: Previous build caches not available.
Building: Downloading 8 deployment files...
Building: Running "vercel build"
Building: Vercel CLI 55.0.0
Building: Build Completed in /vercel/output [40ms]
Building: Deploying outputs...
[2K[1A[2K[GProduction: https://glasslab-frontend-projects-main-frontend-projects-lb0ssv9g0.vercel.app [7s]
Completing...
Aliased: https://glasslab-frontend-projects-main-fro-alpha.vercel.app [7s]
