Running: vercel deploy --prod --yes --cwd /Users/lekan/Dev/glass-projects-lab/deployments/glasslab-liquid-dom-master-1-liquid-dom-master-packages-react --name glasslab-liquid-dom-master-1-liquid-dom-master-packages-react
CWD: /Users/lekan/Dev/glass-projects-lab/deployments/glasslab-liquid-dom-master-1-liquid-dom-master-packages-react
----------------------------------------
The "--name" option is deprecated (https://vercel.link/name-flag)
Retrieving project…
Deploying lekandigitals-projects/glasslab-liquid-dom-master-1-liquid-dom-master-packages-react
Inspect: https://vercel.com/lekandigitals-projects/glasslab-liquid-dom-master-1-liquid-dom-master-packages-react/H2TLk2EfjKTeN8iHXdfPAbBFyNFW [1s]
Production: https://glasslab-liquid-dom-master-1-liquid-dom-master-packa-jk0mg0lhr.vercel.app [1s]
https://glasslab-liquid-dom-master-1-liquid-dom-master-packa-jk0mg0lhr.vercel.appBuilding...
Building...
Building: Running build in Washington, D.C., USA (East) – iad1
Building: Build machine configuration: 2 cores, 8 GB
Building: Retrieving list of deployment files...
Building: Previous build caches not available.
Building: Downloading 239 deployment files...
Building: Running "vercel build"
Building: Vercel CLI 55.0.0
Building: Build Completed in /vercel/output [201ms]
Building: Deploying outputs...
[2K[1A[2K[GProduction: https://glasslab-liquid-dom-master-1-liquid-dom-master-packa-jk0mg0lhr.vercel.app [6s]
Completing...
Aliased: https://glasslab-liquid-dom-master-1-liquid-jet.vercel.app [6s]
