
Running: vercel deploy --prod --yes --cwd /Users/lekan/Dev/glass-projects-lab/deployments/glasslab-frontend-projects-main-frontend-projects-main-prime-vue-project --name glasslab-frontend-projects-main-frontend-projects-main-prime-vue-project
CWD: /Users/lekan/Dev/glass-projects-lab/deployments/glasslab-frontend-projects-main-frontend-projects-main-prime-vue-project
----------------------------------------
The "--name" option is deprecated (https://vercel.link/name-flag)
Loading scopes…
Searching for existing projects…
Linked to lekandigitals-projects/glasslab-frontend-projects-main-frontend-projects-main-prime-vue-project (created .vercel and added it to .gitignore)
Deploying lekandigitals-projects/glasslab-frontend-projects-main-frontend-projects-main-prime-vue-project
Inspect: https://vercel.com/lekandigitals-projects/glasslab-frontend-projects-main-frontend-projects-main-prime-vue-project/HiUoTJcvaCobTFjdUDuzjvqhoJTw [1s]
Production: https://glasslab-frontend-projects-main-frontend-projects-cf1azfjef.vercel.app [1s]
https://glasslab-frontend-projects-main-frontend-projects-cf1azfjef.vercel.appBuilding...
Building: Running build in Washington, D.C., USA (East) – iad1
Building: Build machine configuration: 2 cores, 8 GB
Building: Retrieving list of deployment files...
Building: Previous build caches not available.
Building: Downloading 31 deployment files...
Building: Downloading 31 deployment files...
Building: Running "vercel build"
Building: Vercel CLI 55.0.0
Building: Installing dependencies...
Building: added 120 packages in 4s
Building: 18 packages are looking for funding
Building: run `npm fund` for details
Building: Running "npm run build"
Building: > prime-vue-project@0.0.0 build
Building: > vue-tsc -b && vite build
Building: vite v6.3.5 building for production...
Building: transforming...
[2K[1A[2K[GProduction: https://glasslab-frontend-projects-main-frontend-projects-cf1azfjef.vercel.app [17s]
Completing...
Aliased: https://glasslab-frontend-projects-main-fro-ten.vercel.app [17s]
