
Running: pnpm install
CWD: /Users/lekan/Dev/glass-projects-lab/deployments/glasslab-css-glass-main-css-glass-main
----------------------------------------
 WARN  Ignoring broken lockfile at /Users/lekan/Dev/glass-projects-lab/deployments/glasslab-css-glass-main-css-glass-main: Lockfile /Users/lekan/Dev/glass-projects-lab/deployments/glasslab-css-glass-main-css-glass-main/pnpm-lock.yaml not compatible with current pnpm
 WARN  deprecated nuxt@2.18.1: Nuxt 2 has reached EOL and is no longer actively maintained. See https://nuxt.com/blog/nuxt2-eol for more details.
Progress: resolved 1, reused 0, downloaded 0, added 0
Progress: resolved 98, reused 96, downloaded 0, added 0
Progress: resolved 502, reused 501, downloaded 0, added 0
Progress: resolved 873, reused 873, downloaded 0, added 0
 WARN  25 deprecated subdependencies found: @babel/plugin-proposal-class-properties@7.18.6, @babel/plugin-proposal-nullish-coalescing-operator@7.18.6, @babel/plugin-proposal-optional-chaining@7.21.0, @babel/plugin-proposal-private-methods@7.18.6, @babel/plugin-proposal-private-property-in-object@7.21.11, @npmcli/move-file@1.1.2, consolidate@0.15.1, copy-concurrently@1.0.5, figgy-pudding@3.5.2, fs-write-stream-atomic@1.0.10, fsevents@1.2.13, glob@7.2.3, glob@8.1.0, inflight@1.0.6, lodash.template@4.18.1, move-concurrently@1.0.1, resolve-url@0.2.1, rimraf@2.7.1, rimraf@3.0.2, source-map-resolve@0.5.3, source-map-url@0.4.1, stable@0.1.8, tar@6.2.1, urix@0.1.0, vue@2.7.16
Packages: +1170
++++++++++++++++++++++++++++++++++++++++++++++++++++++++++++++++++++++++++++++++
Progress: resolved 1170, reused 1170, downloaded 0, added 0
Progress: resolved 1170, reused 1170, downloaded 0, added 736
Progress: resolved 1170, reused 1170, downloaded 0, added 1170, done

dependencies:
+ nuxt 2.18.1 (4.4.8 is available) deprecated
+ vue-clipboard2 0.3.3
+ vue-color 2.8.2 (3.3.3 is available)
+ vue-slider-component 3.2.24

╭ Warning ─────────────────────────────────────────────────────────────────────╮
│                                                                              │
│   Ignored build scripts: core-js@3.49.0, fsevents@1.2.13, nuxt@2.18.1.       │
│   Run "pnpm approve-builds" to pick which dependencies should be allowed     │
│   to run scripts.                                                            │
│                                                                              │
╰──────────────────────────────────────────────────────────────────────────────╯
Done in 6.4s using pnpm v10.30.3

Running: npm run build
CWD: /Users/lekan/Dev/glass-projects-lab/deployments/glasslab-css-glass-main-css-glass-main
----------------------------------------
npm warn Unknown project config "auto-install-peers". This will stop working in the next major version of npm. See `npm help npmrc` for supported config options.

> glassmorphism-generator@1.0.0 build
> nuxt build

ℹ Production build
ℹ Bundling only for client side
ℹ Target: static
ℹ Using components loader to optimize imports
ℹ Discovered Components: .nuxt/components/readme.md
✔ Builder initialized
✔ Nuxt files generated
[webpackbar] ℹ Compiling Client
[webpackbar] ✔ Client: Compiled successfully in 1.64s

Hash: [1m354cd8ccd6f5332e5883[39m[22m
Version: webpack [1m4.47.0[39m[22m
Time: [1m1639[39m[22mms
Built at: 07/10/2026 [1m12:35:26 AM[39m[22m
                         [1mAsset[39m[22m       [1mSize[39m[22m             [1mChunks[39m[22m  [1m[39m[22m                       [1m[39m[22m[1mChunk Names[39m[22m
[1m[32m../server/client.manifest.json[39m[22m   12.2 KiB                   [1m[39m[22m  [1m[32m[emitted][39m[22m              
                    [1m[32m08fb027.js[39m[22m   2.04 KiB                  [1m5[39m[22m  [1m[32m[emitted] [immutable][39m[22m  components/apply-fox-banner
                    [1m[32m0bd547e.js[39m[22m     57 KiB                  [1m3[39m[22m  [1m[32m[emitted] [immutable][39m[22m  app
                    [1m[32m329df13.js[39m[22m    2.4 KiB                 [1m12[39m[22m  [1m[32m[emitted] [immutable][39m[22m  runtime
                    [1m[32m4116954.js[39m[22m   2.65 KiB                 [1m11[39m[22m  [1m[32m[emitted] [immutable][39m[22m  pages/index
                    [1m[32m4861f4a.js[39m[22m   2.07 KiB                 [1m10[39m[22m  [1m[32m[emitted] [immutable][39m[22m  components/u-x-canvas-banner
                    [1m[32m60aa729.js[39m[22m   3.92 KiB                  [1m6[39m[22m  [1m[32m[emitted] [immutable][39m[22m  components/color-picker
                    [1m[32m75f164c.js[39m[22m   98.8 KiB                  [1m0[39m[22m  [1m[32m[emitted] [immutable][39m[22m  vendors/components/color-picker/components/editor/pages/index
                    [1m[32m7c32d60.js[39m[22m    1.3 KiB                  [1m8[39m[22m  [1m[32m[emitted] [immutable][39m[22m  components/scattered-preview-panels
                    [1m[32m945491d.js[39m[22m    220 KiB                  [1m4[39m[22m  [1m[32m[emitted] [immutable][39m[22m  commons/app
                      [1m[32mLICENSES[39m[22m  425 bytes                   [1m[39m[22m  [1m[32m[emitted][39m[22m              
                    [1m[32mc1c3913.js[39m[22m     19 KiB  [1m2, 6, 7, 8, 9, 10[39m[22m  [1m[32m[emitted] [immutable][39m[22m  components/editor
                    [1m[32mc303ff3.js[39m[22m   1.72 KiB                  [1m9[39m[22m  [1m[32m[emitted] [immutable][39m[22m  components/slider
                    [1m[32md5645f0.js[39m[22m   53.5 KiB                  [1m1[39m[22m  [1m[32m[emitted] [immutable][39m[22m  vendors/components/editor/components/slider/pages/index
                    [1m[32md7f5bb8.js[39m[22m   3.31 KiB                  [1m7[39m[22m  [1m[32m[emitted] [immutable][39m[22m  components/preview
 + 1 hidden asset
Entrypoint [1mapp[39m[22m = [1m[32m329df13.js[39m[22m [1m[32m945491d.js[39m[22m [1m[32m0bd547e.js[39m[22m
ℹ Ready to run nuxt generate
