Running: vercel deploy --prod --yes --cwd /Users/lekan/Dev/glass-projects-lab/deployments/glasslab-liquid-glass-js-main-liquid-glass-js-main --name glasslab-liquid-glass-js-main-liquid-glass-js-main
CWD: /Users/lekan/Dev/glass-projects-lab/deployments/glasslab-liquid-glass-js-main-liquid-glass-js-main
----------------------------------------
The "--name" option is deprecated (https://vercel.link/name-flag)
Loading scopes…
Searching for existing projects…
> No framework detected. Default Project Settings:

- Build Command: `npm run vercel-build` or `npm run build`
- Development Command: None
- Install Command: `yarn install`, `pnpm install`, `npm install`, or `bun install`
- Output Directory: `public` if it exists, or `.`
Linked to lekandigitals-projects/glasslab-liquid-glass-js-main-liquid-glass-js-main (created .vercel and added it to .gitignore)
Deploying lekandigitals-projects/glasslab-liquid-glass-js-main-liquid-glass-js-main
Inspect: https://vercel.com/lekandigitals-projects/glasslab-liquid-glass-js-main-liquid-glass-js-main/CMKvnqEfST2stkCVhiBgnLu6a1v2 [2s]
Production: https://glasslab-liquid-glass-js-main-liquid-glass-js-main-aykrsyr9f.vercel.app [2s]
https://glasslab-liquid-glass-js-main-liquid-glass-js-main-aykrsyr9f.vercel.appBuilding...
Building...
Building: Running build in Washington, D.C., USA (East) – iad1
Building: Build machine configuration: 2 cores, 8 GB
Building: Retrieving list of deployment files...
Building: Previous build caches not available.
Building: Downloading 12 deployment files...
[2K[1A[2K[GProduction: https://glasslab-liquid-glass-js-main-liquid-glass-js-main-aykrsyr9f.vercel.app [6s]
Completing...
Aliased: https://glasslab-liquid-glass-js-main-liqui.vercel.app [6s]
