Running: vercel deploy --prod --yes --cwd /Users/lekan/Dev/glass-projects-lab/deployments/glasslab-frontend-projects-main-frontend-projects-main-liquid-glass-vue --name glasslab-frontend-projects-main-frontend-projects-main-liquid-glass-vue
CWD: /Users/lekan/Dev/glass-projects-lab/deployments/glasslab-frontend-projects-main-frontend-projects-main-liquid-glass-vue
----------------------------------------
The "--name" option is deprecated (https://vercel.link/name-flag)
Loading scopes…
Searching for existing projects…
> No framework detected. Default Project Settings:

- Build Command: `npm run vercel-build` or `npm run build`
- Development Command: None
- Install Command: `yarn install`, `pnpm install`, `npm install`, or `bun install`
- Output Directory: `public` if it exists, or `.`
Linked to lekandigitals-projects/glasslab-frontend-projects-main-frontend-projects-main-liquid-glass-vue (created .vercel and added it to .gitignore)
Deploying lekandigitals-projects/glasslab-frontend-projects-main-frontend-projects-main-liquid-glass-vue
Uploading [--------------------] (0.0B/157.7KB)
Uploading [======--------------] (48.4KB/157.7KB)
Uploading [==========----------] (83.2KB/157.7KB)
Uploading [================----] (131.2KB/157.7KB)
Uploading [====================] (157.7KB/157.7KB)
Inspect: https://vercel.com/lekandigitals-projects/glasslab-frontend-projects-main-frontend-projects-main-liquid-glass-vue/FG5cViCcgUJdxjTUs4KUvvgNzdHc [2s]
Production: https://glasslab-frontend-projects-main-frontend-projects-m6vphdowh.vercel.app [2s]
https://glasslab-frontend-projects-main-frontend-projects-m6vphdowh.vercel.appBuilding...
Building...
Building: Running build in Washington, D.C., USA (East) – iad1
Building: Build machine configuration: 2 cores, 8 GB
Building: Retrieving list of deployment files...
Building: Previous build caches not available.
Building: Downloading 237 deployment files...
Building: Running "vercel build"
Building: Vercel CLI 55.0.0
Building: Build Completed in /vercel/output [216ms]
[2K[1A[2K[GProduction: https://glasslab-frontend-projects-main-frontend-projects-m6vphdowh.vercel.app [7s]
Completing...
Aliased: https://glasslab-frontend-projects-main-fro-lilac.vercel.app [7s]
