
Running: vercel deploy --prod --yes --cwd /Users/lekan/Dev/glass-projects-lab/deployments/glasslab-liquid-glass-effect-liquid-glass-effect-src --name glasslab-liquid-glass-effect-liquid-glass-effect-src
CWD: /Users/lekan/Dev/glass-projects-lab/deployments/glasslab-liquid-glass-effect-liquid-glass-effect-src
----------------------------------------
The "--name" option is deprecated (https://vercel.link/name-flag)
Retrieving project…
Deploying lekandigitals-projects/glasslab-liquid-glass-effect-liquid-glass-effect-src
Uploading [--------------------] (0.0B/1.1KB)
Uploading [====================] (1.1KB/1.1KB)
Inspect: https://vercel.com/lekandigitals-projects/glasslab-liquid-glass-effect-liquid-glass-effect-src/9ABLPQFs6oFZj5uRzZuKRp3eYgQS [1s]
Production: https://glasslab-liquid-glass-effect-liquid-glass-effect-8nry0c02e.vercel.app [1s]
https://glasslab-liquid-glass-effect-liquid-glass-effect-8nry0c02e.vercel.appBuilding...
Building...
Building: Running build in Washington, D.C., USA (East) – iad1
Building: Build machine configuration: 2 cores, 8 GB
Building: Retrieving list of deployment files...
Building: Previous build caches not available.
Building: Downloading 11 deployment files...
[2K[1A[2K[GProduction: https://glasslab-liquid-glass-effect-liquid-glass-effect-8nry0c02e.vercel.app [5s]
Completing...
Aliased: https://glasslab-liquid-glass-effect-liquid.vercel.app [5s]
