
Running: vercel deploy --prod --yes --cwd /Users/lekan/Dev/glass-projects-lab/deployments/glasslab-frontend-projects-main-frontend-projects-main-tictactoe-public --name glasslab-frontend-projects-main-frontend-projects-main-tictactoe-public
CWD: /Users/lekan/Dev/glass-projects-lab/deployments/glasslab-frontend-projects-main-frontend-projects-main-tictactoe-public
----------------------------------------
The "--name" option is deprecated (https://vercel.link/name-flag)
Loading scopes…
Searching for existing projects…
Linked to lekandigitals-projects/glasslab-frontend-projects-main-frontend-projects-main-tictactoe-public (created .vercel and added it to .gitignore)
Deploying lekandigitals-projects/glasslab-frontend-projects-main-frontend-projects-main-tictactoe-public
Inspect: https://vercel.com/lekandigitals-projects/glasslab-frontend-projects-main-frontend-projects-main-tictactoe-public/23U7w3GBv2FV2boofZJD1VCeUVCs [880ms]
Production: https://glasslab-frontend-projects-main-frontend-projects-7g65eawkx.vercel.app [880ms]
https://glasslab-frontend-projects-main-frontend-projects-7g65eawkx.vercel.appBuilding...
Building...
Building: Running build in Washington, D.C., USA (East) – iad1
Building: Build machine configuration: 2 cores, 8 GB
Building: Retrieving list of deployment files...
Building: Previous build caches not available.
Building: Downloading 6 deployment files...
Building: Running "vercel build"
Building: Vercel CLI 55.0.0
[2K[1A[2K[GProduction: https://glasslab-frontend-projects-main-frontend-projects-7g65eawkx.vercel.app [7s]
Completing...
Aliased: https://glasslab-frontend-projects-main-fro-eight.vercel.app [7s]
