
Running: vercel deploy --prod --yes --cwd /Users/lekan/Dev/glass-projects-lab/deployments/glasslab-frontend-projects-main-frontend-projects-main-tictactoe-vanilla --name glasslab-frontend-projects-main-frontend-projects-main-tictactoe-vanilla
CWD: /Users/lekan/Dev/glass-projects-lab/deployments/glasslab-frontend-projects-main-frontend-projects-main-tictactoe-vanilla
----------------------------------------
The "--name" option is deprecated (https://vercel.link/name-flag)
Loading scopes…
Searching for existing projects…
Linked to lekandigitals-projects/glasslab-frontend-projects-main-frontend-projects-main-tictactoe-vanilla (created .vercel and added it to .gitignore)
Deploying lekandigitals-projects/glasslab-frontend-projects-main-frontend-projects-main-tictactoe-vanilla
Inspect: https://vercel.com/lekandigitals-projects/glasslab-frontend-projects-main-frontend-projects-main-tictactoe-vanilla/GxZt25s6w1e58jfegbdVJCMLEutQ [958ms]
Production: https://glasslab-frontend-projects-main-frontend-projects-lhzn51bxh.vercel.app [958ms]
https://glasslab-frontend-projects-main-frontend-projects-lhzn51bxh.vercel.appBuilding...
Building...
Building: Running build in Washington, D.C., USA (East) – iad1
Building: Build machine configuration: 2 cores, 8 GB
Building: Retrieving list of deployment files...
Building: Previous build caches not available.
Building: Downloading 3 deployment files...
Building: Running "vercel build"
Building: Vercel CLI 55.0.0
Building: Build Completed in /vercel/output [39ms]
Building: Deploying outputs...
Building: Deployment completed
Building: Creating build cache...
Building: Skipping cache upload because no files were prepared
[2K[1A[2K[GProduction: https://glasslab-frontend-projects-main-frontend-projects-lhzn51bxh.vercel.app [11s]
Completing...
Aliased: https://glasslab-frontend-projects-main-fro.vercel.app [11s]
