Running: vercel deploy --prod --yes --cwd /Users/lekan/Dev/glass-projects-lab/deployments/glasslab-liquid-glass-effect-wwdc25-liquid-glass-effect-wwdc25-src
CWD: /Users/lekan/Dev/glass-projects-lab/deployments/glasslab-liquid-glass-effect-wwdc25-liquid-glass-effect-wwdc25-src
----------------------------------------
Loading scopes…
Searching for existing projects…
> No framework detected. Default Project Settings:

- Build Command: `npm run vercel-build` or `npm run build`
- Development Command: None
- Install Command: `yarn install`, `pnpm install`, `npm install`, or `bun install`
- Output Directory: `public` if it exists, or `.`
Linked to lekandigitals-projects/glasslab-liquid-glass-effect-wwdc25-liquid-glass-effect-wwdc25-src (created .vercel and added it to .gitignore)
Deploying lekandigitals-projects/glasslab-liquid-glass-effect-wwdc25-liquid-glass-effect-wwdc25-src
Uploading [--------------------] (0.0B/6.3KB)
Uploading [=====---------------] (1.6KB/6.3KB)
Uploading [===================-] (6.1KB/6.3KB)
Uploading [====================] (6.3KB/6.3KB)
Inspect: https://vercel.com/lekandigitals-projects/glasslab-liquid-glass-effect-wwdc25-liquid-glass-effect-wwdc25-src/8LYTsFFRZJwFfemDwC9ERVNCxojX [2s]
Production: https://glasslab-liquid-glass-effect-wwdc25-liquid-glass-qyeesoxn8.vercel.app [2s]
https://glasslab-liquid-glass-effect-wwdc25-liquid-glass-qyeesoxn8.vercel.appBuilding...
Building...
Building: Running build in Washington, D.C., USA (East) – iad1
Building: Build machine configuration: 2 cores, 8 GB
Building: Retrieving list of deployment files...
Building: Previous build caches not available.
Building: Downloading 4 deployment files...
Building: Running "vercel build"
Building: Vercel CLI 55.0.0
[2K[1A[2K[GProduction: https://glasslab-liquid-glass-effect-wwdc25-liquid-glass-qyeesoxn8.vercel.app [5s]
Completing...
Aliased: https://glasslab-liquid-glass-effect-wwdc25.vercel.app [5s]
